[2022-02-15 15:44:21,952] {taskinstance.py:1032} INFO - Dependencies all met for <TaskInstance: data_ingestion_green_taxi_data.remove_temp_files scheduled__2020-07-01T00:00:00+00:00 [queued]>
[2022-02-15 15:44:21,972] {taskinstance.py:1032} INFO - Dependencies all met for <TaskInstance: data_ingestion_green_taxi_data.remove_temp_files scheduled__2020-07-01T00:00:00+00:00 [queued]>
[2022-02-15 15:44:21,972] {taskinstance.py:1238} INFO - 
--------------------------------------------------------------------------------
[2022-02-15 15:44:21,972] {taskinstance.py:1239} INFO - Starting attempt 1 of 2
[2022-02-15 15:44:21,973] {taskinstance.py:1240} INFO - 
--------------------------------------------------------------------------------
[2022-02-15 15:44:22,009] {taskinstance.py:1259} INFO - Executing <Task(BashOperator): remove_temp_files> on 2020-07-01 00:00:00+00:00
[2022-02-15 15:44:22,012] {standard_task_runner.py:52} INFO - Started process 1079 to run task
[2022-02-15 15:44:22,023] {standard_task_runner.py:76} INFO - Running: ['***', 'tasks', 'run', 'data_ingestion_green_taxi_data', 'remove_temp_files', 'scheduled__2020-07-01T00:00:00+00:00', '--job-id', '233', '--raw', '--subdir', 'DAGS_FOLDER/ingest_green_taxi_data.py', '--cfg-path', '/tmp/tmpao3dlxy0', '--error-file', '/tmp/tmpwf0ewz1o']
[2022-02-15 15:44:22,030] {standard_task_runner.py:77} INFO - Job 233: Subtask remove_temp_files
[2022-02-15 15:44:22,213] {logging_mixin.py:109} INFO - Running <TaskInstance: data_ingestion_green_taxi_data.remove_temp_files scheduled__2020-07-01T00:00:00+00:00 [running]> on host 883ba1f1f430
[2022-02-15 15:44:22,299] {logging_mixin.py:109} WARNING - /home/***/.local/lib/python3.7/site-packages/***/utils/context.py:152 AirflowContextDeprecationWarning: Accessing 'execution_date' from the template is deprecated and will be removed in a future version. Please use 'data_interval_start' or 'logical_date' instead.
[2022-02-15 15:44:22,340] {taskinstance.py:1426} INFO - Exporting the following env vars:
AIRFLOW_CTX_DAG_OWNER=***
AIRFLOW_CTX_DAG_ID=data_ingestion_green_taxi_data
AIRFLOW_CTX_TASK_ID=remove_temp_files
AIRFLOW_CTX_EXECUTION_DATE=2020-07-01T00:00:00+00:00
AIRFLOW_CTX_DAG_RUN_ID=scheduled__2020-07-01T00:00:00+00:00
[2022-02-15 15:44:22,342] {subprocess.py:62} INFO - Tmp dir root location: 
 /tmp
[2022-02-15 15:44:22,344] {subprocess.py:74} INFO - Running command: ['bash', '-c', 'rm /opt/***/green_tripdata_2020-07.csv /opt/***/green_tripdata_2020-07.parquet']
[2022-02-15 15:44:22,353] {subprocess.py:85} INFO - Output:
[2022-02-15 15:44:22,363] {subprocess.py:93} INFO - Command exited with return code 0
[2022-02-15 15:44:22,399] {taskinstance.py:1277} INFO - Marking task as SUCCESS. dag_id=data_ingestion_green_taxi_data, task_id=remove_temp_files, execution_date=20200701T000000, start_date=20220215T154421, end_date=20220215T154422
[2022-02-15 15:44:22,448] {local_task_job.py:154} INFO - Task exited with return code 0
[2022-02-15 15:44:22,506] {local_task_job.py:264} INFO - 0 downstream tasks scheduled from follow-on schedule check
