[2022-02-02 12:48:26,046] {taskinstance.py:1032} INFO - Dependencies all met for <TaskInstance: data_ingestion_yellow_taxi_data.format_to_parquet_task scheduled__2019-09-01T00:00:00+00:00 [queued]>
[2022-02-02 12:48:26,058] {taskinstance.py:1032} INFO - Dependencies all met for <TaskInstance: data_ingestion_yellow_taxi_data.format_to_parquet_task scheduled__2019-09-01T00:00:00+00:00 [queued]>
[2022-02-02 12:48:26,058] {taskinstance.py:1238} INFO - 
--------------------------------------------------------------------------------
[2022-02-02 12:48:26,058] {taskinstance.py:1239} INFO - Starting attempt 1 of 2
[2022-02-02 12:48:26,058] {taskinstance.py:1240} INFO - 
--------------------------------------------------------------------------------
[2022-02-02 12:48:26,086] {taskinstance.py:1259} INFO - Executing <Task(PythonOperator): format_to_parquet_task> on 2019-09-01 00:00:00+00:00
[2022-02-02 12:48:26,106] {standard_task_runner.py:52} INFO - Started process 1207 to run task
[2022-02-02 12:48:26,134] {standard_task_runner.py:76} INFO - Running: ['***', 'tasks', 'run', 'data_ingestion_yellow_taxi_data', 'format_to_parquet_task', 'scheduled__2019-09-01T00:00:00+00:00', '--job-id', '44', '--raw', '--subdir', 'DAGS_FOLDER/ingest_yellow_taxi_data.py', '--cfg-path', '/tmp/tmpn8pahupc', '--error-file', '/tmp/tmp5l_9u6wu']
[2022-02-02 12:48:26,135] {standard_task_runner.py:77} INFO - Job 44: Subtask format_to_parquet_task
[2022-02-02 12:48:26,270] {logging_mixin.py:109} INFO - Running <TaskInstance: data_ingestion_yellow_taxi_data.format_to_parquet_task scheduled__2019-09-01T00:00:00+00:00 [running]> on host 883ba1f1f430
[2022-02-02 12:48:26,379] {logging_mixin.py:109} WARNING - /home/***/.local/lib/python3.7/site-packages/***/utils/context.py:152 AirflowContextDeprecationWarning: Accessing 'execution_date' from the template is deprecated and will be removed in a future version. Please use 'data_interval_start' or 'logical_date' instead.
[2022-02-02 12:48:26,406] {taskinstance.py:1426} INFO - Exporting the following env vars:
AIRFLOW_CTX_DAG_OWNER=***
AIRFLOW_CTX_DAG_ID=data_ingestion_yellow_taxi_data
AIRFLOW_CTX_TASK_ID=format_to_parquet_task
AIRFLOW_CTX_EXECUTION_DATE=2019-09-01T00:00:00+00:00
AIRFLOW_CTX_DAG_RUN_ID=scheduled__2019-09-01T00:00:00+00:00
[2022-02-02 12:48:38,995] {python.py:175} INFO - Done. Returned value was: None
[2022-02-02 12:48:39,093] {taskinstance.py:1277} INFO - Marking task as SUCCESS. dag_id=data_ingestion_yellow_taxi_data, task_id=format_to_parquet_task, execution_date=20190901T000000, start_date=20220202T124826, end_date=20220202T124839
[2022-02-02 12:48:39,178] {local_task_job.py:154} INFO - Task exited with return code 0
[2022-02-02 12:48:39,241] {local_task_job.py:264} INFO - 1 downstream tasks scheduled from follow-on schedule check
