[2022-02-02 12:41:21,310] {taskinstance.py:1032} INFO - Dependencies all met for <TaskInstance: data_ingestion_yellow_taxi_data.download_dataset_task scheduled__2019-08-01T00:00:00+00:00 [queued]>
[2022-02-02 12:41:21,350] {taskinstance.py:1032} INFO - Dependencies all met for <TaskInstance: data_ingestion_yellow_taxi_data.download_dataset_task scheduled__2019-08-01T00:00:00+00:00 [queued]>
[2022-02-02 12:41:21,351] {taskinstance.py:1238} INFO - 
--------------------------------------------------------------------------------
[2022-02-02 12:41:21,351] {taskinstance.py:1239} INFO - Starting attempt 1 of 2
[2022-02-02 12:41:21,351] {taskinstance.py:1240} INFO - 
--------------------------------------------------------------------------------
[2022-02-02 12:41:21,393] {taskinstance.py:1259} INFO - Executing <Task(BashOperator): download_dataset_task> on 2019-08-01 00:00:00+00:00
[2022-02-02 12:41:21,396] {standard_task_runner.py:52} INFO - Started process 993 to run task
[2022-02-02 12:41:21,415] {standard_task_runner.py:76} INFO - Running: ['***', 'tasks', 'run', 'data_ingestion_yellow_taxi_data', 'download_dataset_task', 'scheduled__2019-08-01T00:00:00+00:00', '--job-id', '35', '--raw', '--subdir', 'DAGS_FOLDER/ingest_yellow_taxi_data.py', '--cfg-path', '/tmp/tmpl6jc299n', '--error-file', '/tmp/tmpdh8bsez9']
[2022-02-02 12:41:21,416] {standard_task_runner.py:77} INFO - Job 35: Subtask download_dataset_task
[2022-02-02 12:41:21,572] {logging_mixin.py:109} INFO - Running <TaskInstance: data_ingestion_yellow_taxi_data.download_dataset_task scheduled__2019-08-01T00:00:00+00:00 [running]> on host 883ba1f1f430
[2022-02-02 12:41:21,657] {logging_mixin.py:109} WARNING - /home/***/.local/lib/python3.7/site-packages/***/utils/context.py:152 AirflowContextDeprecationWarning: Accessing 'execution_date' from the template is deprecated and will be removed in a future version. Please use 'data_interval_start' or 'logical_date' instead.
[2022-02-02 12:41:21,734] {taskinstance.py:1426} INFO - Exporting the following env vars:
AIRFLOW_CTX_DAG_OWNER=***
AIRFLOW_CTX_DAG_ID=data_ingestion_yellow_taxi_data
AIRFLOW_CTX_TASK_ID=download_dataset_task
AIRFLOW_CTX_EXECUTION_DATE=2019-08-01T00:00:00+00:00
AIRFLOW_CTX_DAG_RUN_ID=scheduled__2019-08-01T00:00:00+00:00
[2022-02-02 12:41:21,735] {subprocess.py:62} INFO - Tmp dir root location: 
 /tmp
[2022-02-02 12:41:21,736] {subprocess.py:74} INFO - Running command: ['bash', '-c', 'curl -sSLf https://s3.amazonaws.com/nyc-tlc/trip+data/yellow_tripdata_2019-08.csv > /opt/***/yellow_tripdata_2019-08.csv']
[2022-02-02 12:41:21,743] {subprocess.py:85} INFO - Output:
[2022-02-02 12:44:15,819] {subprocess.py:93} INFO - Command exited with return code 0
[2022-02-02 12:44:15,862] {taskinstance.py:1277} INFO - Marking task as SUCCESS. dag_id=data_ingestion_yellow_taxi_data, task_id=download_dataset_task, execution_date=20190801T000000, start_date=20220202T124121, end_date=20220202T124415
[2022-02-02 12:44:15,898] {local_task_job.py:154} INFO - Task exited with return code 0
[2022-02-02 12:44:15,956] {local_task_job.py:264} INFO - 1 downstream tasks scheduled from follow-on schedule check
