[2022-02-02 14:07:30,914] {processor.py:163} INFO - Started process (PID=4187) to work on /opt/airflow/dags/ingest_taxi_zone_data.py
[2022-02-02 14:07:30,914] {processor.py:642} INFO - Processing file /opt/airflow/dags/ingest_taxi_zone_data.py for tasks to queue
[2022-02-02 14:07:30,915] {logging_mixin.py:109} INFO - [2022-02-02 14:07:30,915] {dagbag.py:500} INFO - Filling up the DagBag from /opt/airflow/dags/ingest_taxi_zone_data.py
[2022-02-02 14:07:31,088] {processor.py:654} INFO - DAG(s) dict_keys(['data_ingestion_for_taxi_zone']) retrieved from /opt/airflow/dags/ingest_taxi_zone_data.py
[2022-02-02 14:07:33,291] {logging_mixin.py:109} INFO - [2022-02-02 14:07:33,291] {manager.py:496} INFO - Created Permission View: can read on DAG:data_ingestion_for_taxi_zone
[2022-02-02 14:07:33,300] {logging_mixin.py:109} INFO - [2022-02-02 14:07:33,300] {manager.py:496} INFO - Created Permission View: can edit on DAG:data_ingestion_for_taxi_zone
[2022-02-02 14:07:33,301] {logging_mixin.py:109} INFO - [2022-02-02 14:07:33,301] {dag.py:2396} INFO - Sync 1 DAGs
[2022-02-02 14:07:33,306] {logging_mixin.py:109} INFO - [2022-02-02 14:07:33,306] {dag.py:2415} INFO - Creating ORM DAG for data_ingestion_for_taxi_zone
[2022-02-02 14:07:33,313] {logging_mixin.py:109} INFO - [2022-02-02 14:07:33,312] {dag.py:2935} INFO - Setting next_dagrun for data_ingestion_for_taxi_zone to 2022-01-01T00:00:00+00:00
[2022-02-02 14:07:33,324] {processor.py:171} INFO - Processing /opt/airflow/dags/ingest_taxi_zone_data.py took 2.413 seconds
[2022-02-02 14:08:03,478] {processor.py:163} INFO - Started process (PID=4211) to work on /opt/airflow/dags/ingest_taxi_zone_data.py
[2022-02-02 14:08:03,479] {processor.py:642} INFO - Processing file /opt/airflow/dags/ingest_taxi_zone_data.py for tasks to queue
[2022-02-02 14:08:03,480] {logging_mixin.py:109} INFO - [2022-02-02 14:08:03,479] {dagbag.py:500} INFO - Filling up the DagBag from /opt/airflow/dags/ingest_taxi_zone_data.py
[2022-02-02 14:08:03,626] {processor.py:654} INFO - DAG(s) dict_keys(['data_ingestion_for_taxi_zone']) retrieved from /opt/airflow/dags/ingest_taxi_zone_data.py
[2022-02-02 14:08:03,633] {logging_mixin.py:109} INFO - [2022-02-02 14:08:03,633] {dag.py:2396} INFO - Sync 1 DAGs
[2022-02-02 14:08:03,645] {logging_mixin.py:109} INFO - [2022-02-02 14:08:03,645] {dag.py:2935} INFO - Setting next_dagrun for data_ingestion_for_taxi_zone to 2022-01-01T00:00:00+00:00
[2022-02-02 14:08:03,665] {processor.py:171} INFO - Processing /opt/airflow/dags/ingest_taxi_zone_data.py took 0.190 seconds
[2022-02-02 14:08:33,814] {processor.py:163} INFO - Started process (PID=4253) to work on /opt/airflow/dags/ingest_taxi_zone_data.py
[2022-02-02 14:08:33,829] {processor.py:642} INFO - Processing file /opt/airflow/dags/ingest_taxi_zone_data.py for tasks to queue
[2022-02-02 14:08:33,829] {logging_mixin.py:109} INFO - [2022-02-02 14:08:33,829] {dagbag.py:500} INFO - Filling up the DagBag from /opt/airflow/dags/ingest_taxi_zone_data.py
[2022-02-02 14:08:34,058] {processor.py:654} INFO - DAG(s) dict_keys(['data_ingestion_for_taxi_zone']) retrieved from /opt/airflow/dags/ingest_taxi_zone_data.py
[2022-02-02 14:08:34,071] {logging_mixin.py:109} INFO - [2022-02-02 14:08:34,070] {dag.py:2396} INFO - Sync 1 DAGs
[2022-02-02 14:08:34,087] {logging_mixin.py:109} INFO - [2022-02-02 14:08:34,087] {dag.py:2935} INFO - Setting next_dagrun for data_ingestion_for_taxi_zone to None
[2022-02-02 14:08:34,097] {processor.py:171} INFO - Processing /opt/airflow/dags/ingest_taxi_zone_data.py took 0.288 seconds
[2022-02-02 14:09:04,421] {processor.py:163} INFO - Started process (PID=4277) to work on /opt/airflow/dags/ingest_taxi_zone_data.py
[2022-02-02 14:09:04,422] {processor.py:642} INFO - Processing file /opt/airflow/dags/ingest_taxi_zone_data.py for tasks to queue
[2022-02-02 14:09:04,423] {logging_mixin.py:109} INFO - [2022-02-02 14:09:04,423] {dagbag.py:500} INFO - Filling up the DagBag from /opt/airflow/dags/ingest_taxi_zone_data.py
[2022-02-02 14:09:04,627] {processor.py:654} INFO - DAG(s) dict_keys(['data_ingestion_for_taxi_zone']) retrieved from /opt/airflow/dags/ingest_taxi_zone_data.py
[2022-02-02 14:09:04,637] {logging_mixin.py:109} INFO - [2022-02-02 14:09:04,636] {dag.py:2396} INFO - Sync 1 DAGs
[2022-02-02 14:09:04,654] {logging_mixin.py:109} INFO - [2022-02-02 14:09:04,654] {dag.py:2935} INFO - Setting next_dagrun for data_ingestion_for_taxi_zone to None
[2022-02-02 14:09:04,676] {processor.py:171} INFO - Processing /opt/airflow/dags/ingest_taxi_zone_data.py took 0.257 seconds
[2022-02-02 14:09:34,972] {processor.py:163} INFO - Started process (PID=4301) to work on /opt/airflow/dags/ingest_taxi_zone_data.py
[2022-02-02 14:09:34,985] {processor.py:642} INFO - Processing file /opt/airflow/dags/ingest_taxi_zone_data.py for tasks to queue
[2022-02-02 14:09:34,987] {logging_mixin.py:109} INFO - [2022-02-02 14:09:34,986] {dagbag.py:500} INFO - Filling up the DagBag from /opt/airflow/dags/ingest_taxi_zone_data.py
[2022-02-02 14:09:35,140] {processor.py:654} INFO - DAG(s) dict_keys(['data_ingestion_for_taxi_zone']) retrieved from /opt/airflow/dags/ingest_taxi_zone_data.py
[2022-02-02 14:09:35,148] {logging_mixin.py:109} INFO - [2022-02-02 14:09:35,147] {dag.py:2396} INFO - Sync 1 DAGs
[2022-02-02 14:09:35,159] {logging_mixin.py:109} INFO - [2022-02-02 14:09:35,159] {dag.py:2935} INFO - Setting next_dagrun for data_ingestion_for_taxi_zone to None
[2022-02-02 14:09:35,179] {processor.py:171} INFO - Processing /opt/airflow/dags/ingest_taxi_zone_data.py took 0.210 seconds
[2022-02-02 14:10:05,405] {processor.py:163} INFO - Started process (PID=4325) to work on /opt/airflow/dags/ingest_taxi_zone_data.py
[2022-02-02 14:10:05,406] {processor.py:642} INFO - Processing file /opt/airflow/dags/ingest_taxi_zone_data.py for tasks to queue
[2022-02-02 14:10:05,407] {logging_mixin.py:109} INFO - [2022-02-02 14:10:05,407] {dagbag.py:500} INFO - Filling up the DagBag from /opt/airflow/dags/ingest_taxi_zone_data.py
[2022-02-02 14:10:05,551] {processor.py:654} INFO - DAG(s) dict_keys(['data_ingestion_for_taxi_zone']) retrieved from /opt/airflow/dags/ingest_taxi_zone_data.py
[2022-02-02 14:10:05,559] {logging_mixin.py:109} INFO - [2022-02-02 14:10:05,558] {dag.py:2396} INFO - Sync 1 DAGs
[2022-02-02 14:10:05,570] {logging_mixin.py:109} INFO - [2022-02-02 14:10:05,570] {dag.py:2935} INFO - Setting next_dagrun for data_ingestion_for_taxi_zone to None
[2022-02-02 14:10:05,592] {processor.py:171} INFO - Processing /opt/airflow/dags/ingest_taxi_zone_data.py took 0.189 seconds
