[2022-02-02 13:02:24,457] {taskinstance.py:1032} INFO - Dependencies all met for <TaskInstance: data_ingestion_yellow_taxi_data.format_to_parquet_task scheduled__2020-08-01T00:00:00+00:00 [queued]>
[2022-02-02 13:02:24,465] {taskinstance.py:1032} INFO - Dependencies all met for <TaskInstance: data_ingestion_yellow_taxi_data.format_to_parquet_task scheduled__2020-08-01T00:00:00+00:00 [queued]>
[2022-02-02 13:02:24,465] {taskinstance.py:1238} INFO - 
--------------------------------------------------------------------------------
[2022-02-02 13:02:24,465] {taskinstance.py:1239} INFO - Starting attempt 1 of 2
[2022-02-02 13:02:24,465] {taskinstance.py:1240} INFO - 
--------------------------------------------------------------------------------
[2022-02-02 13:02:24,477] {taskinstance.py:1259} INFO - Executing <Task(PythonOperator): format_to_parquet_task> on 2020-08-01 00:00:00+00:00
[2022-02-02 13:02:24,480] {standard_task_runner.py:52} INFO - Started process 1711 to run task
[2022-02-02 13:02:24,485] {standard_task_runner.py:76} INFO - Running: ['***', 'tasks', 'run', 'data_ingestion_yellow_taxi_data', 'format_to_parquet_task', 'scheduled__2020-08-01T00:00:00+00:00', '--job-id', '84', '--raw', '--subdir', 'DAGS_FOLDER/ingest_yellow_taxi_data.py', '--cfg-path', '/tmp/tmpi7nsjo5w', '--error-file', '/tmp/tmp_nidvoo7']
[2022-02-02 13:02:24,486] {standard_task_runner.py:77} INFO - Job 84: Subtask format_to_parquet_task
[2022-02-02 13:02:24,532] {logging_mixin.py:109} INFO - Running <TaskInstance: data_ingestion_yellow_taxi_data.format_to_parquet_task scheduled__2020-08-01T00:00:00+00:00 [running]> on host 883ba1f1f430
[2022-02-02 13:02:24,572] {logging_mixin.py:109} WARNING - /home/***/.local/lib/python3.7/site-packages/***/utils/context.py:152 AirflowContextDeprecationWarning: Accessing 'execution_date' from the template is deprecated and will be removed in a future version. Please use 'data_interval_start' or 'logical_date' instead.
[2022-02-02 13:02:24,596] {taskinstance.py:1426} INFO - Exporting the following env vars:
AIRFLOW_CTX_DAG_OWNER=***
AIRFLOW_CTX_DAG_ID=data_ingestion_yellow_taxi_data
AIRFLOW_CTX_TASK_ID=format_to_parquet_task
AIRFLOW_CTX_EXECUTION_DATE=2020-08-01T00:00:00+00:00
AIRFLOW_CTX_DAG_RUN_ID=scheduled__2020-08-01T00:00:00+00:00
[2022-02-02 13:02:26,333] {python.py:175} INFO - Done. Returned value was: None
[2022-02-02 13:02:26,344] {taskinstance.py:1277} INFO - Marking task as SUCCESS. dag_id=data_ingestion_yellow_taxi_data, task_id=format_to_parquet_task, execution_date=20200801T000000, start_date=20220202T130224, end_date=20220202T130226
[2022-02-02 13:02:26,471] {local_task_job.py:154} INFO - Task exited with return code 0
[2022-02-02 13:02:26,539] {local_task_job.py:264} INFO - 0 downstream tasks scheduled from follow-on schedule check
