[2022-02-02 12:49:53,091] {taskinstance.py:1032} INFO - Dependencies all met for <TaskInstance: data_ingestion_yellow_taxi_data.local_to_gcs_task scheduled__2019-10-01T00:00:00+00:00 [queued]>
[2022-02-02 12:49:53,137] {taskinstance.py:1032} INFO - Dependencies all met for <TaskInstance: data_ingestion_yellow_taxi_data.local_to_gcs_task scheduled__2019-10-01T00:00:00+00:00 [queued]>
[2022-02-02 12:49:53,138] {taskinstance.py:1238} INFO - 
--------------------------------------------------------------------------------
[2022-02-02 12:49:53,138] {taskinstance.py:1239} INFO - Starting attempt 1 of 2
[2022-02-02 12:49:53,138] {taskinstance.py:1240} INFO - 
--------------------------------------------------------------------------------
[2022-02-02 12:49:53,190] {taskinstance.py:1259} INFO - Executing <Task(PythonOperator): local_to_gcs_task> on 2019-10-01 00:00:00+00:00
[2022-02-02 12:49:53,201] {standard_task_runner.py:52} INFO - Started process 1265 to run task
[2022-02-02 12:49:53,225] {standard_task_runner.py:76} INFO - Running: ['***', 'tasks', 'run', 'data_ingestion_yellow_taxi_data', 'local_to_gcs_task', 'scheduled__2019-10-01T00:00:00+00:00', '--job-id', '49', '--raw', '--subdir', 'DAGS_FOLDER/ingest_yellow_taxi_data.py', '--cfg-path', '/tmp/tmp4lm4gpld', '--error-file', '/tmp/tmpe8318kp_']
[2022-02-02 12:49:53,228] {standard_task_runner.py:77} INFO - Job 49: Subtask local_to_gcs_task
[2022-02-02 12:49:53,445] {logging_mixin.py:109} INFO - Running <TaskInstance: data_ingestion_yellow_taxi_data.local_to_gcs_task scheduled__2019-10-01T00:00:00+00:00 [running]> on host 883ba1f1f430
[2022-02-02 12:49:53,740] {logging_mixin.py:109} WARNING - /home/***/.local/lib/python3.7/site-packages/***/utils/context.py:152 AirflowContextDeprecationWarning: Accessing 'execution_date' from the template is deprecated and will be removed in a future version. Please use 'data_interval_start' or 'logical_date' instead.
[2022-02-02 12:49:53,846] {taskinstance.py:1426} INFO - Exporting the following env vars:
AIRFLOW_CTX_DAG_OWNER=***
AIRFLOW_CTX_DAG_ID=data_ingestion_yellow_taxi_data
AIRFLOW_CTX_TASK_ID=local_to_gcs_task
AIRFLOW_CTX_EXECUTION_DATE=2019-10-01T00:00:00+00:00
AIRFLOW_CTX_DAG_RUN_ID=scheduled__2019-10-01T00:00:00+00:00
[2022-02-02 12:50:15,492] {python.py:175} INFO - Done. Returned value was: None
[2022-02-02 12:50:15,509] {taskinstance.py:1277} INFO - Marking task as SUCCESS. dag_id=data_ingestion_yellow_taxi_data, task_id=local_to_gcs_task, execution_date=20191001T000000, start_date=20220202T124953, end_date=20220202T125015
[2022-02-02 12:50:15,574] {local_task_job.py:154} INFO - Task exited with return code 0
[2022-02-02 12:50:15,624] {local_task_job.py:264} INFO - 1 downstream tasks scheduled from follow-on schedule check
