[2022-02-15 15:40:31,899] {taskinstance.py:1032} INFO - Dependencies all met for <TaskInstance: data_ingestion_green_taxi_data.local_to_gcs_task scheduled__2019-03-01T00:00:00+00:00 [queued]>
[2022-02-15 15:40:31,964] {taskinstance.py:1032} INFO - Dependencies all met for <TaskInstance: data_ingestion_green_taxi_data.local_to_gcs_task scheduled__2019-03-01T00:00:00+00:00 [queued]>
[2022-02-15 15:40:31,964] {taskinstance.py:1238} INFO - 
--------------------------------------------------------------------------------
[2022-02-15 15:40:31,964] {taskinstance.py:1239} INFO - Starting attempt 1 of 2
[2022-02-15 15:40:31,964] {taskinstance.py:1240} INFO - 
--------------------------------------------------------------------------------
[2022-02-15 15:40:32,033] {taskinstance.py:1259} INFO - Executing <Task(PythonOperator): local_to_gcs_task> on 2019-03-01 00:00:00+00:00
[2022-02-15 15:40:32,037] {standard_task_runner.py:52} INFO - Started process 591 to run task
[2022-02-15 15:40:32,082] {standard_task_runner.py:76} INFO - Running: ['***', 'tasks', 'run', 'data_ingestion_green_taxi_data', 'local_to_gcs_task', 'scheduled__2019-03-01T00:00:00+00:00', '--job-id', '171', '--raw', '--subdir', 'DAGS_FOLDER/ingest_green_taxi_data.py', '--cfg-path', '/tmp/tmp2xs39nvv', '--error-file', '/tmp/tmpdkp_zh3c']
[2022-02-15 15:40:32,084] {standard_task_runner.py:77} INFO - Job 171: Subtask local_to_gcs_task
[2022-02-15 15:40:32,573] {logging_mixin.py:109} INFO - Running <TaskInstance: data_ingestion_green_taxi_data.local_to_gcs_task scheduled__2019-03-01T00:00:00+00:00 [running]> on host 883ba1f1f430
[2022-02-15 15:40:32,791] {logging_mixin.py:109} WARNING - /home/***/.local/lib/python3.7/site-packages/***/utils/context.py:152 AirflowContextDeprecationWarning: Accessing 'execution_date' from the template is deprecated and will be removed in a future version. Please use 'data_interval_start' or 'logical_date' instead.
[2022-02-15 15:40:32,879] {taskinstance.py:1426} INFO - Exporting the following env vars:
AIRFLOW_CTX_DAG_OWNER=***
AIRFLOW_CTX_DAG_ID=data_ingestion_green_taxi_data
AIRFLOW_CTX_TASK_ID=local_to_gcs_task
AIRFLOW_CTX_EXECUTION_DATE=2019-03-01T00:00:00+00:00
AIRFLOW_CTX_DAG_RUN_ID=scheduled__2019-03-01T00:00:00+00:00
[2022-02-15 15:40:36,608] {python.py:175} INFO - Done. Returned value was: None
[2022-02-15 15:40:36,623] {taskinstance.py:1277} INFO - Marking task as SUCCESS. dag_id=data_ingestion_green_taxi_data, task_id=local_to_gcs_task, execution_date=20190301T000000, start_date=20220215T154031, end_date=20220215T154036
[2022-02-15 15:40:36,654] {local_task_job.py:154} INFO - Task exited with return code 0
[2022-02-15 15:40:36,691] {local_task_job.py:264} INFO - 1 downstream tasks scheduled from follow-on schedule check
