[2022-02-02 13:42:46,192] {taskinstance.py:1032} INFO - Dependencies all met for <TaskInstance: data_ingestion_for_hire_vehicles.local_to_gcs_task scheduled__2019-02-01T00:00:00+00:00 [queued]>
[2022-02-02 13:42:46,201] {taskinstance.py:1032} INFO - Dependencies all met for <TaskInstance: data_ingestion_for_hire_vehicles.local_to_gcs_task scheduled__2019-02-01T00:00:00+00:00 [queued]>
[2022-02-02 13:42:46,202] {taskinstance.py:1238} INFO - 
--------------------------------------------------------------------------------
[2022-02-02 13:42:46,202] {taskinstance.py:1239} INFO - Starting attempt 1 of 2
[2022-02-02 13:42:46,202] {taskinstance.py:1240} INFO - 
--------------------------------------------------------------------------------
[2022-02-02 13:42:46,216] {taskinstance.py:1259} INFO - Executing <Task(PythonOperator): local_to_gcs_task> on 2019-02-01 00:00:00+00:00
[2022-02-02 13:42:46,219] {standard_task_runner.py:52} INFO - Started process 3120 to run task
[2022-02-02 13:42:46,225] {standard_task_runner.py:76} INFO - Running: ['***', 'tasks', 'run', 'data_ingestion_for_hire_vehicles', 'local_to_gcs_task', 'scheduled__2019-02-01T00:00:00+00:00', '--job-id', '112', '--raw', '--subdir', 'DAGS_FOLDER/ingest_for_hire_vehicles_data.py', '--cfg-path', '/tmp/tmp3ingqlfi', '--error-file', '/tmp/tmpkkc9ws8w']
[2022-02-02 13:42:46,226] {standard_task_runner.py:77} INFO - Job 112: Subtask local_to_gcs_task
[2022-02-02 13:42:46,277] {logging_mixin.py:109} INFO - Running <TaskInstance: data_ingestion_for_hire_vehicles.local_to_gcs_task scheduled__2019-02-01T00:00:00+00:00 [running]> on host 883ba1f1f430
[2022-02-02 13:42:46,318] {logging_mixin.py:109} WARNING - /home/***/.local/lib/python3.7/site-packages/***/utils/context.py:152 AirflowContextDeprecationWarning: Accessing 'execution_date' from the template is deprecated and will be removed in a future version. Please use 'data_interval_start' or 'logical_date' instead.
[2022-02-02 13:42:46,338] {taskinstance.py:1426} INFO - Exporting the following env vars:
AIRFLOW_CTX_DAG_OWNER=***
AIRFLOW_CTX_DAG_ID=data_ingestion_for_hire_vehicles
AIRFLOW_CTX_TASK_ID=local_to_gcs_task
AIRFLOW_CTX_EXECUTION_DATE=2019-02-01T00:00:00+00:00
AIRFLOW_CTX_DAG_RUN_ID=scheduled__2019-02-01T00:00:00+00:00
[2022-02-02 13:42:49,297] {python.py:175} INFO - Done. Returned value was: None
[2022-02-02 13:42:49,308] {taskinstance.py:1277} INFO - Marking task as SUCCESS. dag_id=data_ingestion_for_hire_vehicles, task_id=local_to_gcs_task, execution_date=20190201T000000, start_date=20220202T134246, end_date=20220202T134249
[2022-02-02 13:42:49,379] {local_task_job.py:154} INFO - Task exited with return code 0
[2022-02-02 13:42:49,415] {local_task_job.py:264} INFO - 1 downstream tasks scheduled from follow-on schedule check
