[2022-02-15 15:39:12,299] {taskinstance.py:1032} INFO - Dependencies all met for <TaskInstance: data_ingestion_green_taxi_data.download_dataset_task scheduled__2019-02-01T00:00:00+00:00 [queued]>
[2022-02-15 15:39:12,330] {taskinstance.py:1032} INFO - Dependencies all met for <TaskInstance: data_ingestion_green_taxi_data.download_dataset_task scheduled__2019-02-01T00:00:00+00:00 [queued]>
[2022-02-15 15:39:12,330] {taskinstance.py:1238} INFO - 
--------------------------------------------------------------------------------
[2022-02-15 15:39:12,330] {taskinstance.py:1239} INFO - Starting attempt 1 of 2
[2022-02-15 15:39:12,331] {taskinstance.py:1240} INFO - 
--------------------------------------------------------------------------------
[2022-02-15 15:39:12,358] {taskinstance.py:1259} INFO - Executing <Task(BashOperator): download_dataset_task> on 2019-02-01 00:00:00+00:00
[2022-02-15 15:39:12,361] {standard_task_runner.py:52} INFO - Started process 446 to run task
[2022-02-15 15:39:12,373] {standard_task_runner.py:76} INFO - Running: ['***', 'tasks', 'run', 'data_ingestion_green_taxi_data', 'download_dataset_task', 'scheduled__2019-02-01T00:00:00+00:00', '--job-id', '160', '--raw', '--subdir', 'DAGS_FOLDER/ingest_green_taxi_data.py', '--cfg-path', '/tmp/tmprgpgifck', '--error-file', '/tmp/tmpf00nj2ts']
[2022-02-15 15:39:12,373] {standard_task_runner.py:77} INFO - Job 160: Subtask download_dataset_task
[2022-02-15 15:39:12,438] {logging_mixin.py:109} INFO - Running <TaskInstance: data_ingestion_green_taxi_data.download_dataset_task scheduled__2019-02-01T00:00:00+00:00 [running]> on host 883ba1f1f430
[2022-02-15 15:39:12,546] {logging_mixin.py:109} WARNING - /home/***/.local/lib/python3.7/site-packages/***/utils/context.py:152 AirflowContextDeprecationWarning: Accessing 'execution_date' from the template is deprecated and will be removed in a future version. Please use 'data_interval_start' or 'logical_date' instead.
[2022-02-15 15:39:12,592] {taskinstance.py:1426} INFO - Exporting the following env vars:
AIRFLOW_CTX_DAG_OWNER=***
AIRFLOW_CTX_DAG_ID=data_ingestion_green_taxi_data
AIRFLOW_CTX_TASK_ID=download_dataset_task
AIRFLOW_CTX_EXECUTION_DATE=2019-02-01T00:00:00+00:00
AIRFLOW_CTX_DAG_RUN_ID=scheduled__2019-02-01T00:00:00+00:00
[2022-02-15 15:39:12,596] {subprocess.py:62} INFO - Tmp dir root location: 
 /tmp
[2022-02-15 15:39:12,596] {subprocess.py:74} INFO - Running command: ['bash', '-c', 'curl -sSLf https://s3.amazonaws.com/nyc-tlc/trip+data/green_tripdata_2019-02.csv > /opt/***/green_tripdata_2019-02.csv']
[2022-02-15 15:39:12,616] {subprocess.py:85} INFO - Output:
[2022-02-15 15:39:29,274] {subprocess.py:93} INFO - Command exited with return code 0
[2022-02-15 15:39:29,302] {taskinstance.py:1277} INFO - Marking task as SUCCESS. dag_id=data_ingestion_green_taxi_data, task_id=download_dataset_task, execution_date=20190201T000000, start_date=20220215T153912, end_date=20220215T153929
[2022-02-15 15:39:29,367] {local_task_job.py:154} INFO - Task exited with return code 0
[2022-02-15 15:39:29,433] {local_task_job.py:264} INFO - 1 downstream tasks scheduled from follow-on schedule check
