[2022-02-15 15:42:44,724] {taskinstance.py:1032} INFO - Dependencies all met for <TaskInstance: data_ingestion_green_taxi_data.local_to_gcs_task scheduled__2019-11-01T00:00:00+00:00 [queued]>
[2022-02-15 15:42:44,756] {taskinstance.py:1032} INFO - Dependencies all met for <TaskInstance: data_ingestion_green_taxi_data.local_to_gcs_task scheduled__2019-11-01T00:00:00+00:00 [queued]>
[2022-02-15 15:42:44,756] {taskinstance.py:1238} INFO - 
--------------------------------------------------------------------------------
[2022-02-15 15:42:44,756] {taskinstance.py:1239} INFO - Starting attempt 1 of 2
[2022-02-15 15:42:44,756] {taskinstance.py:1240} INFO - 
--------------------------------------------------------------------------------
[2022-02-15 15:42:44,792] {taskinstance.py:1259} INFO - Executing <Task(PythonOperator): local_to_gcs_task> on 2019-11-01 00:00:00+00:00
[2022-02-15 15:42:44,797] {standard_task_runner.py:52} INFO - Started process 850 to run task
[2022-02-15 15:42:44,809] {standard_task_runner.py:76} INFO - Running: ['***', 'tasks', 'run', 'data_ingestion_green_taxi_data', 'local_to_gcs_task', 'scheduled__2019-11-01T00:00:00+00:00', '--job-id', '202', '--raw', '--subdir', 'DAGS_FOLDER/ingest_green_taxi_data.py', '--cfg-path', '/tmp/tmp24ctkzgv', '--error-file', '/tmp/tmp62l3797c']
[2022-02-15 15:42:44,813] {standard_task_runner.py:77} INFO - Job 202: Subtask local_to_gcs_task
[2022-02-15 15:42:44,911] {logging_mixin.py:109} INFO - Running <TaskInstance: data_ingestion_green_taxi_data.local_to_gcs_task scheduled__2019-11-01T00:00:00+00:00 [running]> on host 883ba1f1f430
[2022-02-15 15:42:44,970] {logging_mixin.py:109} WARNING - /home/***/.local/lib/python3.7/site-packages/***/utils/context.py:152 AirflowContextDeprecationWarning: Accessing 'execution_date' from the template is deprecated and will be removed in a future version. Please use 'data_interval_start' or 'logical_date' instead.
[2022-02-15 15:42:44,994] {taskinstance.py:1426} INFO - Exporting the following env vars:
AIRFLOW_CTX_DAG_OWNER=***
AIRFLOW_CTX_DAG_ID=data_ingestion_green_taxi_data
AIRFLOW_CTX_TASK_ID=local_to_gcs_task
AIRFLOW_CTX_EXECUTION_DATE=2019-11-01T00:00:00+00:00
AIRFLOW_CTX_DAG_RUN_ID=scheduled__2019-11-01T00:00:00+00:00
[2022-02-15 15:42:49,189] {python.py:175} INFO - Done. Returned value was: None
[2022-02-15 15:42:49,201] {taskinstance.py:1277} INFO - Marking task as SUCCESS. dag_id=data_ingestion_green_taxi_data, task_id=local_to_gcs_task, execution_date=20191101T000000, start_date=20220215T154244, end_date=20220215T154249
[2022-02-15 15:42:49,237] {local_task_job.py:154} INFO - Task exited with return code 0
[2022-02-15 15:42:49,273] {local_task_job.py:264} INFO - 1 downstream tasks scheduled from follow-on schedule check
