[2022-02-02 12:53:20,944] {taskinstance.py:1032} INFO - Dependencies all met for <TaskInstance: data_ingestion_yellow_taxi_data.format_to_parquet_task scheduled__2019-11-01T00:00:00+00:00 [queued]>
[2022-02-02 12:53:20,958] {taskinstance.py:1032} INFO - Dependencies all met for <TaskInstance: data_ingestion_yellow_taxi_data.format_to_parquet_task scheduled__2019-11-01T00:00:00+00:00 [queued]>
[2022-02-02 12:53:20,958] {taskinstance.py:1238} INFO - 
--------------------------------------------------------------------------------
[2022-02-02 12:53:20,958] {taskinstance.py:1239} INFO - Starting attempt 1 of 2
[2022-02-02 12:53:20,958] {taskinstance.py:1240} INFO - 
--------------------------------------------------------------------------------
[2022-02-02 12:53:20,987] {taskinstance.py:1259} INFO - Executing <Task(PythonOperator): format_to_parquet_task> on 2019-11-01 00:00:00+00:00
[2022-02-02 12:53:20,991] {standard_task_runner.py:52} INFO - Started process 1359 to run task
[2022-02-02 12:53:21,000] {standard_task_runner.py:76} INFO - Running: ['***', 'tasks', 'run', 'data_ingestion_yellow_taxi_data', 'format_to_parquet_task', 'scheduled__2019-11-01T00:00:00+00:00', '--job-id', '52', '--raw', '--subdir', 'DAGS_FOLDER/ingest_yellow_taxi_data.py', '--cfg-path', '/tmp/tmpxpa1yghw', '--error-file', '/tmp/tmpg578yfrn']
[2022-02-02 12:53:21,002] {standard_task_runner.py:77} INFO - Job 52: Subtask format_to_parquet_task
[2022-02-02 12:53:21,076] {logging_mixin.py:109} INFO - Running <TaskInstance: data_ingestion_yellow_taxi_data.format_to_parquet_task scheduled__2019-11-01T00:00:00+00:00 [running]> on host 883ba1f1f430
[2022-02-02 12:53:21,131] {logging_mixin.py:109} WARNING - /home/***/.local/lib/python3.7/site-packages/***/utils/context.py:152 AirflowContextDeprecationWarning: Accessing 'execution_date' from the template is deprecated and will be removed in a future version. Please use 'data_interval_start' or 'logical_date' instead.
[2022-02-02 12:53:21,159] {taskinstance.py:1426} INFO - Exporting the following env vars:
AIRFLOW_CTX_DAG_OWNER=***
AIRFLOW_CTX_DAG_ID=data_ingestion_yellow_taxi_data
AIRFLOW_CTX_TASK_ID=format_to_parquet_task
AIRFLOW_CTX_EXECUTION_DATE=2019-11-01T00:00:00+00:00
AIRFLOW_CTX_DAG_RUN_ID=scheduled__2019-11-01T00:00:00+00:00
[2022-02-02 12:53:35,259] {python.py:175} INFO - Done. Returned value was: None
[2022-02-02 12:53:35,280] {taskinstance.py:1277} INFO - Marking task as SUCCESS. dag_id=data_ingestion_yellow_taxi_data, task_id=format_to_parquet_task, execution_date=20191101T000000, start_date=20220202T125320, end_date=20220202T125335
[2022-02-02 12:53:35,336] {local_task_job.py:154} INFO - Task exited with return code 0
[2022-02-02 12:53:35,414] {local_task_job.py:264} INFO - 1 downstream tasks scheduled from follow-on schedule check
