[2022-02-02 13:01:49,624] {taskinstance.py:1032} INFO - Dependencies all met for <TaskInstance: data_ingestion_yellow_taxi_data.remove_temp_files scheduled__2020-05-01T00:00:00+00:00 [queued]>
[2022-02-02 13:01:49,632] {taskinstance.py:1032} INFO - Dependencies all met for <TaskInstance: data_ingestion_yellow_taxi_data.remove_temp_files scheduled__2020-05-01T00:00:00+00:00 [queued]>
[2022-02-02 13:01:49,632] {taskinstance.py:1238} INFO - 
--------------------------------------------------------------------------------
[2022-02-02 13:01:49,632] {taskinstance.py:1239} INFO - Starting attempt 1 of 2
[2022-02-02 13:01:49,632] {taskinstance.py:1240} INFO - 
--------------------------------------------------------------------------------
[2022-02-02 13:01:49,650] {taskinstance.py:1259} INFO - Executing <Task(BashOperator): remove_temp_files> on 2020-05-01 00:00:00+00:00
[2022-02-02 13:01:49,654] {standard_task_runner.py:52} INFO - Started process 1683 to run task
[2022-02-02 13:01:49,663] {standard_task_runner.py:76} INFO - Running: ['***', 'tasks', 'run', 'data_ingestion_yellow_taxi_data', 'remove_temp_files', 'scheduled__2020-05-01T00:00:00+00:00', '--job-id', '81', '--raw', '--subdir', 'DAGS_FOLDER/ingest_yellow_taxi_data.py', '--cfg-path', '/tmp/tmpm_wv9mus', '--error-file', '/tmp/tmp7uw1r6gx']
[2022-02-02 13:01:49,664] {standard_task_runner.py:77} INFO - Job 81: Subtask remove_temp_files
[2022-02-02 13:01:49,745] {logging_mixin.py:109} INFO - Running <TaskInstance: data_ingestion_yellow_taxi_data.remove_temp_files scheduled__2020-05-01T00:00:00+00:00 [running]> on host 883ba1f1f430
[2022-02-02 13:01:49,791] {logging_mixin.py:109} WARNING - /home/***/.local/lib/python3.7/site-packages/***/utils/context.py:152 AirflowContextDeprecationWarning: Accessing 'execution_date' from the template is deprecated and will be removed in a future version. Please use 'data_interval_start' or 'logical_date' instead.
[2022-02-02 13:01:49,809] {taskinstance.py:1426} INFO - Exporting the following env vars:
AIRFLOW_CTX_DAG_OWNER=***
AIRFLOW_CTX_DAG_ID=data_ingestion_yellow_taxi_data
AIRFLOW_CTX_TASK_ID=remove_temp_files
AIRFLOW_CTX_EXECUTION_DATE=2020-05-01T00:00:00+00:00
AIRFLOW_CTX_DAG_RUN_ID=scheduled__2020-05-01T00:00:00+00:00
[2022-02-02 13:01:49,810] {subprocess.py:62} INFO - Tmp dir root location: 
 /tmp
[2022-02-02 13:01:49,812] {subprocess.py:74} INFO - Running command: ['bash', '-c', 'rm /opt/***/yellow_tripdata_2020-05.csv /opt/***/yellow_tripdata_2020-05.parquet']
[2022-02-02 13:01:49,819] {subprocess.py:85} INFO - Output:
[2022-02-02 13:01:49,827] {subprocess.py:93} INFO - Command exited with return code 0
[2022-02-02 13:01:49,849] {taskinstance.py:1277} INFO - Marking task as SUCCESS. dag_id=data_ingestion_yellow_taxi_data, task_id=remove_temp_files, execution_date=20200501T000000, start_date=20220202T130149, end_date=20220202T130149
[2022-02-02 13:01:49,885] {local_task_job.py:154} INFO - Task exited with return code 0
[2022-02-02 13:01:49,912] {local_task_job.py:264} INFO - 0 downstream tasks scheduled from follow-on schedule check
