[2022-01-31 17:48:19,410] {processor.py:163} INFO - Started process (PID=183) to work on /opt/airflow/dags/data_ingestion_gcs_dag.py
[2022-01-31 17:48:19,411] {processor.py:642} INFO - Processing file /opt/airflow/dags/data_ingestion_gcs_dag.py for tasks to queue
[2022-01-31 17:48:19,411] {logging_mixin.py:109} INFO - [2022-01-31 17:48:19,411] {dagbag.py:500} INFO - Filling up the DagBag from /opt/airflow/dags/data_ingestion_gcs_dag.py
[2022-01-31 17:48:20,192] {processor.py:654} INFO - DAG(s) dict_keys(['data_ingestion_gcs_dag']) retrieved from /opt/airflow/dags/data_ingestion_gcs_dag.py
[2022-01-31 17:48:21,178] {logging_mixin.py:109} INFO - [2022-01-31 17:48:21,178] {manager.py:496} INFO - Created Permission View: can edit on DAG:data_ingestion_gcs_dag
[2022-01-31 17:48:21,188] {logging_mixin.py:109} INFO - [2022-01-31 17:48:21,188] {manager.py:496} INFO - Created Permission View: can read on DAG:data_ingestion_gcs_dag
[2022-01-31 17:48:21,188] {logging_mixin.py:109} INFO - [2022-01-31 17:48:21,188] {dag.py:2396} INFO - Sync 1 DAGs
[2022-01-31 17:48:21,193] {logging_mixin.py:109} INFO - [2022-01-31 17:48:21,193] {dag.py:2415} INFO - Creating ORM DAG for data_ingestion_gcs_dag
[2022-01-31 17:48:21,205] {logging_mixin.py:109} INFO - [2022-01-31 17:48:21,205] {dag.py:2935} INFO - Setting next_dagrun for data_ingestion_gcs_dag to 2022-01-30 00:00:00+00:00
[2022-01-31 17:48:21,222] {processor.py:171} INFO - Processing /opt/airflow/dags/data_ingestion_gcs_dag.py took 1.814 seconds
[2022-01-31 17:48:51,321] {processor.py:163} INFO - Started process (PID=189) to work on /opt/airflow/dags/data_ingestion_gcs_dag.py
[2022-01-31 17:48:51,323] {processor.py:642} INFO - Processing file /opt/airflow/dags/data_ingestion_gcs_dag.py for tasks to queue
[2022-01-31 17:48:51,324] {logging_mixin.py:109} INFO - [2022-01-31 17:48:51,324] {dagbag.py:500} INFO - Filling up the DagBag from /opt/airflow/dags/data_ingestion_gcs_dag.py
[2022-01-31 17:48:52,375] {processor.py:654} INFO - DAG(s) dict_keys(['data_ingestion_gcs_dag']) retrieved from /opt/airflow/dags/data_ingestion_gcs_dag.py
[2022-01-31 17:48:52,389] {logging_mixin.py:109} INFO - [2022-01-31 17:48:52,388] {dag.py:2396} INFO - Sync 1 DAGs
[2022-01-31 17:48:52,402] {logging_mixin.py:109} INFO - [2022-01-31 17:48:52,402] {dag.py:2935} INFO - Setting next_dagrun for data_ingestion_gcs_dag to 2022-01-30 00:00:00+00:00
[2022-01-31 17:48:52,410] {processor.py:171} INFO - Processing /opt/airflow/dags/data_ingestion_gcs_dag.py took 1.091 seconds
[2022-01-31 17:49:22,453] {processor.py:163} INFO - Started process (PID=201) to work on /opt/airflow/dags/data_ingestion_gcs_dag.py
[2022-01-31 17:49:22,454] {processor.py:642} INFO - Processing file /opt/airflow/dags/data_ingestion_gcs_dag.py for tasks to queue
[2022-01-31 17:49:22,454] {logging_mixin.py:109} INFO - [2022-01-31 17:49:22,454] {dagbag.py:500} INFO - Filling up the DagBag from /opt/airflow/dags/data_ingestion_gcs_dag.py
[2022-01-31 17:49:23,288] {processor.py:654} INFO - DAG(s) dict_keys(['data_ingestion_gcs_dag']) retrieved from /opt/airflow/dags/data_ingestion_gcs_dag.py
[2022-01-31 17:49:23,300] {logging_mixin.py:109} INFO - [2022-01-31 17:49:23,300] {dag.py:2396} INFO - Sync 1 DAGs
[2022-01-31 17:49:23,331] {processor.py:171} INFO - Processing /opt/airflow/dags/data_ingestion_gcs_dag.py took 0.881 seconds
[2022-01-31 17:49:53,442] {processor.py:163} INFO - Started process (PID=207) to work on /opt/airflow/dags/data_ingestion_gcs_dag.py
[2022-01-31 17:49:53,444] {processor.py:642} INFO - Processing file /opt/airflow/dags/data_ingestion_gcs_dag.py for tasks to queue
[2022-01-31 17:49:53,444] {logging_mixin.py:109} INFO - [2022-01-31 17:49:53,444] {dagbag.py:500} INFO - Filling up the DagBag from /opt/airflow/dags/data_ingestion_gcs_dag.py
[2022-01-31 17:49:54,218] {processor.py:654} INFO - DAG(s) dict_keys(['data_ingestion_gcs_dag']) retrieved from /opt/airflow/dags/data_ingestion_gcs_dag.py
[2022-01-31 17:49:54,225] {logging_mixin.py:109} INFO - [2022-01-31 17:49:54,225] {dag.py:2396} INFO - Sync 1 DAGs
[2022-01-31 17:49:54,248] {processor.py:171} INFO - Processing /opt/airflow/dags/data_ingestion_gcs_dag.py took 0.809 seconds
[2022-01-31 17:50:24,344] {processor.py:163} INFO - Started process (PID=213) to work on /opt/airflow/dags/data_ingestion_gcs_dag.py
[2022-01-31 17:50:24,356] {processor.py:642} INFO - Processing file /opt/airflow/dags/data_ingestion_gcs_dag.py for tasks to queue
[2022-01-31 17:50:24,356] {logging_mixin.py:109} INFO - [2022-01-31 17:50:24,356] {dagbag.py:500} INFO - Filling up the DagBag from /opt/airflow/dags/data_ingestion_gcs_dag.py
[2022-01-31 17:50:25,058] {processor.py:654} INFO - DAG(s) dict_keys(['data_ingestion_gcs_dag']) retrieved from /opt/airflow/dags/data_ingestion_gcs_dag.py
[2022-01-31 17:50:25,079] {logging_mixin.py:109} INFO - [2022-01-31 17:50:25,079] {dag.py:2396} INFO - Sync 1 DAGs
[2022-01-31 17:50:25,107] {processor.py:171} INFO - Processing /opt/airflow/dags/data_ingestion_gcs_dag.py took 0.766 seconds
[2022-01-31 17:50:55,192] {processor.py:163} INFO - Started process (PID=220) to work on /opt/airflow/dags/data_ingestion_gcs_dag.py
[2022-01-31 17:50:55,193] {processor.py:642} INFO - Processing file /opt/airflow/dags/data_ingestion_gcs_dag.py for tasks to queue
[2022-01-31 17:50:55,193] {logging_mixin.py:109} INFO - [2022-01-31 17:50:55,193] {dagbag.py:500} INFO - Filling up the DagBag from /opt/airflow/dags/data_ingestion_gcs_dag.py
[2022-01-31 17:50:55,793] {processor.py:654} INFO - DAG(s) dict_keys(['data_ingestion_gcs_dag']) retrieved from /opt/airflow/dags/data_ingestion_gcs_dag.py
[2022-01-31 17:50:55,800] {logging_mixin.py:109} INFO - [2022-01-31 17:50:55,800] {dag.py:2396} INFO - Sync 1 DAGs
[2022-01-31 17:50:55,831] {processor.py:171} INFO - Processing /opt/airflow/dags/data_ingestion_gcs_dag.py took 0.641 seconds
[2022-01-31 17:51:25,909] {processor.py:163} INFO - Started process (PID=226) to work on /opt/airflow/dags/data_ingestion_gcs_dag.py
[2022-01-31 17:51:25,910] {processor.py:642} INFO - Processing file /opt/airflow/dags/data_ingestion_gcs_dag.py for tasks to queue
[2022-01-31 17:51:25,911] {logging_mixin.py:109} INFO - [2022-01-31 17:51:25,911] {dagbag.py:500} INFO - Filling up the DagBag from /opt/airflow/dags/data_ingestion_gcs_dag.py
[2022-01-31 17:51:26,775] {processor.py:654} INFO - DAG(s) dict_keys(['data_ingestion_gcs_dag']) retrieved from /opt/airflow/dags/data_ingestion_gcs_dag.py
[2022-01-31 17:51:26,816] {logging_mixin.py:109} INFO - [2022-01-31 17:51:26,815] {dag.py:2396} INFO - Sync 1 DAGs
[2022-01-31 17:51:26,873] {processor.py:171} INFO - Processing /opt/airflow/dags/data_ingestion_gcs_dag.py took 0.969 seconds
[2022-01-31 17:51:57,007] {processor.py:163} INFO - Started process (PID=243) to work on /opt/airflow/dags/data_ingestion_gcs_dag.py
[2022-01-31 17:51:57,008] {processor.py:642} INFO - Processing file /opt/airflow/dags/data_ingestion_gcs_dag.py for tasks to queue
[2022-01-31 17:51:57,008] {logging_mixin.py:109} INFO - [2022-01-31 17:51:57,008] {dagbag.py:500} INFO - Filling up the DagBag from /opt/airflow/dags/data_ingestion_gcs_dag.py
[2022-01-31 17:51:57,527] {processor.py:654} INFO - DAG(s) dict_keys(['data_ingestion_gcs_dag']) retrieved from /opt/airflow/dags/data_ingestion_gcs_dag.py
[2022-01-31 17:51:57,533] {logging_mixin.py:109} INFO - [2022-01-31 17:51:57,533] {dag.py:2396} INFO - Sync 1 DAGs
[2022-01-31 17:51:57,545] {logging_mixin.py:109} INFO - [2022-01-31 17:51:57,545] {dag.py:2935} INFO - Setting next_dagrun for data_ingestion_gcs_dag to 2022-01-31T00:00:00+00:00
[2022-01-31 17:51:57,554] {processor.py:171} INFO - Processing /opt/airflow/dags/data_ingestion_gcs_dag.py took 0.549 seconds
[2022-01-31 17:52:27,650] {processor.py:163} INFO - Started process (PID=250) to work on /opt/airflow/dags/data_ingestion_gcs_dag.py
[2022-01-31 17:52:27,657] {processor.py:642} INFO - Processing file /opt/airflow/dags/data_ingestion_gcs_dag.py for tasks to queue
[2022-01-31 17:52:27,657] {logging_mixin.py:109} INFO - [2022-01-31 17:52:27,657] {dagbag.py:500} INFO - Filling up the DagBag from /opt/airflow/dags/data_ingestion_gcs_dag.py
[2022-01-31 17:52:28,252] {processor.py:654} INFO - DAG(s) dict_keys(['data_ingestion_gcs_dag']) retrieved from /opt/airflow/dags/data_ingestion_gcs_dag.py
[2022-01-31 17:52:28,264] {logging_mixin.py:109} INFO - [2022-01-31 17:52:28,264] {dag.py:2396} INFO - Sync 1 DAGs
[2022-01-31 17:52:28,277] {logging_mixin.py:109} INFO - [2022-01-31 17:52:28,276] {dag.py:2935} INFO - Setting next_dagrun for data_ingestion_gcs_dag to 2022-01-31T00:00:00+00:00
[2022-01-31 17:52:28,296] {processor.py:171} INFO - Processing /opt/airflow/dags/data_ingestion_gcs_dag.py took 0.648 seconds
[2022-01-31 17:52:58,376] {processor.py:163} INFO - Started process (PID=256) to work on /opt/airflow/dags/data_ingestion_gcs_dag.py
[2022-01-31 17:52:58,377] {processor.py:642} INFO - Processing file /opt/airflow/dags/data_ingestion_gcs_dag.py for tasks to queue
[2022-01-31 17:52:58,378] {logging_mixin.py:109} INFO - [2022-01-31 17:52:58,378] {dagbag.py:500} INFO - Filling up the DagBag from /opt/airflow/dags/data_ingestion_gcs_dag.py
[2022-01-31 17:52:58,928] {processor.py:654} INFO - DAG(s) dict_keys(['data_ingestion_gcs_dag']) retrieved from /opt/airflow/dags/data_ingestion_gcs_dag.py
[2022-01-31 17:52:58,936] {logging_mixin.py:109} INFO - [2022-01-31 17:52:58,935] {dag.py:2396} INFO - Sync 1 DAGs
[2022-01-31 17:52:58,950] {logging_mixin.py:109} INFO - [2022-01-31 17:52:58,950] {dag.py:2935} INFO - Setting next_dagrun for data_ingestion_gcs_dag to 2022-01-31T00:00:00+00:00
[2022-01-31 17:52:58,977] {processor.py:171} INFO - Processing /opt/airflow/dags/data_ingestion_gcs_dag.py took 0.604 seconds
[2022-01-31 17:53:29,087] {processor.py:163} INFO - Started process (PID=262) to work on /opt/airflow/dags/data_ingestion_gcs_dag.py
[2022-01-31 17:53:29,101] {processor.py:642} INFO - Processing file /opt/airflow/dags/data_ingestion_gcs_dag.py for tasks to queue
[2022-01-31 17:53:29,101] {logging_mixin.py:109} INFO - [2022-01-31 17:53:29,101] {dagbag.py:500} INFO - Filling up the DagBag from /opt/airflow/dags/data_ingestion_gcs_dag.py
[2022-01-31 17:53:29,824] {processor.py:654} INFO - DAG(s) dict_keys(['data_ingestion_gcs_dag']) retrieved from /opt/airflow/dags/data_ingestion_gcs_dag.py
[2022-01-31 17:53:29,832] {logging_mixin.py:109} INFO - [2022-01-31 17:53:29,832] {dag.py:2396} INFO - Sync 1 DAGs
[2022-01-31 17:53:29,848] {logging_mixin.py:109} INFO - [2022-01-31 17:53:29,848] {dag.py:2935} INFO - Setting next_dagrun for data_ingestion_gcs_dag to 2022-01-31T00:00:00+00:00
[2022-01-31 17:53:29,869] {processor.py:171} INFO - Processing /opt/airflow/dags/data_ingestion_gcs_dag.py took 0.786 seconds
[2022-01-31 17:53:59,957] {processor.py:163} INFO - Started process (PID=268) to work on /opt/airflow/dags/data_ingestion_gcs_dag.py
[2022-01-31 17:53:59,958] {processor.py:642} INFO - Processing file /opt/airflow/dags/data_ingestion_gcs_dag.py for tasks to queue
[2022-01-31 17:53:59,958] {logging_mixin.py:109} INFO - [2022-01-31 17:53:59,958] {dagbag.py:500} INFO - Filling up the DagBag from /opt/airflow/dags/data_ingestion_gcs_dag.py
[2022-01-31 17:54:00,557] {processor.py:654} INFO - DAG(s) dict_keys(['data_ingestion_gcs_dag']) retrieved from /opt/airflow/dags/data_ingestion_gcs_dag.py
[2022-01-31 17:54:00,565] {logging_mixin.py:109} INFO - [2022-01-31 17:54:00,565] {dag.py:2396} INFO - Sync 1 DAGs
[2022-01-31 17:54:00,578] {logging_mixin.py:109} INFO - [2022-01-31 17:54:00,578] {dag.py:2935} INFO - Setting next_dagrun for data_ingestion_gcs_dag to 2022-01-31T00:00:00+00:00
[2022-01-31 17:54:00,597] {processor.py:171} INFO - Processing /opt/airflow/dags/data_ingestion_gcs_dag.py took 0.644 seconds
[2022-01-31 17:54:30,668] {processor.py:163} INFO - Started process (PID=274) to work on /opt/airflow/dags/data_ingestion_gcs_dag.py
[2022-01-31 17:54:30,668] {processor.py:642} INFO - Processing file /opt/airflow/dags/data_ingestion_gcs_dag.py for tasks to queue
[2022-01-31 17:54:30,669] {logging_mixin.py:109} INFO - [2022-01-31 17:54:30,669] {dagbag.py:500} INFO - Filling up the DagBag from /opt/airflow/dags/data_ingestion_gcs_dag.py
[2022-01-31 17:54:31,301] {processor.py:654} INFO - DAG(s) dict_keys(['data_ingestion_gcs_dag']) retrieved from /opt/airflow/dags/data_ingestion_gcs_dag.py
[2022-01-31 17:54:31,310] {logging_mixin.py:109} INFO - [2022-01-31 17:54:31,310] {dag.py:2396} INFO - Sync 1 DAGs
[2022-01-31 17:54:31,323] {logging_mixin.py:109} INFO - [2022-01-31 17:54:31,323] {dag.py:2935} INFO - Setting next_dagrun for data_ingestion_gcs_dag to 2022-01-31T00:00:00+00:00
[2022-01-31 17:54:31,344] {processor.py:171} INFO - Processing /opt/airflow/dags/data_ingestion_gcs_dag.py took 0.680 seconds
[2022-01-31 17:55:01,440] {processor.py:163} INFO - Started process (PID=280) to work on /opt/airflow/dags/data_ingestion_gcs_dag.py
[2022-01-31 17:55:01,453] {processor.py:642} INFO - Processing file /opt/airflow/dags/data_ingestion_gcs_dag.py for tasks to queue
[2022-01-31 17:55:01,454] {logging_mixin.py:109} INFO - [2022-01-31 17:55:01,454] {dagbag.py:500} INFO - Filling up the DagBag from /opt/airflow/dags/data_ingestion_gcs_dag.py
[2022-01-31 17:55:01,951] {processor.py:654} INFO - DAG(s) dict_keys(['data_ingestion_gcs_dag']) retrieved from /opt/airflow/dags/data_ingestion_gcs_dag.py
[2022-01-31 17:55:01,958] {logging_mixin.py:109} INFO - [2022-01-31 17:55:01,958] {dag.py:2396} INFO - Sync 1 DAGs
[2022-01-31 17:55:01,968] {logging_mixin.py:109} INFO - [2022-01-31 17:55:01,968] {dag.py:2935} INFO - Setting next_dagrun for data_ingestion_gcs_dag to 2022-01-31T00:00:00+00:00
[2022-01-31 17:55:01,991] {processor.py:171} INFO - Processing /opt/airflow/dags/data_ingestion_gcs_dag.py took 0.553 seconds
[2022-01-31 17:55:32,063] {processor.py:163} INFO - Started process (PID=286) to work on /opt/airflow/dags/data_ingestion_gcs_dag.py
[2022-01-31 17:55:32,064] {processor.py:642} INFO - Processing file /opt/airflow/dags/data_ingestion_gcs_dag.py for tasks to queue
[2022-01-31 17:55:32,065] {logging_mixin.py:109} INFO - [2022-01-31 17:55:32,065] {dagbag.py:500} INFO - Filling up the DagBag from /opt/airflow/dags/data_ingestion_gcs_dag.py
[2022-01-31 17:55:32,723] {processor.py:654} INFO - DAG(s) dict_keys(['data_ingestion_gcs_dag']) retrieved from /opt/airflow/dags/data_ingestion_gcs_dag.py
[2022-01-31 17:55:32,730] {logging_mixin.py:109} INFO - [2022-01-31 17:55:32,730] {dag.py:2396} INFO - Sync 1 DAGs
[2022-01-31 17:55:32,745] {logging_mixin.py:109} INFO - [2022-01-31 17:55:32,745] {dag.py:2935} INFO - Setting next_dagrun for data_ingestion_gcs_dag to 2022-01-31T00:00:00+00:00
[2022-01-31 17:55:32,754] {processor.py:171} INFO - Processing /opt/airflow/dags/data_ingestion_gcs_dag.py took 0.693 seconds
[2022-01-31 17:56:02,864] {processor.py:163} INFO - Started process (PID=292) to work on /opt/airflow/dags/data_ingestion_gcs_dag.py
[2022-01-31 17:56:02,865] {processor.py:642} INFO - Processing file /opt/airflow/dags/data_ingestion_gcs_dag.py for tasks to queue
[2022-01-31 17:56:02,865] {logging_mixin.py:109} INFO - [2022-01-31 17:56:02,865] {dagbag.py:500} INFO - Filling up the DagBag from /opt/airflow/dags/data_ingestion_gcs_dag.py
[2022-01-31 17:56:03,441] {processor.py:654} INFO - DAG(s) dict_keys(['data_ingestion_gcs_dag']) retrieved from /opt/airflow/dags/data_ingestion_gcs_dag.py
[2022-01-31 17:56:03,447] {logging_mixin.py:109} INFO - [2022-01-31 17:56:03,447] {dag.py:2396} INFO - Sync 1 DAGs
[2022-01-31 17:56:03,459] {logging_mixin.py:109} INFO - [2022-01-31 17:56:03,459] {dag.py:2935} INFO - Setting next_dagrun for data_ingestion_gcs_dag to 2022-01-31T00:00:00+00:00
[2022-01-31 17:56:03,479] {processor.py:171} INFO - Processing /opt/airflow/dags/data_ingestion_gcs_dag.py took 0.618 seconds
[2022-01-31 17:56:33,567] {processor.py:163} INFO - Started process (PID=298) to work on /opt/airflow/dags/data_ingestion_gcs_dag.py
[2022-01-31 17:56:33,581] {processor.py:642} INFO - Processing file /opt/airflow/dags/data_ingestion_gcs_dag.py for tasks to queue
[2022-01-31 17:56:33,582] {logging_mixin.py:109} INFO - [2022-01-31 17:56:33,582] {dagbag.py:500} INFO - Filling up the DagBag from /opt/airflow/dags/data_ingestion_gcs_dag.py
[2022-01-31 17:56:34,081] {processor.py:654} INFO - DAG(s) dict_keys(['data_ingestion_gcs_dag']) retrieved from /opt/airflow/dags/data_ingestion_gcs_dag.py
[2022-01-31 17:56:34,087] {logging_mixin.py:109} INFO - [2022-01-31 17:56:34,087] {dag.py:2396} INFO - Sync 1 DAGs
[2022-01-31 17:56:34,099] {logging_mixin.py:109} INFO - [2022-01-31 17:56:34,099] {dag.py:2935} INFO - Setting next_dagrun for data_ingestion_gcs_dag to 2022-01-31T00:00:00+00:00
[2022-01-31 17:56:34,118] {processor.py:171} INFO - Processing /opt/airflow/dags/data_ingestion_gcs_dag.py took 0.554 seconds
[2022-01-31 17:57:04,211] {processor.py:163} INFO - Started process (PID=304) to work on /opt/airflow/dags/data_ingestion_gcs_dag.py
[2022-01-31 17:57:04,212] {processor.py:642} INFO - Processing file /opt/airflow/dags/data_ingestion_gcs_dag.py for tasks to queue
[2022-01-31 17:57:04,212] {logging_mixin.py:109} INFO - [2022-01-31 17:57:04,212] {dagbag.py:500} INFO - Filling up the DagBag from /opt/airflow/dags/data_ingestion_gcs_dag.py
[2022-01-31 17:57:04,882] {processor.py:654} INFO - DAG(s) dict_keys(['data_ingestion_gcs_dag']) retrieved from /opt/airflow/dags/data_ingestion_gcs_dag.py
[2022-01-31 17:57:04,891] {logging_mixin.py:109} INFO - [2022-01-31 17:57:04,891] {dag.py:2396} INFO - Sync 1 DAGs
[2022-01-31 17:57:04,903] {logging_mixin.py:109} INFO - [2022-01-31 17:57:04,903] {dag.py:2935} INFO - Setting next_dagrun for data_ingestion_gcs_dag to 2022-01-31T00:00:00+00:00
[2022-01-31 17:57:04,923] {processor.py:171} INFO - Processing /opt/airflow/dags/data_ingestion_gcs_dag.py took 0.714 seconds
