[2022-02-15 15:44:50,168] {taskinstance.py:1032} INFO - Dependencies all met for <TaskInstance: data_ingestion_green_taxi_data.remove_temp_files scheduled__2020-09-01T00:00:00+00:00 [queued]>
[2022-02-15 15:44:50,187] {taskinstance.py:1032} INFO - Dependencies all met for <TaskInstance: data_ingestion_green_taxi_data.remove_temp_files scheduled__2020-09-01T00:00:00+00:00 [queued]>
[2022-02-15 15:44:50,187] {taskinstance.py:1238} INFO - 
--------------------------------------------------------------------------------
[2022-02-15 15:44:50,187] {taskinstance.py:1239} INFO - Starting attempt 1 of 2
[2022-02-15 15:44:50,187] {taskinstance.py:1240} INFO - 
--------------------------------------------------------------------------------
[2022-02-15 15:44:50,220] {taskinstance.py:1259} INFO - Executing <Task(BashOperator): remove_temp_files> on 2020-09-01 00:00:00+00:00
[2022-02-15 15:44:50,225] {standard_task_runner.py:52} INFO - Started process 1147 to run task
[2022-02-15 15:44:50,235] {standard_task_runner.py:76} INFO - Running: ['***', 'tasks', 'run', 'data_ingestion_green_taxi_data', 'remove_temp_files', 'scheduled__2020-09-01T00:00:00+00:00', '--job-id', '242', '--raw', '--subdir', 'DAGS_FOLDER/ingest_green_taxi_data.py', '--cfg-path', '/tmp/tmppw9fkb6e', '--error-file', '/tmp/tmp6im3clpv']
[2022-02-15 15:44:50,236] {standard_task_runner.py:77} INFO - Job 242: Subtask remove_temp_files
[2022-02-15 15:44:50,298] {logging_mixin.py:109} INFO - Running <TaskInstance: data_ingestion_green_taxi_data.remove_temp_files scheduled__2020-09-01T00:00:00+00:00 [running]> on host 883ba1f1f430
[2022-02-15 15:44:50,346] {logging_mixin.py:109} WARNING - /home/***/.local/lib/python3.7/site-packages/***/utils/context.py:152 AirflowContextDeprecationWarning: Accessing 'execution_date' from the template is deprecated and will be removed in a future version. Please use 'data_interval_start' or 'logical_date' instead.
[2022-02-15 15:44:50,367] {taskinstance.py:1426} INFO - Exporting the following env vars:
AIRFLOW_CTX_DAG_OWNER=***
AIRFLOW_CTX_DAG_ID=data_ingestion_green_taxi_data
AIRFLOW_CTX_TASK_ID=remove_temp_files
AIRFLOW_CTX_EXECUTION_DATE=2020-09-01T00:00:00+00:00
AIRFLOW_CTX_DAG_RUN_ID=scheduled__2020-09-01T00:00:00+00:00
[2022-02-15 15:44:50,368] {subprocess.py:62} INFO - Tmp dir root location: 
 /tmp
[2022-02-15 15:44:50,368] {subprocess.py:74} INFO - Running command: ['bash', '-c', 'rm /opt/***/green_tripdata_2020-09.csv /opt/***/green_tripdata_2020-09.parquet']
[2022-02-15 15:44:50,378] {subprocess.py:85} INFO - Output:
[2022-02-15 15:44:50,382] {subprocess.py:93} INFO - Command exited with return code 0
[2022-02-15 15:44:50,405] {taskinstance.py:1277} INFO - Marking task as SUCCESS. dag_id=data_ingestion_green_taxi_data, task_id=remove_temp_files, execution_date=20200901T000000, start_date=20220215T154450, end_date=20220215T154450
[2022-02-15 15:44:50,450] {local_task_job.py:154} INFO - Task exited with return code 0
[2022-02-15 15:44:50,484] {local_task_job.py:264} INFO - 0 downstream tasks scheduled from follow-on schedule check
