[2022-02-02 12:53:36,763] {taskinstance.py:1032} INFO - Dependencies all met for <TaskInstance: data_ingestion_yellow_taxi_data.local_to_gcs_task scheduled__2019-11-01T00:00:00+00:00 [queued]>
[2022-02-02 12:53:36,791] {taskinstance.py:1032} INFO - Dependencies all met for <TaskInstance: data_ingestion_yellow_taxi_data.local_to_gcs_task scheduled__2019-11-01T00:00:00+00:00 [queued]>
[2022-02-02 12:53:36,791] {taskinstance.py:1238} INFO - 
--------------------------------------------------------------------------------
[2022-02-02 12:53:36,791] {taskinstance.py:1239} INFO - Starting attempt 1 of 2
[2022-02-02 12:53:36,791] {taskinstance.py:1240} INFO - 
--------------------------------------------------------------------------------
[2022-02-02 12:53:36,846] {taskinstance.py:1259} INFO - Executing <Task(PythonOperator): local_to_gcs_task> on 2019-11-01 00:00:00+00:00
[2022-02-02 12:53:36,853] {standard_task_runner.py:52} INFO - Started process 1368 to run task
[2022-02-02 12:53:36,884] {standard_task_runner.py:76} INFO - Running: ['***', 'tasks', 'run', 'data_ingestion_yellow_taxi_data', 'local_to_gcs_task', 'scheduled__2019-11-01T00:00:00+00:00', '--job-id', '53', '--raw', '--subdir', 'DAGS_FOLDER/ingest_yellow_taxi_data.py', '--cfg-path', '/tmp/tmp7kqf5r0m', '--error-file', '/tmp/tmp7wz8_6m3']
[2022-02-02 12:53:36,885] {standard_task_runner.py:77} INFO - Job 53: Subtask local_to_gcs_task
[2022-02-02 12:53:37,038] {logging_mixin.py:109} INFO - Running <TaskInstance: data_ingestion_yellow_taxi_data.local_to_gcs_task scheduled__2019-11-01T00:00:00+00:00 [running]> on host 883ba1f1f430
[2022-02-02 12:53:37,144] {logging_mixin.py:109} WARNING - /home/***/.local/lib/python3.7/site-packages/***/utils/context.py:152 AirflowContextDeprecationWarning: Accessing 'execution_date' from the template is deprecated and will be removed in a future version. Please use 'data_interval_start' or 'logical_date' instead.
[2022-02-02 12:53:37,180] {taskinstance.py:1426} INFO - Exporting the following env vars:
AIRFLOW_CTX_DAG_OWNER=***
AIRFLOW_CTX_DAG_ID=data_ingestion_yellow_taxi_data
AIRFLOW_CTX_TASK_ID=local_to_gcs_task
AIRFLOW_CTX_EXECUTION_DATE=2019-11-01T00:00:00+00:00
AIRFLOW_CTX_DAG_RUN_ID=scheduled__2019-11-01T00:00:00+00:00
[2022-02-02 12:53:56,595] {python.py:175} INFO - Done. Returned value was: None
[2022-02-02 12:53:56,622] {taskinstance.py:1277} INFO - Marking task as SUCCESS. dag_id=data_ingestion_yellow_taxi_data, task_id=local_to_gcs_task, execution_date=20191101T000000, start_date=20220202T125336, end_date=20220202T125356
[2022-02-02 12:53:56,689] {local_task_job.py:154} INFO - Task exited with return code 0
[2022-02-02 12:53:56,761] {local_task_job.py:264} INFO - 1 downstream tasks scheduled from follow-on schedule check
