[2022-02-02 13:41:42,912] {taskinstance.py:1032} INFO - Dependencies all met for <TaskInstance: data_ingestion_for_hire_vehicles.remove_temp_files scheduled__2019-01-01T00:00:00+00:00 [queued]>
[2022-02-02 13:41:42,925] {taskinstance.py:1032} INFO - Dependencies all met for <TaskInstance: data_ingestion_for_hire_vehicles.remove_temp_files scheduled__2019-01-01T00:00:00+00:00 [queued]>
[2022-02-02 13:41:42,925] {taskinstance.py:1238} INFO - 
--------------------------------------------------------------------------------
[2022-02-02 13:41:42,925] {taskinstance.py:1239} INFO - Starting attempt 1 of 2
[2022-02-02 13:41:42,925] {taskinstance.py:1240} INFO - 
--------------------------------------------------------------------------------
[2022-02-02 13:41:42,943] {taskinstance.py:1259} INFO - Executing <Task(BashOperator): remove_temp_files> on 2019-01-01 00:00:00+00:00
[2022-02-02 13:41:42,946] {standard_task_runner.py:52} INFO - Started process 3069 to run task
[2022-02-02 13:41:42,958] {standard_task_runner.py:76} INFO - Running: ['***', 'tasks', 'run', 'data_ingestion_for_hire_vehicles', 'remove_temp_files', 'scheduled__2019-01-01T00:00:00+00:00', '--job-id', '109', '--raw', '--subdir', 'DAGS_FOLDER/ingest_for_hire_vehicles_data.py', '--cfg-path', '/tmp/tmp7j2fj2wj', '--error-file', '/tmp/tmp8p0zv1q8']
[2022-02-02 13:41:42,960] {standard_task_runner.py:77} INFO - Job 109: Subtask remove_temp_files
[2022-02-02 13:41:43,037] {logging_mixin.py:109} INFO - Running <TaskInstance: data_ingestion_for_hire_vehicles.remove_temp_files scheduled__2019-01-01T00:00:00+00:00 [running]> on host 883ba1f1f430
[2022-02-02 13:41:43,105] {logging_mixin.py:109} WARNING - /home/***/.local/lib/python3.7/site-packages/***/utils/context.py:152 AirflowContextDeprecationWarning: Accessing 'execution_date' from the template is deprecated and will be removed in a future version. Please use 'data_interval_start' or 'logical_date' instead.
[2022-02-02 13:41:43,141] {taskinstance.py:1426} INFO - Exporting the following env vars:
AIRFLOW_CTX_DAG_OWNER=***
AIRFLOW_CTX_DAG_ID=data_ingestion_for_hire_vehicles
AIRFLOW_CTX_TASK_ID=remove_temp_files
AIRFLOW_CTX_EXECUTION_DATE=2019-01-01T00:00:00+00:00
AIRFLOW_CTX_DAG_RUN_ID=scheduled__2019-01-01T00:00:00+00:00
[2022-02-02 13:41:43,142] {subprocess.py:62} INFO - Tmp dir root location: 
 /tmp
[2022-02-02 13:41:43,143] {subprocess.py:74} INFO - Running command: ['bash', '-c', 'rm /opt/***/fhv_tripdata_2019-01.csv /opt/***/fhv_tripdata_2019-01.parquet']
[2022-02-02 13:41:43,173] {subprocess.py:85} INFO - Output:
[2022-02-02 13:41:43,221] {subprocess.py:93} INFO - Command exited with return code 0
[2022-02-02 13:41:43,283] {taskinstance.py:1277} INFO - Marking task as SUCCESS. dag_id=data_ingestion_for_hire_vehicles, task_id=remove_temp_files, execution_date=20190101T000000, start_date=20220202T134142, end_date=20220202T134143
[2022-02-02 13:41:43,361] {local_task_job.py:154} INFO - Task exited with return code 0
[2022-02-02 13:41:43,435] {local_task_job.py:264} INFO - 0 downstream tasks scheduled from follow-on schedule check
