[2022-02-02 12:28:49,233] {taskinstance.py:1032} INFO - Dependencies all met for <TaskInstance: data_ingestion_yellow_taxi_data.format_to_parquet_task scheduled__2019-01-01T00:00:00+00:00 [queued]>
[2022-02-02 12:28:49,257] {taskinstance.py:1032} INFO - Dependencies all met for <TaskInstance: data_ingestion_yellow_taxi_data.format_to_parquet_task scheduled__2019-01-01T00:00:00+00:00 [queued]>
[2022-02-02 12:28:49,257] {taskinstance.py:1238} INFO - 
--------------------------------------------------------------------------------
[2022-02-02 12:28:49,257] {taskinstance.py:1239} INFO - Starting attempt 1 of 2
[2022-02-02 12:28:49,257] {taskinstance.py:1240} INFO - 
--------------------------------------------------------------------------------
[2022-02-02 12:28:49,292] {taskinstance.py:1259} INFO - Executing <Task(PythonOperator): format_to_parquet_task> on 2019-01-01 00:00:00+00:00
[2022-02-02 12:28:49,297] {standard_task_runner.py:52} INFO - Started process 612 to run task
[2022-02-02 12:28:49,307] {standard_task_runner.py:76} INFO - Running: ['***', 'tasks', 'run', 'data_ingestion_yellow_taxi_data', 'format_to_parquet_task', 'scheduled__2019-01-01T00:00:00+00:00', '--job-id', '12', '--raw', '--subdir', 'DAGS_FOLDER/ingest_yellow_taxi_data.py', '--cfg-path', '/tmp/tmp_0le1px8', '--error-file', '/tmp/tmpmq63pmti']
[2022-02-02 12:28:49,307] {standard_task_runner.py:77} INFO - Job 12: Subtask format_to_parquet_task
[2022-02-02 12:28:49,374] {logging_mixin.py:109} INFO - Running <TaskInstance: data_ingestion_yellow_taxi_data.format_to_parquet_task scheduled__2019-01-01T00:00:00+00:00 [running]> on host 883ba1f1f430
[2022-02-02 12:28:49,428] {logging_mixin.py:109} WARNING - /home/***/.local/lib/python3.7/site-packages/***/utils/context.py:152 AirflowContextDeprecationWarning: Accessing 'execution_date' from the template is deprecated and will be removed in a future version. Please use 'data_interval_start' or 'logical_date' instead.
[2022-02-02 12:28:49,454] {taskinstance.py:1426} INFO - Exporting the following env vars:
AIRFLOW_CTX_DAG_OWNER=***
AIRFLOW_CTX_DAG_ID=data_ingestion_yellow_taxi_data
AIRFLOW_CTX_TASK_ID=format_to_parquet_task
AIRFLOW_CTX_EXECUTION_DATE=2019-01-01T00:00:00+00:00
AIRFLOW_CTX_DAG_RUN_ID=scheduled__2019-01-01T00:00:00+00:00
[2022-02-02 12:29:15,442] {python.py:175} INFO - Done. Returned value was: None
[2022-02-02 12:29:16,773] {taskinstance.py:1277} INFO - Marking task as SUCCESS. dag_id=data_ingestion_yellow_taxi_data, task_id=format_to_parquet_task, execution_date=20190101T000000, start_date=20220202T122849, end_date=20220202T122916
[2022-02-02 12:29:17,036] {local_task_job.py:154} INFO - Task exited with return code 0
[2022-02-02 12:29:17,304] {local_task_job.py:264} INFO - 1 downstream tasks scheduled from follow-on schedule check
