[2022-02-02 12:34:50,692] {taskinstance.py:1032} INFO - Dependencies all met for <TaskInstance: data_ingestion_yellow_taxi_data.download_dataset_task scheduled__2019-05-01T00:00:00+00:00 [queued]>
[2022-02-02 12:34:50,701] {taskinstance.py:1032} INFO - Dependencies all met for <TaskInstance: data_ingestion_yellow_taxi_data.download_dataset_task scheduled__2019-05-01T00:00:00+00:00 [queued]>
[2022-02-02 12:34:50,701] {taskinstance.py:1238} INFO - 
--------------------------------------------------------------------------------
[2022-02-02 12:34:50,701] {taskinstance.py:1239} INFO - Starting attempt 1 of 2
[2022-02-02 12:34:50,701] {taskinstance.py:1240} INFO - 
--------------------------------------------------------------------------------
[2022-02-02 12:34:50,717] {taskinstance.py:1259} INFO - Executing <Task(BashOperator): download_dataset_task> on 2019-05-01 00:00:00+00:00
[2022-02-02 12:34:50,720] {standard_task_runner.py:52} INFO - Started process 806 to run task
[2022-02-02 12:34:50,726] {standard_task_runner.py:76} INFO - Running: ['***', 'tasks', 'run', 'data_ingestion_yellow_taxi_data', 'download_dataset_task', 'scheduled__2019-05-01T00:00:00+00:00', '--job-id', '25', '--raw', '--subdir', 'DAGS_FOLDER/ingest_yellow_taxi_data.py', '--cfg-path', '/tmp/tmplalsda2d', '--error-file', '/tmp/tmp_j6nqi0_']
[2022-02-02 12:34:50,727] {standard_task_runner.py:77} INFO - Job 25: Subtask download_dataset_task
[2022-02-02 12:34:50,808] {logging_mixin.py:109} INFO - Running <TaskInstance: data_ingestion_yellow_taxi_data.download_dataset_task scheduled__2019-05-01T00:00:00+00:00 [running]> on host 883ba1f1f430
[2022-02-02 12:34:50,871] {logging_mixin.py:109} WARNING - /home/***/.local/lib/python3.7/site-packages/***/utils/context.py:152 AirflowContextDeprecationWarning: Accessing 'execution_date' from the template is deprecated and will be removed in a future version. Please use 'data_interval_start' or 'logical_date' instead.
[2022-02-02 12:34:50,890] {taskinstance.py:1426} INFO - Exporting the following env vars:
AIRFLOW_CTX_DAG_OWNER=***
AIRFLOW_CTX_DAG_ID=data_ingestion_yellow_taxi_data
AIRFLOW_CTX_TASK_ID=download_dataset_task
AIRFLOW_CTX_EXECUTION_DATE=2019-05-01T00:00:00+00:00
AIRFLOW_CTX_DAG_RUN_ID=scheduled__2019-05-01T00:00:00+00:00
[2022-02-02 12:34:50,891] {subprocess.py:62} INFO - Tmp dir root location: 
 /tmp
[2022-02-02 12:34:50,892] {subprocess.py:74} INFO - Running command: ['bash', '-c', 'curl -sSLf https://s3.amazonaws.com/nyc-tlc/trip+data/yellow_tripdata_2019-05.csv > /opt/***/yellow_tripdata_2019-05.csv']
[2022-02-02 12:34:50,898] {subprocess.py:85} INFO - Output:
[2022-02-02 12:40:25,298] {subprocess.py:93} INFO - Command exited with return code 0
[2022-02-02 12:40:25,320] {taskinstance.py:1277} INFO - Marking task as SUCCESS. dag_id=data_ingestion_yellow_taxi_data, task_id=download_dataset_task, execution_date=20190501T000000, start_date=20220202T123450, end_date=20220202T124025
[2022-02-02 12:40:25,362] {local_task_job.py:154} INFO - Task exited with return code 0
[2022-02-02 12:40:25,415] {local_task_job.py:264} INFO - 1 downstream tasks scheduled from follow-on schedule check
