[2022-02-02 13:46:21,253] {taskinstance.py:1032} INFO - Dependencies all met for <TaskInstance: data_ingestion_for_hire_vehicles.remove_temp_files scheduled__2019-05-01T00:00:00+00:00 [queued]>
[2022-02-02 13:46:21,261] {taskinstance.py:1032} INFO - Dependencies all met for <TaskInstance: data_ingestion_for_hire_vehicles.remove_temp_files scheduled__2019-05-01T00:00:00+00:00 [queued]>
[2022-02-02 13:46:21,261] {taskinstance.py:1238} INFO - 
--------------------------------------------------------------------------------
[2022-02-02 13:46:21,262] {taskinstance.py:1239} INFO - Starting attempt 1 of 2
[2022-02-02 13:46:21,262] {taskinstance.py:1240} INFO - 
--------------------------------------------------------------------------------
[2022-02-02 13:46:21,274] {taskinstance.py:1259} INFO - Executing <Task(BashOperator): remove_temp_files> on 2019-05-01 00:00:00+00:00
[2022-02-02 13:46:21,277] {standard_task_runner.py:52} INFO - Started process 3297 to run task
[2022-02-02 13:46:21,283] {standard_task_runner.py:76} INFO - Running: ['***', 'tasks', 'run', 'data_ingestion_for_hire_vehicles', 'remove_temp_files', 'scheduled__2019-05-01T00:00:00+00:00', '--job-id', '125', '--raw', '--subdir', 'DAGS_FOLDER/ingest_for_hire_vehicles_data.py', '--cfg-path', '/tmp/tmpqszqmba_', '--error-file', '/tmp/tmp_3v76fet']
[2022-02-02 13:46:21,284] {standard_task_runner.py:77} INFO - Job 125: Subtask remove_temp_files
[2022-02-02 13:46:21,334] {logging_mixin.py:109} INFO - Running <TaskInstance: data_ingestion_for_hire_vehicles.remove_temp_files scheduled__2019-05-01T00:00:00+00:00 [running]> on host 883ba1f1f430
[2022-02-02 13:46:21,378] {logging_mixin.py:109} WARNING - /home/***/.local/lib/python3.7/site-packages/***/utils/context.py:152 AirflowContextDeprecationWarning: Accessing 'execution_date' from the template is deprecated and will be removed in a future version. Please use 'data_interval_start' or 'logical_date' instead.
[2022-02-02 13:46:21,398] {taskinstance.py:1426} INFO - Exporting the following env vars:
AIRFLOW_CTX_DAG_OWNER=***
AIRFLOW_CTX_DAG_ID=data_ingestion_for_hire_vehicles
AIRFLOW_CTX_TASK_ID=remove_temp_files
AIRFLOW_CTX_EXECUTION_DATE=2019-05-01T00:00:00+00:00
AIRFLOW_CTX_DAG_RUN_ID=scheduled__2019-05-01T00:00:00+00:00
[2022-02-02 13:46:21,398] {subprocess.py:62} INFO - Tmp dir root location: 
 /tmp
[2022-02-02 13:46:21,399] {subprocess.py:74} INFO - Running command: ['bash', '-c', 'rm /opt/***/fhv_tripdata_2019-05.csv /opt/***/fhv_tripdata_2019-05.parquet']
[2022-02-02 13:46:21,405] {subprocess.py:85} INFO - Output:
[2022-02-02 13:46:21,421] {subprocess.py:93} INFO - Command exited with return code 0
[2022-02-02 13:46:21,441] {taskinstance.py:1277} INFO - Marking task as SUCCESS. dag_id=data_ingestion_for_hire_vehicles, task_id=remove_temp_files, execution_date=20190501T000000, start_date=20220202T134621, end_date=20220202T134621
[2022-02-02 13:46:21,496] {local_task_job.py:154} INFO - Task exited with return code 0
[2022-02-02 13:46:21,534] {local_task_job.py:264} INFO - 0 downstream tasks scheduled from follow-on schedule check
