[2022-02-02 13:01:09,643] {taskinstance.py:1032} INFO - Dependencies all met for <TaskInstance: data_ingestion_yellow_taxi_data.remove_temp_files scheduled__2020-03-01T00:00:00+00:00 [queued]>
[2022-02-02 13:01:09,651] {taskinstance.py:1032} INFO - Dependencies all met for <TaskInstance: data_ingestion_yellow_taxi_data.remove_temp_files scheduled__2020-03-01T00:00:00+00:00 [queued]>
[2022-02-02 13:01:09,652] {taskinstance.py:1238} INFO - 
--------------------------------------------------------------------------------
[2022-02-02 13:01:09,652] {taskinstance.py:1239} INFO - Starting attempt 1 of 2
[2022-02-02 13:01:09,652] {taskinstance.py:1240} INFO - 
--------------------------------------------------------------------------------
[2022-02-02 13:01:09,678] {taskinstance.py:1259} INFO - Executing <Task(BashOperator): remove_temp_files> on 2020-03-01 00:00:00+00:00
[2022-02-02 13:01:09,686] {standard_task_runner.py:52} INFO - Started process 1622 to run task
[2022-02-02 13:01:09,694] {standard_task_runner.py:76} INFO - Running: ['***', 'tasks', 'run', 'data_ingestion_yellow_taxi_data', 'remove_temp_files', 'scheduled__2020-03-01T00:00:00+00:00', '--job-id', '70', '--raw', '--subdir', 'DAGS_FOLDER/ingest_yellow_taxi_data.py', '--cfg-path', '/tmp/tmp8g8eogky', '--error-file', '/tmp/tmpsty03gkv']
[2022-02-02 13:01:09,695] {standard_task_runner.py:77} INFO - Job 70: Subtask remove_temp_files
[2022-02-02 13:01:09,766] {logging_mixin.py:109} INFO - Running <TaskInstance: data_ingestion_yellow_taxi_data.remove_temp_files scheduled__2020-03-01T00:00:00+00:00 [running]> on host 883ba1f1f430
[2022-02-02 13:01:09,847] {logging_mixin.py:109} WARNING - /home/***/.local/lib/python3.7/site-packages/***/utils/context.py:152 AirflowContextDeprecationWarning: Accessing 'execution_date' from the template is deprecated and will be removed in a future version. Please use 'data_interval_start' or 'logical_date' instead.
[2022-02-02 13:01:09,873] {taskinstance.py:1426} INFO - Exporting the following env vars:
AIRFLOW_CTX_DAG_OWNER=***
AIRFLOW_CTX_DAG_ID=data_ingestion_yellow_taxi_data
AIRFLOW_CTX_TASK_ID=remove_temp_files
AIRFLOW_CTX_EXECUTION_DATE=2020-03-01T00:00:00+00:00
AIRFLOW_CTX_DAG_RUN_ID=scheduled__2020-03-01T00:00:00+00:00
[2022-02-02 13:01:09,874] {subprocess.py:62} INFO - Tmp dir root location: 
 /tmp
[2022-02-02 13:01:09,874] {subprocess.py:74} INFO - Running command: ['bash', '-c', 'rm /opt/***/yellow_tripdata_2020-03.csv /opt/***/yellow_tripdata_2020-03.parquet']
[2022-02-02 13:01:09,883] {subprocess.py:85} INFO - Output:
[2022-02-02 13:01:09,935] {subprocess.py:93} INFO - Command exited with return code 0
[2022-02-02 13:01:09,983] {taskinstance.py:1277} INFO - Marking task as SUCCESS. dag_id=data_ingestion_yellow_taxi_data, task_id=remove_temp_files, execution_date=20200301T000000, start_date=20220202T130109, end_date=20220202T130109
[2022-02-02 13:01:10,028] {local_task_job.py:154} INFO - Task exited with return code 0
[2022-02-02 13:01:10,122] {local_task_job.py:264} INFO - 0 downstream tasks scheduled from follow-on schedule check
