[2022-02-15 15:33:36,883] {processor.py:163} INFO - Started process (PID=164) to work on /opt/airflow/dags/ingest_taxi_zone_data.py
[2022-02-15 15:33:36,907] {processor.py:642} INFO - Processing file /opt/airflow/dags/ingest_taxi_zone_data.py for tasks to queue
[2022-02-15 15:33:36,907] {logging_mixin.py:109} INFO - [2022-02-15 15:33:36,907] {dagbag.py:500} INFO - Filling up the DagBag from /opt/airflow/dags/ingest_taxi_zone_data.py
[2022-02-15 15:33:37,950] {processor.py:654} INFO - DAG(s) dict_keys(['data_ingestion_for_taxi_zone']) retrieved from /opt/airflow/dags/ingest_taxi_zone_data.py
[2022-02-15 15:33:38,070] {logging_mixin.py:109} INFO - [2022-02-15 15:33:38,060] {dag.py:2396} INFO - Sync 1 DAGs
[2022-02-15 15:33:38,177] {logging_mixin.py:109} INFO - [2022-02-15 15:33:38,177] {dag.py:2935} INFO - Setting next_dagrun for data_ingestion_for_taxi_zone to None
[2022-02-15 15:33:38,221] {processor.py:171} INFO - Processing /opt/airflow/dags/ingest_taxi_zone_data.py took 1.372 seconds
[2022-02-15 15:34:08,465] {processor.py:163} INFO - Started process (PID=189) to work on /opt/airflow/dags/ingest_taxi_zone_data.py
[2022-02-15 15:34:08,689] {processor.py:642} INFO - Processing file /opt/airflow/dags/ingest_taxi_zone_data.py for tasks to queue
[2022-02-15 15:34:08,691] {logging_mixin.py:109} INFO - [2022-02-15 15:34:08,691] {dagbag.py:500} INFO - Filling up the DagBag from /opt/airflow/dags/ingest_taxi_zone_data.py
[2022-02-15 15:34:09,111] {processor.py:654} INFO - DAG(s) dict_keys(['data_ingestion_for_taxi_zone']) retrieved from /opt/airflow/dags/ingest_taxi_zone_data.py
[2022-02-15 15:34:09,131] {logging_mixin.py:109} INFO - [2022-02-15 15:34:09,131] {dag.py:2396} INFO - Sync 1 DAGs
[2022-02-15 15:34:09,170] {logging_mixin.py:109} INFO - [2022-02-15 15:34:09,170] {dag.py:2935} INFO - Setting next_dagrun for data_ingestion_for_taxi_zone to None
[2022-02-15 15:34:09,181] {processor.py:171} INFO - Processing /opt/airflow/dags/ingest_taxi_zone_data.py took 0.719 seconds
[2022-02-15 15:34:39,774] {processor.py:163} INFO - Started process (PID=213) to work on /opt/airflow/dags/ingest_taxi_zone_data.py
[2022-02-15 15:34:39,813] {processor.py:642} INFO - Processing file /opt/airflow/dags/ingest_taxi_zone_data.py for tasks to queue
[2022-02-15 15:34:39,821] {logging_mixin.py:109} INFO - [2022-02-15 15:34:39,820] {dagbag.py:500} INFO - Filling up the DagBag from /opt/airflow/dags/ingest_taxi_zone_data.py
[2022-02-15 15:34:41,010] {processor.py:654} INFO - DAG(s) dict_keys(['data_ingestion_for_taxi_zone']) retrieved from /opt/airflow/dags/ingest_taxi_zone_data.py
[2022-02-15 15:34:41,133] {logging_mixin.py:109} INFO - [2022-02-15 15:34:41,133] {dag.py:2396} INFO - Sync 1 DAGs
[2022-02-15 15:34:41,313] {logging_mixin.py:109} INFO - [2022-02-15 15:34:41,312] {dag.py:2935} INFO - Setting next_dagrun for data_ingestion_for_taxi_zone to None
[2022-02-15 15:34:41,379] {processor.py:171} INFO - Processing /opt/airflow/dags/ingest_taxi_zone_data.py took 1.626 seconds
[2022-02-15 15:35:11,555] {processor.py:163} INFO - Started process (PID=237) to work on /opt/airflow/dags/ingest_taxi_zone_data.py
[2022-02-15 15:35:11,567] {processor.py:642} INFO - Processing file /opt/airflow/dags/ingest_taxi_zone_data.py for tasks to queue
[2022-02-15 15:35:11,568] {logging_mixin.py:109} INFO - [2022-02-15 15:35:11,568] {dagbag.py:500} INFO - Filling up the DagBag from /opt/airflow/dags/ingest_taxi_zone_data.py
[2022-02-15 15:35:11,863] {processor.py:654} INFO - DAG(s) dict_keys(['data_ingestion_for_taxi_zone']) retrieved from /opt/airflow/dags/ingest_taxi_zone_data.py
[2022-02-15 15:35:11,883] {logging_mixin.py:109} INFO - [2022-02-15 15:35:11,883] {dag.py:2396} INFO - Sync 1 DAGs
[2022-02-15 15:35:11,924] {logging_mixin.py:109} INFO - [2022-02-15 15:35:11,924] {dag.py:2935} INFO - Setting next_dagrun for data_ingestion_for_taxi_zone to None
[2022-02-15 15:35:11,937] {processor.py:171} INFO - Processing /opt/airflow/dags/ingest_taxi_zone_data.py took 0.384 seconds
[2022-02-15 15:35:42,361] {processor.py:163} INFO - Started process (PID=261) to work on /opt/airflow/dags/ingest_taxi_zone_data.py
[2022-02-15 15:35:42,374] {processor.py:642} INFO - Processing file /opt/airflow/dags/ingest_taxi_zone_data.py for tasks to queue
[2022-02-15 15:35:42,374] {logging_mixin.py:109} INFO - [2022-02-15 15:35:42,374] {dagbag.py:500} INFO - Filling up the DagBag from /opt/airflow/dags/ingest_taxi_zone_data.py
[2022-02-15 15:35:42,700] {processor.py:654} INFO - DAG(s) dict_keys(['data_ingestion_for_taxi_zone']) retrieved from /opt/airflow/dags/ingest_taxi_zone_data.py
[2022-02-15 15:35:42,715] {logging_mixin.py:109} INFO - [2022-02-15 15:35:42,715] {dag.py:2396} INFO - Sync 1 DAGs
[2022-02-15 15:35:42,741] {logging_mixin.py:109} INFO - [2022-02-15 15:35:42,741] {dag.py:2935} INFO - Setting next_dagrun for data_ingestion_for_taxi_zone to None
[2022-02-15 15:35:42,765] {processor.py:171} INFO - Processing /opt/airflow/dags/ingest_taxi_zone_data.py took 0.406 seconds
[2022-02-15 15:36:13,096] {processor.py:163} INFO - Started process (PID=285) to work on /opt/airflow/dags/ingest_taxi_zone_data.py
[2022-02-15 15:36:13,116] {processor.py:642} INFO - Processing file /opt/airflow/dags/ingest_taxi_zone_data.py for tasks to queue
[2022-02-15 15:36:13,117] {logging_mixin.py:109} INFO - [2022-02-15 15:36:13,117] {dagbag.py:500} INFO - Filling up the DagBag from /opt/airflow/dags/ingest_taxi_zone_data.py
[2022-02-15 15:36:13,486] {processor.py:654} INFO - DAG(s) dict_keys(['data_ingestion_for_taxi_zone']) retrieved from /opt/airflow/dags/ingest_taxi_zone_data.py
[2022-02-15 15:36:13,504] {logging_mixin.py:109} INFO - [2022-02-15 15:36:13,503] {dag.py:2396} INFO - Sync 1 DAGs
[2022-02-15 15:36:13,529] {logging_mixin.py:109} INFO - [2022-02-15 15:36:13,529] {dag.py:2935} INFO - Setting next_dagrun for data_ingestion_for_taxi_zone to None
[2022-02-15 15:36:13,549] {processor.py:171} INFO - Processing /opt/airflow/dags/ingest_taxi_zone_data.py took 0.456 seconds
[2022-02-15 15:36:44,008] {processor.py:163} INFO - Started process (PID=309) to work on /opt/airflow/dags/ingest_taxi_zone_data.py
[2022-02-15 15:36:44,022] {processor.py:642} INFO - Processing file /opt/airflow/dags/ingest_taxi_zone_data.py for tasks to queue
[2022-02-15 15:36:44,022] {logging_mixin.py:109} INFO - [2022-02-15 15:36:44,022] {dagbag.py:500} INFO - Filling up the DagBag from /opt/airflow/dags/ingest_taxi_zone_data.py
[2022-02-15 15:36:44,310] {processor.py:654} INFO - DAG(s) dict_keys(['data_ingestion_for_taxi_zone']) retrieved from /opt/airflow/dags/ingest_taxi_zone_data.py
[2022-02-15 15:36:44,328] {logging_mixin.py:109} INFO - [2022-02-15 15:36:44,328] {dag.py:2396} INFO - Sync 1 DAGs
[2022-02-15 15:36:44,353] {logging_mixin.py:109} INFO - [2022-02-15 15:36:44,353] {dag.py:2935} INFO - Setting next_dagrun for data_ingestion_for_taxi_zone to None
[2022-02-15 15:36:44,378] {processor.py:171} INFO - Processing /opt/airflow/dags/ingest_taxi_zone_data.py took 0.372 seconds
[2022-02-15 15:37:14,686] {processor.py:163} INFO - Started process (PID=333) to work on /opt/airflow/dags/ingest_taxi_zone_data.py
[2022-02-15 15:37:14,701] {processor.py:642} INFO - Processing file /opt/airflow/dags/ingest_taxi_zone_data.py for tasks to queue
[2022-02-15 15:37:14,702] {logging_mixin.py:109} INFO - [2022-02-15 15:37:14,702] {dagbag.py:500} INFO - Filling up the DagBag from /opt/airflow/dags/ingest_taxi_zone_data.py
[2022-02-15 15:37:15,024] {processor.py:654} INFO - DAG(s) dict_keys(['data_ingestion_for_taxi_zone']) retrieved from /opt/airflow/dags/ingest_taxi_zone_data.py
[2022-02-15 15:37:15,045] {logging_mixin.py:109} INFO - [2022-02-15 15:37:15,045] {dag.py:2396} INFO - Sync 1 DAGs
[2022-02-15 15:37:15,068] {logging_mixin.py:109} INFO - [2022-02-15 15:37:15,068] {dag.py:2935} INFO - Setting next_dagrun for data_ingestion_for_taxi_zone to None
[2022-02-15 15:37:15,093] {processor.py:171} INFO - Processing /opt/airflow/dags/ingest_taxi_zone_data.py took 0.409 seconds
[2022-02-15 15:37:45,520] {processor.py:163} INFO - Started process (PID=357) to work on /opt/airflow/dags/ingest_taxi_zone_data.py
[2022-02-15 15:37:45,520] {processor.py:642} INFO - Processing file /opt/airflow/dags/ingest_taxi_zone_data.py for tasks to queue
[2022-02-15 15:37:45,521] {logging_mixin.py:109} INFO - [2022-02-15 15:37:45,521] {dagbag.py:500} INFO - Filling up the DagBag from /opt/airflow/dags/ingest_taxi_zone_data.py
[2022-02-15 15:37:45,816] {processor.py:654} INFO - DAG(s) dict_keys(['data_ingestion_for_taxi_zone']) retrieved from /opt/airflow/dags/ingest_taxi_zone_data.py
[2022-02-15 15:37:45,838] {logging_mixin.py:109} INFO - [2022-02-15 15:37:45,838] {dag.py:2396} INFO - Sync 1 DAGs
[2022-02-15 15:37:45,860] {logging_mixin.py:109} INFO - [2022-02-15 15:37:45,860] {dag.py:2935} INFO - Setting next_dagrun for data_ingestion_for_taxi_zone to None
[2022-02-15 15:37:45,884] {processor.py:171} INFO - Processing /opt/airflow/dags/ingest_taxi_zone_data.py took 0.367 seconds
[2022-02-15 15:38:15,953] {processor.py:163} INFO - Started process (PID=381) to work on /opt/airflow/dags/ingest_taxi_zone_data.py
[2022-02-15 15:38:15,965] {processor.py:642} INFO - Processing file /opt/airflow/dags/ingest_taxi_zone_data.py for tasks to queue
[2022-02-15 15:38:15,966] {logging_mixin.py:109} INFO - [2022-02-15 15:38:15,966] {dagbag.py:500} INFO - Filling up the DagBag from /opt/airflow/dags/ingest_taxi_zone_data.py
[2022-02-15 15:38:16,316] {processor.py:654} INFO - DAG(s) dict_keys(['data_ingestion_for_taxi_zone']) retrieved from /opt/airflow/dags/ingest_taxi_zone_data.py
[2022-02-15 15:38:16,328] {logging_mixin.py:109} INFO - [2022-02-15 15:38:16,328] {dag.py:2396} INFO - Sync 1 DAGs
[2022-02-15 15:38:16,350] {logging_mixin.py:109} INFO - [2022-02-15 15:38:16,350] {dag.py:2935} INFO - Setting next_dagrun for data_ingestion_for_taxi_zone to None
[2022-02-15 15:38:16,369] {processor.py:171} INFO - Processing /opt/airflow/dags/ingest_taxi_zone_data.py took 0.418 seconds
[2022-02-15 15:38:46,788] {processor.py:163} INFO - Started process (PID=411) to work on /opt/airflow/dags/ingest_taxi_zone_data.py
[2022-02-15 15:38:46,794] {processor.py:642} INFO - Processing file /opt/airflow/dags/ingest_taxi_zone_data.py for tasks to queue
[2022-02-15 15:38:46,794] {logging_mixin.py:109} INFO - [2022-02-15 15:38:46,794] {dagbag.py:500} INFO - Filling up the DagBag from /opt/airflow/dags/ingest_taxi_zone_data.py
[2022-02-15 15:38:47,215] {processor.py:654} INFO - DAG(s) dict_keys(['data_ingestion_for_taxi_zone']) retrieved from /opt/airflow/dags/ingest_taxi_zone_data.py
[2022-02-15 15:38:47,230] {logging_mixin.py:109} INFO - [2022-02-15 15:38:47,229] {dag.py:2396} INFO - Sync 1 DAGs
[2022-02-15 15:38:47,277] {logging_mixin.py:109} INFO - [2022-02-15 15:38:47,277] {dag.py:2935} INFO - Setting next_dagrun for data_ingestion_for_taxi_zone to None
[2022-02-15 15:38:47,310] {processor.py:171} INFO - Processing /opt/airflow/dags/ingest_taxi_zone_data.py took 0.525 seconds
[2022-02-15 15:39:17,762] {processor.py:163} INFO - Started process (PID=453) to work on /opt/airflow/dags/ingest_taxi_zone_data.py
[2022-02-15 15:39:17,774] {processor.py:642} INFO - Processing file /opt/airflow/dags/ingest_taxi_zone_data.py for tasks to queue
[2022-02-15 15:39:17,775] {logging_mixin.py:109} INFO - [2022-02-15 15:39:17,775] {dagbag.py:500} INFO - Filling up the DagBag from /opt/airflow/dags/ingest_taxi_zone_data.py
[2022-02-15 15:39:18,258] {processor.py:654} INFO - DAG(s) dict_keys(['data_ingestion_for_taxi_zone']) retrieved from /opt/airflow/dags/ingest_taxi_zone_data.py
[2022-02-15 15:39:18,291] {logging_mixin.py:109} INFO - [2022-02-15 15:39:18,291] {dag.py:2396} INFO - Sync 1 DAGs
[2022-02-15 15:39:18,323] {logging_mixin.py:109} INFO - [2022-02-15 15:39:18,323] {dag.py:2935} INFO - Setting next_dagrun for data_ingestion_for_taxi_zone to None
[2022-02-15 15:39:18,349] {processor.py:171} INFO - Processing /opt/airflow/dags/ingest_taxi_zone_data.py took 0.591 seconds
[2022-02-15 15:39:48,662] {processor.py:163} INFO - Started process (PID=503) to work on /opt/airflow/dags/ingest_taxi_zone_data.py
[2022-02-15 15:39:48,681] {processor.py:642} INFO - Processing file /opt/airflow/dags/ingest_taxi_zone_data.py for tasks to queue
[2022-02-15 15:39:48,686] {logging_mixin.py:109} INFO - [2022-02-15 15:39:48,685] {dagbag.py:500} INFO - Filling up the DagBag from /opt/airflow/dags/ingest_taxi_zone_data.py
[2022-02-15 15:39:49,904] {processor.py:654} INFO - DAG(s) dict_keys(['data_ingestion_for_taxi_zone']) retrieved from /opt/airflow/dags/ingest_taxi_zone_data.py
[2022-02-15 15:39:49,939] {logging_mixin.py:109} INFO - [2022-02-15 15:39:49,938] {dag.py:2396} INFO - Sync 1 DAGs
[2022-02-15 15:39:49,997] {logging_mixin.py:109} INFO - [2022-02-15 15:39:49,997] {dag.py:2935} INFO - Setting next_dagrun for data_ingestion_for_taxi_zone to None
[2022-02-15 15:39:50,024] {processor.py:171} INFO - Processing /opt/airflow/dags/ingest_taxi_zone_data.py took 1.399 seconds
[2022-02-15 15:40:20,604] {processor.py:163} INFO - Started process (PID=549) to work on /opt/airflow/dags/ingest_taxi_zone_data.py
[2022-02-15 15:40:20,619] {processor.py:642} INFO - Processing file /opt/airflow/dags/ingest_taxi_zone_data.py for tasks to queue
[2022-02-15 15:40:20,620] {logging_mixin.py:109} INFO - [2022-02-15 15:40:20,620] {dagbag.py:500} INFO - Filling up the DagBag from /opt/airflow/dags/ingest_taxi_zone_data.py
[2022-02-15 15:40:21,165] {processor.py:654} INFO - DAG(s) dict_keys(['data_ingestion_for_taxi_zone']) retrieved from /opt/airflow/dags/ingest_taxi_zone_data.py
[2022-02-15 15:40:21,203] {logging_mixin.py:109} INFO - [2022-02-15 15:40:21,196] {dag.py:2396} INFO - Sync 1 DAGs
[2022-02-15 15:40:21,244] {logging_mixin.py:109} INFO - [2022-02-15 15:40:21,243] {dag.py:2935} INFO - Setting next_dagrun for data_ingestion_for_taxi_zone to None
[2022-02-15 15:40:21,267] {processor.py:171} INFO - Processing /opt/airflow/dags/ingest_taxi_zone_data.py took 0.674 seconds
[2022-02-15 15:40:51,733] {processor.py:163} INFO - Started process (PID=615) to work on /opt/airflow/dags/ingest_taxi_zone_data.py
[2022-02-15 15:40:51,738] {processor.py:642} INFO - Processing file /opt/airflow/dags/ingest_taxi_zone_data.py for tasks to queue
[2022-02-15 15:40:51,739] {logging_mixin.py:109} INFO - [2022-02-15 15:40:51,739] {dagbag.py:500} INFO - Filling up the DagBag from /opt/airflow/dags/ingest_taxi_zone_data.py
[2022-02-15 15:40:52,398] {processor.py:654} INFO - DAG(s) dict_keys(['data_ingestion_for_taxi_zone']) retrieved from /opt/airflow/dags/ingest_taxi_zone_data.py
[2022-02-15 15:40:52,426] {logging_mixin.py:109} INFO - [2022-02-15 15:40:52,425] {dag.py:2396} INFO - Sync 1 DAGs
[2022-02-15 15:40:52,512] {logging_mixin.py:109} INFO - [2022-02-15 15:40:52,512] {dag.py:2935} INFO - Setting next_dagrun for data_ingestion_for_taxi_zone to None
[2022-02-15 15:40:52,546] {processor.py:171} INFO - Processing /opt/airflow/dags/ingest_taxi_zone_data.py took 0.815 seconds
[2022-02-15 15:41:23,250] {processor.py:163} INFO - Started process (PID=669) to work on /opt/airflow/dags/ingest_taxi_zone_data.py
[2022-02-15 15:41:23,253] {processor.py:642} INFO - Processing file /opt/airflow/dags/ingest_taxi_zone_data.py for tasks to queue
[2022-02-15 15:41:23,267] {logging_mixin.py:109} INFO - [2022-02-15 15:41:23,267] {dagbag.py:500} INFO - Filling up the DagBag from /opt/airflow/dags/ingest_taxi_zone_data.py
[2022-02-15 15:41:23,710] {processor.py:654} INFO - DAG(s) dict_keys(['data_ingestion_for_taxi_zone']) retrieved from /opt/airflow/dags/ingest_taxi_zone_data.py
[2022-02-15 15:41:23,754] {logging_mixin.py:109} INFO - [2022-02-15 15:41:23,753] {dag.py:2396} INFO - Sync 1 DAGs
[2022-02-15 15:41:23,811] {logging_mixin.py:109} INFO - [2022-02-15 15:41:23,811] {dag.py:2935} INFO - Setting next_dagrun for data_ingestion_for_taxi_zone to None
[2022-02-15 15:41:23,851] {processor.py:171} INFO - Processing /opt/airflow/dags/ingest_taxi_zone_data.py took 0.628 seconds
[2022-02-15 15:41:54,458] {processor.py:163} INFO - Started process (PID=747) to work on /opt/airflow/dags/ingest_taxi_zone_data.py
[2022-02-15 15:41:54,474] {processor.py:642} INFO - Processing file /opt/airflow/dags/ingest_taxi_zone_data.py for tasks to queue
[2022-02-15 15:41:54,476] {logging_mixin.py:109} INFO - [2022-02-15 15:41:54,475] {dagbag.py:500} INFO - Filling up the DagBag from /opt/airflow/dags/ingest_taxi_zone_data.py
[2022-02-15 15:41:55,629] {processor.py:654} INFO - DAG(s) dict_keys(['data_ingestion_for_taxi_zone']) retrieved from /opt/airflow/dags/ingest_taxi_zone_data.py
[2022-02-15 15:41:55,688] {logging_mixin.py:109} INFO - [2022-02-15 15:41:55,688] {dag.py:2396} INFO - Sync 1 DAGs
[2022-02-15 15:41:55,734] {logging_mixin.py:109} INFO - [2022-02-15 15:41:55,734] {dag.py:2935} INFO - Setting next_dagrun for data_ingestion_for_taxi_zone to None
[2022-02-15 15:41:55,773] {processor.py:171} INFO - Processing /opt/airflow/dags/ingest_taxi_zone_data.py took 1.318 seconds
[2022-02-15 15:42:26,269] {processor.py:163} INFO - Started process (PID=801) to work on /opt/airflow/dags/ingest_taxi_zone_data.py
[2022-02-15 15:42:26,291] {processor.py:642} INFO - Processing file /opt/airflow/dags/ingest_taxi_zone_data.py for tasks to queue
[2022-02-15 15:42:26,293] {logging_mixin.py:109} INFO - [2022-02-15 15:42:26,293] {dagbag.py:500} INFO - Filling up the DagBag from /opt/airflow/dags/ingest_taxi_zone_data.py
[2022-02-15 15:42:26,926] {processor.py:654} INFO - DAG(s) dict_keys(['data_ingestion_for_taxi_zone']) retrieved from /opt/airflow/dags/ingest_taxi_zone_data.py
[2022-02-15 15:42:26,985] {logging_mixin.py:109} INFO - [2022-02-15 15:42:26,985] {dag.py:2396} INFO - Sync 1 DAGs
[2022-02-15 15:42:27,047] {logging_mixin.py:109} INFO - [2022-02-15 15:42:27,046] {dag.py:2935} INFO - Setting next_dagrun for data_ingestion_for_taxi_zone to None
[2022-02-15 15:42:27,136] {processor.py:171} INFO - Processing /opt/airflow/dags/ingest_taxi_zone_data.py took 0.870 seconds
[2022-02-15 15:42:57,715] {processor.py:163} INFO - Started process (PID=860) to work on /opt/airflow/dags/ingest_taxi_zone_data.py
[2022-02-15 15:42:57,750] {processor.py:642} INFO - Processing file /opt/airflow/dags/ingest_taxi_zone_data.py for tasks to queue
[2022-02-15 15:42:57,751] {logging_mixin.py:109} INFO - [2022-02-15 15:42:57,751] {dagbag.py:500} INFO - Filling up the DagBag from /opt/airflow/dags/ingest_taxi_zone_data.py
[2022-02-15 15:42:58,950] {processor.py:654} INFO - DAG(s) dict_keys(['data_ingestion_for_taxi_zone']) retrieved from /opt/airflow/dags/ingest_taxi_zone_data.py
[2022-02-15 15:42:58,987] {logging_mixin.py:109} INFO - [2022-02-15 15:42:58,986] {dag.py:2396} INFO - Sync 1 DAGs
[2022-02-15 15:42:59,031] {logging_mixin.py:109} INFO - [2022-02-15 15:42:59,031] {dag.py:2935} INFO - Setting next_dagrun for data_ingestion_for_taxi_zone to None
[2022-02-15 15:42:59,052] {processor.py:171} INFO - Processing /opt/airflow/dags/ingest_taxi_zone_data.py took 1.339 seconds
[2022-02-15 15:43:29,332] {processor.py:163} INFO - Started process (PID=927) to work on /opt/airflow/dags/ingest_taxi_zone_data.py
[2022-02-15 15:43:29,345] {processor.py:642} INFO - Processing file /opt/airflow/dags/ingest_taxi_zone_data.py for tasks to queue
[2022-02-15 15:43:29,346] {logging_mixin.py:109} INFO - [2022-02-15 15:43:29,346] {dagbag.py:500} INFO - Filling up the DagBag from /opt/airflow/dags/ingest_taxi_zone_data.py
[2022-02-15 15:43:29,992] {processor.py:654} INFO - DAG(s) dict_keys(['data_ingestion_for_taxi_zone']) retrieved from /opt/airflow/dags/ingest_taxi_zone_data.py
[2022-02-15 15:43:30,022] {logging_mixin.py:109} INFO - [2022-02-15 15:43:30,020] {dag.py:2396} INFO - Sync 1 DAGs
[2022-02-15 15:43:30,052] {logging_mixin.py:109} INFO - [2022-02-15 15:43:30,052] {dag.py:2935} INFO - Setting next_dagrun for data_ingestion_for_taxi_zone to None
[2022-02-15 15:43:30,067] {processor.py:171} INFO - Processing /opt/airflow/dags/ingest_taxi_zone_data.py took 0.739 seconds
[2022-02-15 15:44:00,493] {processor.py:163} INFO - Started process (PID=994) to work on /opt/airflow/dags/ingest_taxi_zone_data.py
[2022-02-15 15:44:00,512] {processor.py:642} INFO - Processing file /opt/airflow/dags/ingest_taxi_zone_data.py for tasks to queue
[2022-02-15 15:44:00,521] {logging_mixin.py:109} INFO - [2022-02-15 15:44:00,521] {dagbag.py:500} INFO - Filling up the DagBag from /opt/airflow/dags/ingest_taxi_zone_data.py
[2022-02-15 15:44:01,309] {processor.py:654} INFO - DAG(s) dict_keys(['data_ingestion_for_taxi_zone']) retrieved from /opt/airflow/dags/ingest_taxi_zone_data.py
[2022-02-15 15:44:01,348] {logging_mixin.py:109} INFO - [2022-02-15 15:44:01,347] {dag.py:2396} INFO - Sync 1 DAGs
[2022-02-15 15:44:01,384] {logging_mixin.py:109} INFO - [2022-02-15 15:44:01,384] {dag.py:2935} INFO - Setting next_dagrun for data_ingestion_for_taxi_zone to None
[2022-02-15 15:44:01,425] {processor.py:171} INFO - Processing /opt/airflow/dags/ingest_taxi_zone_data.py took 0.946 seconds
[2022-02-15 15:44:31,785] {processor.py:163} INFO - Started process (PID=1083) to work on /opt/airflow/dags/ingest_taxi_zone_data.py
[2022-02-15 15:44:31,786] {processor.py:642} INFO - Processing file /opt/airflow/dags/ingest_taxi_zone_data.py for tasks to queue
[2022-02-15 15:44:31,787] {logging_mixin.py:109} INFO - [2022-02-15 15:44:31,787] {dagbag.py:500} INFO - Filling up the DagBag from /opt/airflow/dags/ingest_taxi_zone_data.py
[2022-02-15 15:44:32,083] {processor.py:654} INFO - DAG(s) dict_keys(['data_ingestion_for_taxi_zone']) retrieved from /opt/airflow/dags/ingest_taxi_zone_data.py
[2022-02-15 15:44:32,102] {logging_mixin.py:109} INFO - [2022-02-15 15:44:32,101] {dag.py:2396} INFO - Sync 1 DAGs
[2022-02-15 15:44:32,130] {logging_mixin.py:109} INFO - [2022-02-15 15:44:32,130] {dag.py:2935} INFO - Setting next_dagrun for data_ingestion_for_taxi_zone to None
[2022-02-15 15:44:32,154] {processor.py:171} INFO - Processing /opt/airflow/dags/ingest_taxi_zone_data.py took 0.371 seconds
[2022-02-15 15:45:02,789] {processor.py:163} INFO - Started process (PID=1177) to work on /opt/airflow/dags/ingest_taxi_zone_data.py
[2022-02-15 15:45:02,793] {processor.py:642} INFO - Processing file /opt/airflow/dags/ingest_taxi_zone_data.py for tasks to queue
[2022-02-15 15:45:02,796] {logging_mixin.py:109} INFO - [2022-02-15 15:45:02,796] {dagbag.py:500} INFO - Filling up the DagBag from /opt/airflow/dags/ingest_taxi_zone_data.py
[2022-02-15 15:45:03,686] {processor.py:654} INFO - DAG(s) dict_keys(['data_ingestion_for_taxi_zone']) retrieved from /opt/airflow/dags/ingest_taxi_zone_data.py
[2022-02-15 15:45:03,728] {logging_mixin.py:109} INFO - [2022-02-15 15:45:03,727] {dag.py:2396} INFO - Sync 1 DAGs
[2022-02-15 15:45:03,794] {logging_mixin.py:109} INFO - [2022-02-15 15:45:03,794] {dag.py:2935} INFO - Setting next_dagrun for data_ingestion_for_taxi_zone to None
[2022-02-15 15:45:03,821] {processor.py:171} INFO - Processing /opt/airflow/dags/ingest_taxi_zone_data.py took 1.062 seconds
[2022-02-15 15:45:34,382] {processor.py:163} INFO - Started process (PID=1215) to work on /opt/airflow/dags/ingest_taxi_zone_data.py
[2022-02-15 15:45:34,395] {processor.py:642} INFO - Processing file /opt/airflow/dags/ingest_taxi_zone_data.py for tasks to queue
[2022-02-15 15:45:34,396] {logging_mixin.py:109} INFO - [2022-02-15 15:45:34,396] {dagbag.py:500} INFO - Filling up the DagBag from /opt/airflow/dags/ingest_taxi_zone_data.py
[2022-02-15 15:45:34,767] {processor.py:654} INFO - DAG(s) dict_keys(['data_ingestion_for_taxi_zone']) retrieved from /opt/airflow/dags/ingest_taxi_zone_data.py
[2022-02-15 15:45:34,784] {logging_mixin.py:109} INFO - [2022-02-15 15:45:34,784] {dag.py:2396} INFO - Sync 1 DAGs
[2022-02-15 15:45:34,811] {logging_mixin.py:109} INFO - [2022-02-15 15:45:34,811] {dag.py:2935} INFO - Setting next_dagrun for data_ingestion_for_taxi_zone to None
[2022-02-15 15:45:34,836] {processor.py:171} INFO - Processing /opt/airflow/dags/ingest_taxi_zone_data.py took 0.456 seconds
[2022-02-15 15:46:05,456] {processor.py:163} INFO - Started process (PID=1264) to work on /opt/airflow/dags/ingest_taxi_zone_data.py
[2022-02-15 15:46:05,470] {processor.py:642} INFO - Processing file /opt/airflow/dags/ingest_taxi_zone_data.py for tasks to queue
[2022-02-15 15:46:05,471] {logging_mixin.py:109} INFO - [2022-02-15 15:46:05,471] {dagbag.py:500} INFO - Filling up the DagBag from /opt/airflow/dags/ingest_taxi_zone_data.py
[2022-02-15 15:46:05,883] {processor.py:654} INFO - DAG(s) dict_keys(['data_ingestion_for_taxi_zone']) retrieved from /opt/airflow/dags/ingest_taxi_zone_data.py
[2022-02-15 15:46:05,909] {logging_mixin.py:109} INFO - [2022-02-15 15:46:05,908] {dag.py:2396} INFO - Sync 1 DAGs
[2022-02-15 15:46:05,942] {logging_mixin.py:109} INFO - [2022-02-15 15:46:05,942] {dag.py:2935} INFO - Setting next_dagrun for data_ingestion_for_taxi_zone to None
[2022-02-15 15:46:05,969] {processor.py:171} INFO - Processing /opt/airflow/dags/ingest_taxi_zone_data.py took 0.516 seconds
[2022-02-15 15:46:36,402] {processor.py:163} INFO - Started process (PID=1294) to work on /opt/airflow/dags/ingest_taxi_zone_data.py
[2022-02-15 15:46:36,414] {processor.py:642} INFO - Processing file /opt/airflow/dags/ingest_taxi_zone_data.py for tasks to queue
[2022-02-15 15:46:36,415] {logging_mixin.py:109} INFO - [2022-02-15 15:46:36,415] {dagbag.py:500} INFO - Filling up the DagBag from /opt/airflow/dags/ingest_taxi_zone_data.py
[2022-02-15 15:46:36,739] {processor.py:654} INFO - DAG(s) dict_keys(['data_ingestion_for_taxi_zone']) retrieved from /opt/airflow/dags/ingest_taxi_zone_data.py
[2022-02-15 15:46:36,754] {logging_mixin.py:109} INFO - [2022-02-15 15:46:36,754] {dag.py:2396} INFO - Sync 1 DAGs
[2022-02-15 15:46:36,789] {logging_mixin.py:109} INFO - [2022-02-15 15:46:36,789] {dag.py:2935} INFO - Setting next_dagrun for data_ingestion_for_taxi_zone to None
[2022-02-15 15:46:36,810] {processor.py:171} INFO - Processing /opt/airflow/dags/ingest_taxi_zone_data.py took 0.411 seconds
[2022-02-15 15:47:07,136] {processor.py:163} INFO - Started process (PID=1329) to work on /opt/airflow/dags/ingest_taxi_zone_data.py
[2022-02-15 15:47:07,137] {processor.py:642} INFO - Processing file /opt/airflow/dags/ingest_taxi_zone_data.py for tasks to queue
[2022-02-15 15:47:07,137] {logging_mixin.py:109} INFO - [2022-02-15 15:47:07,137] {dagbag.py:500} INFO - Filling up the DagBag from /opt/airflow/dags/ingest_taxi_zone_data.py
[2022-02-15 15:47:07,305] {processor.py:654} INFO - DAG(s) dict_keys(['data_ingestion_for_taxi_zone']) retrieved from /opt/airflow/dags/ingest_taxi_zone_data.py
[2022-02-15 15:47:07,330] {logging_mixin.py:109} INFO - [2022-02-15 15:47:07,329] {dag.py:2396} INFO - Sync 1 DAGs
[2022-02-15 15:47:07,349] {logging_mixin.py:109} INFO - [2022-02-15 15:47:07,348] {dag.py:2935} INFO - Setting next_dagrun for data_ingestion_for_taxi_zone to None
[2022-02-15 15:47:07,363] {processor.py:171} INFO - Processing /opt/airflow/dags/ingest_taxi_zone_data.py took 0.230 seconds
[2022-02-15 15:47:37,742] {processor.py:163} INFO - Started process (PID=1359) to work on /opt/airflow/dags/ingest_taxi_zone_data.py
[2022-02-15 15:47:37,755] {processor.py:642} INFO - Processing file /opt/airflow/dags/ingest_taxi_zone_data.py for tasks to queue
[2022-02-15 15:47:37,755] {logging_mixin.py:109} INFO - [2022-02-15 15:47:37,755] {dagbag.py:500} INFO - Filling up the DagBag from /opt/airflow/dags/ingest_taxi_zone_data.py
[2022-02-15 15:47:37,904] {processor.py:654} INFO - DAG(s) dict_keys(['data_ingestion_for_taxi_zone']) retrieved from /opt/airflow/dags/ingest_taxi_zone_data.py
[2022-02-15 15:47:37,913] {logging_mixin.py:109} INFO - [2022-02-15 15:47:37,913] {dag.py:2396} INFO - Sync 1 DAGs
[2022-02-15 15:47:37,924] {logging_mixin.py:109} INFO - [2022-02-15 15:47:37,924] {dag.py:2935} INFO - Setting next_dagrun for data_ingestion_for_taxi_zone to None
[2022-02-15 15:47:37,945] {processor.py:171} INFO - Processing /opt/airflow/dags/ingest_taxi_zone_data.py took 0.205 seconds
