[2022-02-15 15:38:36,738] {processor.py:163} INFO - Started process (PID=405) to work on /opt/airflow/dags/ingest_green_taxi_data.py
[2022-02-15 15:38:36,739] {processor.py:642} INFO - Processing file /opt/airflow/dags/ingest_green_taxi_data.py for tasks to queue
[2022-02-15 15:38:36,740] {logging_mixin.py:109} INFO - [2022-02-15 15:38:36,740] {dagbag.py:500} INFO - Filling up the DagBag from /opt/airflow/dags/ingest_green_taxi_data.py
[2022-02-15 15:38:36,897] {processor.py:654} INFO - DAG(s) dict_keys(['data_ingestion_yellow_taxi_data']) retrieved from /opt/airflow/dags/ingest_green_taxi_data.py
[2022-02-15 15:38:37,135] {logging_mixin.py:109} INFO - [2022-02-15 15:38:37,135] {dag.py:2396} INFO - Sync 1 DAGs
[2022-02-15 15:38:37,149] {logging_mixin.py:109} INFO - [2022-02-15 15:38:37,149] {dag.py:2935} INFO - Setting next_dagrun for data_ingestion_yellow_taxi_data to None
[2022-02-15 15:38:37,172] {processor.py:171} INFO - Processing /opt/airflow/dags/ingest_green_taxi_data.py took 0.436 seconds
[2022-02-15 15:38:49,353] {processor.py:163} INFO - Started process (PID=429) to work on /opt/airflow/dags/ingest_green_taxi_data.py
[2022-02-15 15:38:49,354] {processor.py:642} INFO - Processing file /opt/airflow/dags/ingest_green_taxi_data.py for tasks to queue
[2022-02-15 15:38:49,355] {logging_mixin.py:109} INFO - [2022-02-15 15:38:49,355] {dagbag.py:500} INFO - Filling up the DagBag from /opt/airflow/dags/ingest_green_taxi_data.py
[2022-02-15 15:38:49,536] {processor.py:654} INFO - DAG(s) dict_keys(['data_ingestion_green_taxi_data']) retrieved from /opt/airflow/dags/ingest_green_taxi_data.py
[2022-02-15 15:38:52,685] {logging_mixin.py:109} INFO - [2022-02-15 15:38:52,685] {manager.py:496} INFO - Created Permission View: can edit on DAG:data_ingestion_green_taxi_data
[2022-02-15 15:38:52,693] {logging_mixin.py:109} INFO - [2022-02-15 15:38:52,693] {manager.py:496} INFO - Created Permission View: can read on DAG:data_ingestion_green_taxi_data
[2022-02-15 15:38:52,693] {logging_mixin.py:109} INFO - [2022-02-15 15:38:52,693] {dag.py:2396} INFO - Sync 1 DAGs
[2022-02-15 15:38:52,700] {logging_mixin.py:109} INFO - [2022-02-15 15:38:52,700] {dag.py:2415} INFO - Creating ORM DAG for data_ingestion_green_taxi_data
[2022-02-15 15:38:52,707] {logging_mixin.py:109} INFO - [2022-02-15 15:38:52,707] {dag.py:2935} INFO - Setting next_dagrun for data_ingestion_green_taxi_data to 2019-01-01T00:00:00+00:00
[2022-02-15 15:38:52,723] {processor.py:171} INFO - Processing /opt/airflow/dags/ingest_green_taxi_data.py took 3.375 seconds
[2022-02-15 15:39:23,270] {processor.py:163} INFO - Started process (PID=471) to work on /opt/airflow/dags/ingest_green_taxi_data.py
[2022-02-15 15:39:23,278] {processor.py:642} INFO - Processing file /opt/airflow/dags/ingest_green_taxi_data.py for tasks to queue
[2022-02-15 15:39:23,280] {logging_mixin.py:109} INFO - [2022-02-15 15:39:23,280] {dagbag.py:500} INFO - Filling up the DagBag from /opt/airflow/dags/ingest_green_taxi_data.py
[2022-02-15 15:39:23,925] {processor.py:654} INFO - DAG(s) dict_keys(['data_ingestion_green_taxi_data']) retrieved from /opt/airflow/dags/ingest_green_taxi_data.py
[2022-02-15 15:39:23,975] {logging_mixin.py:109} INFO - [2022-02-15 15:39:23,973] {dag.py:2396} INFO - Sync 1 DAGs
[2022-02-15 15:39:24,074] {processor.py:171} INFO - Processing /opt/airflow/dags/ingest_green_taxi_data.py took 0.814 seconds
[2022-02-15 15:39:54,178] {processor.py:163} INFO - Started process (PID=528) to work on /opt/airflow/dags/ingest_green_taxi_data.py
[2022-02-15 15:39:54,200] {processor.py:642} INFO - Processing file /opt/airflow/dags/ingest_green_taxi_data.py for tasks to queue
[2022-02-15 15:39:54,204] {logging_mixin.py:109} INFO - [2022-02-15 15:39:54,204] {dagbag.py:500} INFO - Filling up the DagBag from /opt/airflow/dags/ingest_green_taxi_data.py
[2022-02-15 15:39:54,854] {processor.py:654} INFO - DAG(s) dict_keys(['data_ingestion_green_taxi_data']) retrieved from /opt/airflow/dags/ingest_green_taxi_data.py
[2022-02-15 15:39:54,898] {logging_mixin.py:109} INFO - [2022-02-15 15:39:54,897] {dag.py:2396} INFO - Sync 1 DAGs
[2022-02-15 15:39:55,050] {processor.py:171} INFO - Processing /opt/airflow/dags/ingest_green_taxi_data.py took 0.874 seconds
[2022-02-15 15:40:25,323] {processor.py:163} INFO - Started process (PID=567) to work on /opt/airflow/dags/ingest_green_taxi_data.py
[2022-02-15 15:40:25,336] {processor.py:642} INFO - Processing file /opt/airflow/dags/ingest_green_taxi_data.py for tasks to queue
[2022-02-15 15:40:25,338] {logging_mixin.py:109} INFO - [2022-02-15 15:40:25,338] {dagbag.py:500} INFO - Filling up the DagBag from /opt/airflow/dags/ingest_green_taxi_data.py
[2022-02-15 15:40:25,581] {processor.py:654} INFO - DAG(s) dict_keys(['data_ingestion_green_taxi_data']) retrieved from /opt/airflow/dags/ingest_green_taxi_data.py
[2022-02-15 15:40:25,591] {logging_mixin.py:109} INFO - [2022-02-15 15:40:25,590] {dag.py:2396} INFO - Sync 1 DAGs
[2022-02-15 15:40:25,626] {processor.py:171} INFO - Processing /opt/airflow/dags/ingest_green_taxi_data.py took 0.306 seconds
[2022-02-15 15:40:56,048] {processor.py:163} INFO - Started process (PID=633) to work on /opt/airflow/dags/ingest_green_taxi_data.py
[2022-02-15 15:40:56,061] {processor.py:642} INFO - Processing file /opt/airflow/dags/ingest_green_taxi_data.py for tasks to queue
[2022-02-15 15:40:56,062] {logging_mixin.py:109} INFO - [2022-02-15 15:40:56,062] {dagbag.py:500} INFO - Filling up the DagBag from /opt/airflow/dags/ingest_green_taxi_data.py
[2022-02-15 15:40:56,357] {processor.py:654} INFO - DAG(s) dict_keys(['data_ingestion_green_taxi_data']) retrieved from /opt/airflow/dags/ingest_green_taxi_data.py
[2022-02-15 15:40:56,394] {logging_mixin.py:109} INFO - [2022-02-15 15:40:56,391] {dag.py:2396} INFO - Sync 1 DAGs
[2022-02-15 15:40:56,462] {processor.py:171} INFO - Processing /opt/airflow/dags/ingest_green_taxi_data.py took 0.420 seconds
[2022-02-15 15:41:26,695] {processor.py:163} INFO - Started process (PID=699) to work on /opt/airflow/dags/ingest_green_taxi_data.py
[2022-02-15 15:41:26,707] {processor.py:642} INFO - Processing file /opt/airflow/dags/ingest_green_taxi_data.py for tasks to queue
[2022-02-15 15:41:26,708] {logging_mixin.py:109} INFO - [2022-02-15 15:41:26,708] {dagbag.py:500} INFO - Filling up the DagBag from /opt/airflow/dags/ingest_green_taxi_data.py
[2022-02-15 15:41:27,200] {processor.py:654} INFO - DAG(s) dict_keys(['data_ingestion_green_taxi_data']) retrieved from /opt/airflow/dags/ingest_green_taxi_data.py
[2022-02-15 15:41:27,222] {logging_mixin.py:109} INFO - [2022-02-15 15:41:27,221] {dag.py:2396} INFO - Sync 1 DAGs
[2022-02-15 15:41:27,296] {processor.py:171} INFO - Processing /opt/airflow/dags/ingest_green_taxi_data.py took 0.603 seconds
[2022-02-15 15:41:57,406] {processor.py:163} INFO - Started process (PID=765) to work on /opt/airflow/dags/ingest_green_taxi_data.py
[2022-02-15 15:41:57,407] {processor.py:642} INFO - Processing file /opt/airflow/dags/ingest_green_taxi_data.py for tasks to queue
[2022-02-15 15:41:57,408] {logging_mixin.py:109} INFO - [2022-02-15 15:41:57,408] {dagbag.py:500} INFO - Filling up the DagBag from /opt/airflow/dags/ingest_green_taxi_data.py
[2022-02-15 15:41:57,987] {processor.py:654} INFO - DAG(s) dict_keys(['data_ingestion_green_taxi_data']) retrieved from /opt/airflow/dags/ingest_green_taxi_data.py
[2022-02-15 15:41:58,000] {logging_mixin.py:109} INFO - [2022-02-15 15:41:58,000] {dag.py:2396} INFO - Sync 1 DAGs
[2022-02-15 15:41:58,046] {processor.py:171} INFO - Processing /opt/airflow/dags/ingest_green_taxi_data.py took 0.642 seconds
[2022-02-15 15:42:28,295] {processor.py:163} INFO - Started process (PID=823) to work on /opt/airflow/dags/ingest_green_taxi_data.py
[2022-02-15 15:42:28,324] {processor.py:642} INFO - Processing file /opt/airflow/dags/ingest_green_taxi_data.py for tasks to queue
[2022-02-15 15:42:28,325] {logging_mixin.py:109} INFO - [2022-02-15 15:42:28,325] {dagbag.py:500} INFO - Filling up the DagBag from /opt/airflow/dags/ingest_green_taxi_data.py
[2022-02-15 15:42:29,439] {processor.py:654} INFO - DAG(s) dict_keys(['data_ingestion_green_taxi_data']) retrieved from /opt/airflow/dags/ingest_green_taxi_data.py
[2022-02-15 15:42:29,489] {logging_mixin.py:109} INFO - [2022-02-15 15:42:29,489] {dag.py:2396} INFO - Sync 1 DAGs
[2022-02-15 15:42:29,552] {processor.py:171} INFO - Processing /opt/airflow/dags/ingest_green_taxi_data.py took 1.259 seconds
[2022-02-15 15:42:59,665] {processor.py:163} INFO - Started process (PID=880) to work on /opt/airflow/dags/ingest_green_taxi_data.py
[2022-02-15 15:42:59,676] {processor.py:642} INFO - Processing file /opt/airflow/dags/ingest_green_taxi_data.py for tasks to queue
[2022-02-15 15:42:59,677] {logging_mixin.py:109} INFO - [2022-02-15 15:42:59,677] {dagbag.py:500} INFO - Filling up the DagBag from /opt/airflow/dags/ingest_green_taxi_data.py
[2022-02-15 15:43:00,083] {processor.py:654} INFO - DAG(s) dict_keys(['data_ingestion_green_taxi_data']) retrieved from /opt/airflow/dags/ingest_green_taxi_data.py
[2022-02-15 15:43:00,119] {logging_mixin.py:109} INFO - [2022-02-15 15:43:00,119] {dag.py:2396} INFO - Sync 1 DAGs
[2022-02-15 15:43:00,157] {logging_mixin.py:109} INFO - [2022-02-15 15:43:00,157] {dag.py:2935} INFO - Setting next_dagrun for data_ingestion_green_taxi_data to 2020-01-01T00:00:00+00:00
[2022-02-15 15:43:00,189] {processor.py:171} INFO - Processing /opt/airflow/dags/ingest_green_taxi_data.py took 0.526 seconds
[2022-02-15 15:43:30,388] {processor.py:163} INFO - Started process (PID=945) to work on /opt/airflow/dags/ingest_green_taxi_data.py
[2022-02-15 15:43:30,390] {processor.py:642} INFO - Processing file /opt/airflow/dags/ingest_green_taxi_data.py for tasks to queue
[2022-02-15 15:43:30,396] {logging_mixin.py:109} INFO - [2022-02-15 15:43:30,395] {dagbag.py:500} INFO - Filling up the DagBag from /opt/airflow/dags/ingest_green_taxi_data.py
[2022-02-15 15:43:30,604] {processor.py:654} INFO - DAG(s) dict_keys(['data_ingestion_green_taxi_data']) retrieved from /opt/airflow/dags/ingest_green_taxi_data.py
[2022-02-15 15:43:30,611] {logging_mixin.py:109} INFO - [2022-02-15 15:43:30,611] {dag.py:2396} INFO - Sync 1 DAGs
[2022-02-15 15:43:30,641] {processor.py:171} INFO - Processing /opt/airflow/dags/ingest_green_taxi_data.py took 0.256 seconds
[2022-02-15 15:44:01,519] {processor.py:163} INFO - Started process (PID=1010) to work on /opt/airflow/dags/ingest_green_taxi_data.py
[2022-02-15 15:44:01,521] {processor.py:642} INFO - Processing file /opt/airflow/dags/ingest_green_taxi_data.py for tasks to queue
[2022-02-15 15:44:01,522] {logging_mixin.py:109} INFO - [2022-02-15 15:44:01,521] {dagbag.py:500} INFO - Filling up the DagBag from /opt/airflow/dags/ingest_green_taxi_data.py
[2022-02-15 15:44:02,305] {processor.py:654} INFO - DAG(s) dict_keys(['data_ingestion_green_taxi_data']) retrieved from /opt/airflow/dags/ingest_green_taxi_data.py
[2022-02-15 15:44:02,423] {logging_mixin.py:109} INFO - [2022-02-15 15:44:02,423] {dag.py:2396} INFO - Sync 1 DAGs
[2022-02-15 15:44:02,601] {processor.py:171} INFO - Processing /opt/airflow/dags/ingest_green_taxi_data.py took 1.092 seconds
[2022-02-15 15:44:33,187] {processor.py:163} INFO - Started process (PID=1095) to work on /opt/airflow/dags/ingest_green_taxi_data.py
[2022-02-15 15:44:33,188] {processor.py:642} INFO - Processing file /opt/airflow/dags/ingest_green_taxi_data.py for tasks to queue
[2022-02-15 15:44:33,188] {logging_mixin.py:109} INFO - [2022-02-15 15:44:33,188] {dagbag.py:500} INFO - Filling up the DagBag from /opt/airflow/dags/ingest_green_taxi_data.py
[2022-02-15 15:44:33,497] {processor.py:654} INFO - DAG(s) dict_keys(['data_ingestion_green_taxi_data']) retrieved from /opt/airflow/dags/ingest_green_taxi_data.py
[2022-02-15 15:44:33,517] {logging_mixin.py:109} INFO - [2022-02-15 15:44:33,516] {dag.py:2396} INFO - Sync 1 DAGs
[2022-02-15 15:44:33,541] {logging_mixin.py:109} INFO - [2022-02-15 15:44:33,541] {dag.py:2935} INFO - Setting next_dagrun for data_ingestion_green_taxi_data to 2020-08-01T00:00:00+00:00
[2022-02-15 15:44:33,568] {processor.py:171} INFO - Processing /opt/airflow/dags/ingest_green_taxi_data.py took 0.383 seconds
[2022-02-15 15:45:03,883] {processor.py:163} INFO - Started process (PID=1192) to work on /opt/airflow/dags/ingest_green_taxi_data.py
[2022-02-15 15:45:03,890] {processor.py:642} INFO - Processing file /opt/airflow/dags/ingest_green_taxi_data.py for tasks to queue
[2022-02-15 15:45:03,897] {logging_mixin.py:109} INFO - [2022-02-15 15:45:03,897] {dagbag.py:500} INFO - Filling up the DagBag from /opt/airflow/dags/ingest_green_taxi_data.py
[2022-02-15 15:45:04,465] {processor.py:654} INFO - DAG(s) dict_keys(['data_ingestion_green_taxi_data']) retrieved from /opt/airflow/dags/ingest_green_taxi_data.py
[2022-02-15 15:45:04,503] {logging_mixin.py:109} INFO - [2022-02-15 15:45:04,503] {dag.py:2396} INFO - Sync 1 DAGs
[2022-02-15 15:45:04,594] {processor.py:171} INFO - Processing /opt/airflow/dags/ingest_green_taxi_data.py took 0.713 seconds
[2022-02-15 15:45:34,873] {processor.py:163} INFO - Started process (PID=1227) to work on /opt/airflow/dags/ingest_green_taxi_data.py
[2022-02-15 15:45:34,874] {processor.py:642} INFO - Processing file /opt/airflow/dags/ingest_green_taxi_data.py for tasks to queue
[2022-02-15 15:45:34,874] {logging_mixin.py:109} INFO - [2022-02-15 15:45:34,874] {dagbag.py:500} INFO - Filling up the DagBag from /opt/airflow/dags/ingest_green_taxi_data.py
[2022-02-15 15:45:35,189] {processor.py:654} INFO - DAG(s) dict_keys(['data_ingestion_green_taxi_data']) retrieved from /opt/airflow/dags/ingest_green_taxi_data.py
[2022-02-15 15:45:35,213] {logging_mixin.py:109} INFO - [2022-02-15 15:45:35,213] {dag.py:2396} INFO - Sync 1 DAGs
[2022-02-15 15:45:35,244] {logging_mixin.py:109} INFO - [2022-02-15 15:45:35,243] {dag.py:2935} INFO - Setting next_dagrun for data_ingestion_green_taxi_data to 2020-12-01T00:00:00+00:00
[2022-02-15 15:45:35,275] {processor.py:171} INFO - Processing /opt/airflow/dags/ingest_green_taxi_data.py took 0.405 seconds
[2022-02-15 15:46:05,450] {processor.py:163} INFO - Started process (PID=1263) to work on /opt/airflow/dags/ingest_green_taxi_data.py
[2022-02-15 15:46:05,463] {processor.py:642} INFO - Processing file /opt/airflow/dags/ingest_green_taxi_data.py for tasks to queue
[2022-02-15 15:46:05,463] {logging_mixin.py:109} INFO - [2022-02-15 15:46:05,463] {dagbag.py:500} INFO - Filling up the DagBag from /opt/airflow/dags/ingest_green_taxi_data.py
[2022-02-15 15:46:05,890] {processor.py:654} INFO - DAG(s) dict_keys(['data_ingestion_green_taxi_data']) retrieved from /opt/airflow/dags/ingest_green_taxi_data.py
[2022-02-15 15:46:05,917] {logging_mixin.py:109} INFO - [2022-02-15 15:46:05,917] {dag.py:2396} INFO - Sync 1 DAGs
[2022-02-15 15:46:05,955] {logging_mixin.py:109} INFO - [2022-02-15 15:46:05,955] {dag.py:2935} INFO - Setting next_dagrun for data_ingestion_green_taxi_data to None
[2022-02-15 15:46:05,975] {processor.py:171} INFO - Processing /opt/airflow/dags/ingest_green_taxi_data.py took 0.527 seconds
[2022-02-15 15:46:36,397] {processor.py:163} INFO - Started process (PID=1293) to work on /opt/airflow/dags/ingest_green_taxi_data.py
[2022-02-15 15:46:36,411] {processor.py:642} INFO - Processing file /opt/airflow/dags/ingest_green_taxi_data.py for tasks to queue
[2022-02-15 15:46:36,411] {logging_mixin.py:109} INFO - [2022-02-15 15:46:36,411] {dagbag.py:500} INFO - Filling up the DagBag from /opt/airflow/dags/ingest_green_taxi_data.py
[2022-02-15 15:46:36,725] {processor.py:654} INFO - DAG(s) dict_keys(['data_ingestion_green_taxi_data']) retrieved from /opt/airflow/dags/ingest_green_taxi_data.py
[2022-02-15 15:46:36,747] {logging_mixin.py:109} INFO - [2022-02-15 15:46:36,747] {dag.py:2396} INFO - Sync 1 DAGs
[2022-02-15 15:46:36,782] {logging_mixin.py:109} INFO - [2022-02-15 15:46:36,782] {dag.py:2935} INFO - Setting next_dagrun for data_ingestion_green_taxi_data to None
[2022-02-15 15:46:36,805] {processor.py:171} INFO - Processing /opt/airflow/dags/ingest_green_taxi_data.py took 0.410 seconds
[2022-02-15 15:46:38,241] {processor.py:163} INFO - Started process (PID=1317) to work on /opt/airflow/dags/ingest_green_taxi_data.py
[2022-02-15 15:46:38,241] {processor.py:642} INFO - Processing file /opt/airflow/dags/ingest_green_taxi_data.py for tasks to queue
[2022-02-15 15:46:38,242] {logging_mixin.py:109} INFO - [2022-02-15 15:46:38,242] {dagbag.py:500} INFO - Filling up the DagBag from /opt/airflow/dags/ingest_green_taxi_data.py
[2022-02-15 15:46:38,382] {processor.py:654} INFO - DAG(s) dict_keys(['data_ingestion_green_taxi_data']) retrieved from /opt/airflow/dags/ingest_green_taxi_data.py
[2022-02-15 15:46:38,389] {logging_mixin.py:109} INFO - [2022-02-15 15:46:38,389] {dag.py:2396} INFO - Sync 1 DAGs
[2022-02-15 15:46:38,403] {logging_mixin.py:109} INFO - [2022-02-15 15:46:38,403] {dag.py:2935} INFO - Setting next_dagrun for data_ingestion_green_taxi_data to None
[2022-02-15 15:46:38,423] {processor.py:171} INFO - Processing /opt/airflow/dags/ingest_green_taxi_data.py took 0.186 seconds
[2022-02-15 15:47:08,822] {processor.py:163} INFO - Started process (PID=1347) to work on /opt/airflow/dags/ingest_green_taxi_data.py
[2022-02-15 15:47:08,824] {processor.py:642} INFO - Processing file /opt/airflow/dags/ingest_green_taxi_data.py for tasks to queue
[2022-02-15 15:47:08,825] {logging_mixin.py:109} INFO - [2022-02-15 15:47:08,825] {dagbag.py:500} INFO - Filling up the DagBag from /opt/airflow/dags/ingest_green_taxi_data.py
[2022-02-15 15:47:09,024] {processor.py:654} INFO - DAG(s) dict_keys(['data_ingestion_green_taxi_data']) retrieved from /opt/airflow/dags/ingest_green_taxi_data.py
[2022-02-15 15:47:09,037] {logging_mixin.py:109} INFO - [2022-02-15 15:47:09,037] {dag.py:2396} INFO - Sync 1 DAGs
[2022-02-15 15:47:09,052] {logging_mixin.py:109} INFO - [2022-02-15 15:47:09,052] {dag.py:2935} INFO - Setting next_dagrun for data_ingestion_green_taxi_data to None
[2022-02-15 15:47:09,071] {processor.py:171} INFO - Processing /opt/airflow/dags/ingest_green_taxi_data.py took 0.252 seconds
[2022-02-15 15:47:39,387] {processor.py:163} INFO - Started process (PID=1377) to work on /opt/airflow/dags/ingest_green_taxi_data.py
[2022-02-15 15:47:39,400] {processor.py:642} INFO - Processing file /opt/airflow/dags/ingest_green_taxi_data.py for tasks to queue
[2022-02-15 15:47:39,401] {logging_mixin.py:109} INFO - [2022-02-15 15:47:39,401] {dagbag.py:500} INFO - Filling up the DagBag from /opt/airflow/dags/ingest_green_taxi_data.py
[2022-02-15 15:47:39,548] {processor.py:654} INFO - DAG(s) dict_keys(['data_ingestion_green_taxi_data']) retrieved from /opt/airflow/dags/ingest_green_taxi_data.py
[2022-02-15 15:47:39,557] {logging_mixin.py:109} INFO - [2022-02-15 15:47:39,557] {dag.py:2396} INFO - Sync 1 DAGs
[2022-02-15 15:47:39,569] {logging_mixin.py:109} INFO - [2022-02-15 15:47:39,569] {dag.py:2935} INFO - Setting next_dagrun for data_ingestion_green_taxi_data to None
[2022-02-15 15:47:39,589] {processor.py:171} INFO - Processing /opt/airflow/dags/ingest_green_taxi_data.py took 0.204 seconds
[2022-02-15 15:48:09,683] {processor.py:163} INFO - Started process (PID=1405) to work on /opt/airflow/dags/ingest_green_taxi_data.py
[2022-02-15 15:48:09,684] {processor.py:642} INFO - Processing file /opt/airflow/dags/ingest_green_taxi_data.py for tasks to queue
[2022-02-15 15:48:09,685] {logging_mixin.py:109} INFO - [2022-02-15 15:48:09,685] {dagbag.py:500} INFO - Filling up the DagBag from /opt/airflow/dags/ingest_green_taxi_data.py
[2022-02-15 15:48:09,914] {processor.py:654} INFO - DAG(s) dict_keys(['data_ingestion_green_taxi_data']) retrieved from /opt/airflow/dags/ingest_green_taxi_data.py
[2022-02-15 15:48:09,942] {logging_mixin.py:109} INFO - [2022-02-15 15:48:09,942] {dag.py:2396} INFO - Sync 1 DAGs
[2022-02-15 15:48:09,974] {logging_mixin.py:109} INFO - [2022-02-15 15:48:09,974] {dag.py:2935} INFO - Setting next_dagrun for data_ingestion_green_taxi_data to None
[2022-02-15 15:48:09,993] {processor.py:171} INFO - Processing /opt/airflow/dags/ingest_green_taxi_data.py took 0.313 seconds
