[2022-02-15 15:42:25,425] {taskinstance.py:1032} INFO - Dependencies all met for <TaskInstance: data_ingestion_green_taxi_data.remove_temp_files scheduled__2019-10-01T00:00:00+00:00 [queued]>
[2022-02-15 15:42:25,433] {taskinstance.py:1032} INFO - Dependencies all met for <TaskInstance: data_ingestion_green_taxi_data.remove_temp_files scheduled__2019-10-01T00:00:00+00:00 [queued]>
[2022-02-15 15:42:25,433] {taskinstance.py:1238} INFO - 
--------------------------------------------------------------------------------
[2022-02-15 15:42:25,433] {taskinstance.py:1239} INFO - Starting attempt 1 of 2
[2022-02-15 15:42:25,433] {taskinstance.py:1240} INFO - 
--------------------------------------------------------------------------------
[2022-02-15 15:42:25,444] {taskinstance.py:1259} INFO - Executing <Task(BashOperator): remove_temp_files> on 2019-10-01 00:00:00+00:00
[2022-02-15 15:42:25,447] {standard_task_runner.py:52} INFO - Started process 799 to run task
[2022-02-15 15:42:25,452] {standard_task_runner.py:76} INFO - Running: ['***', 'tasks', 'run', 'data_ingestion_green_taxi_data', 'remove_temp_files', 'scheduled__2019-10-01T00:00:00+00:00', '--job-id', '198', '--raw', '--subdir', 'DAGS_FOLDER/ingest_green_taxi_data.py', '--cfg-path', '/tmp/tmp57m1bbuc', '--error-file', '/tmp/tmprfip5fhz']
[2022-02-15 15:42:25,453] {standard_task_runner.py:77} INFO - Job 198: Subtask remove_temp_files
[2022-02-15 15:42:25,500] {logging_mixin.py:109} INFO - Running <TaskInstance: data_ingestion_green_taxi_data.remove_temp_files scheduled__2019-10-01T00:00:00+00:00 [running]> on host 883ba1f1f430
[2022-02-15 15:42:25,538] {logging_mixin.py:109} WARNING - /home/***/.local/lib/python3.7/site-packages/***/utils/context.py:152 AirflowContextDeprecationWarning: Accessing 'execution_date' from the template is deprecated and will be removed in a future version. Please use 'data_interval_start' or 'logical_date' instead.
[2022-02-15 15:42:25,556] {taskinstance.py:1426} INFO - Exporting the following env vars:
AIRFLOW_CTX_DAG_OWNER=***
AIRFLOW_CTX_DAG_ID=data_ingestion_green_taxi_data
AIRFLOW_CTX_TASK_ID=remove_temp_files
AIRFLOW_CTX_EXECUTION_DATE=2019-10-01T00:00:00+00:00
AIRFLOW_CTX_DAG_RUN_ID=scheduled__2019-10-01T00:00:00+00:00
[2022-02-15 15:42:25,557] {subprocess.py:62} INFO - Tmp dir root location: 
 /tmp
[2022-02-15 15:42:25,557] {subprocess.py:74} INFO - Running command: ['bash', '-c', 'rm /opt/***/green_tripdata_2019-10.csv /opt/***/green_tripdata_2019-10.parquet']
[2022-02-15 15:42:25,564] {subprocess.py:85} INFO - Output:
[2022-02-15 15:42:25,571] {subprocess.py:93} INFO - Command exited with return code 0
[2022-02-15 15:42:25,591] {taskinstance.py:1277} INFO - Marking task as SUCCESS. dag_id=data_ingestion_green_taxi_data, task_id=remove_temp_files, execution_date=20191001T000000, start_date=20220215T154225, end_date=20220215T154225
[2022-02-15 15:42:25,625] {local_task_job.py:154} INFO - Task exited with return code 0
[2022-02-15 15:42:25,651] {local_task_job.py:264} INFO - 0 downstream tasks scheduled from follow-on schedule check
