[2022-02-15 15:44:34,846] {taskinstance.py:1032} INFO - Dependencies all met for <TaskInstance: data_ingestion_green_taxi_data.download_dataset_task scheduled__2020-08-01T00:00:00+00:00 [queued]>
[2022-02-15 15:44:34,861] {taskinstance.py:1032} INFO - Dependencies all met for <TaskInstance: data_ingestion_green_taxi_data.download_dataset_task scheduled__2020-08-01T00:00:00+00:00 [queued]>
[2022-02-15 15:44:34,861] {taskinstance.py:1238} INFO - 
--------------------------------------------------------------------------------
[2022-02-15 15:44:34,861] {taskinstance.py:1239} INFO - Starting attempt 1 of 2
[2022-02-15 15:44:34,862] {taskinstance.py:1240} INFO - 
--------------------------------------------------------------------------------
[2022-02-15 15:44:34,879] {taskinstance.py:1259} INFO - Executing <Task(BashOperator): download_dataset_task> on 2020-08-01 00:00:00+00:00
[2022-02-15 15:44:34,882] {standard_task_runner.py:52} INFO - Started process 1111 to run task
[2022-02-15 15:44:34,894] {standard_task_runner.py:76} INFO - Running: ['***', 'tasks', 'run', 'data_ingestion_green_taxi_data', 'download_dataset_task', 'scheduled__2020-08-01T00:00:00+00:00', '--job-id', '235', '--raw', '--subdir', 'DAGS_FOLDER/ingest_green_taxi_data.py', '--cfg-path', '/tmp/tmpdaopl0xh', '--error-file', '/tmp/tmpayofgoe7']
[2022-02-15 15:44:34,894] {standard_task_runner.py:77} INFO - Job 235: Subtask download_dataset_task
[2022-02-15 15:44:34,985] {logging_mixin.py:109} INFO - Running <TaskInstance: data_ingestion_green_taxi_data.download_dataset_task scheduled__2020-08-01T00:00:00+00:00 [running]> on host 883ba1f1f430
[2022-02-15 15:44:35,068] {logging_mixin.py:109} WARNING - /home/***/.local/lib/python3.7/site-packages/***/utils/context.py:152 AirflowContextDeprecationWarning: Accessing 'execution_date' from the template is deprecated and will be removed in a future version. Please use 'data_interval_start' or 'logical_date' instead.
[2022-02-15 15:44:35,106] {taskinstance.py:1426} INFO - Exporting the following env vars:
AIRFLOW_CTX_DAG_OWNER=***
AIRFLOW_CTX_DAG_ID=data_ingestion_green_taxi_data
AIRFLOW_CTX_TASK_ID=download_dataset_task
AIRFLOW_CTX_EXECUTION_DATE=2020-08-01T00:00:00+00:00
AIRFLOW_CTX_DAG_RUN_ID=scheduled__2020-08-01T00:00:00+00:00
[2022-02-15 15:44:35,110] {subprocess.py:62} INFO - Tmp dir root location: 
 /tmp
[2022-02-15 15:44:35,110] {subprocess.py:74} INFO - Running command: ['bash', '-c', 'curl -sSLf https://s3.amazonaws.com/nyc-tlc/trip+data/green_tripdata_2020-08.csv > /opt/***/green_tripdata_2020-08.csv']
[2022-02-15 15:44:35,128] {subprocess.py:85} INFO - Output:
[2022-02-15 15:44:39,247] {subprocess.py:93} INFO - Command exited with return code 0
[2022-02-15 15:44:39,278] {taskinstance.py:1277} INFO - Marking task as SUCCESS. dag_id=data_ingestion_green_taxi_data, task_id=download_dataset_task, execution_date=20200801T000000, start_date=20220215T154434, end_date=20220215T154439
[2022-02-15 15:44:39,337] {local_task_job.py:154} INFO - Task exited with return code 0
[2022-02-15 15:44:39,412] {local_task_job.py:264} INFO - 1 downstream tasks scheduled from follow-on schedule check
