[2022-02-02 13:04:44,067] {taskinstance.py:1032} INFO - Dependencies all met for <TaskInstance: data_ingestion_yellow_taxi_data.local_to_gcs_task scheduled__2020-11-01T00:00:00+00:00 [queued]>
[2022-02-02 13:04:44,078] {taskinstance.py:1032} INFO - Dependencies all met for <TaskInstance: data_ingestion_yellow_taxi_data.local_to_gcs_task scheduled__2020-11-01T00:00:00+00:00 [queued]>
[2022-02-02 13:04:44,079] {taskinstance.py:1238} INFO - 
--------------------------------------------------------------------------------
[2022-02-02 13:04:44,079] {taskinstance.py:1239} INFO - Starting attempt 1 of 2
[2022-02-02 13:04:44,079] {taskinstance.py:1240} INFO - 
--------------------------------------------------------------------------------
[2022-02-02 13:04:44,102] {taskinstance.py:1259} INFO - Executing <Task(PythonOperator): local_to_gcs_task> on 2020-11-01 00:00:00+00:00
[2022-02-02 13:04:44,106] {standard_task_runner.py:52} INFO - Started process 1848 to run task
[2022-02-02 13:04:44,113] {standard_task_runner.py:76} INFO - Running: ['***', 'tasks', 'run', 'data_ingestion_yellow_taxi_data', 'local_to_gcs_task', 'scheduled__2020-11-01T00:00:00+00:00', '--job-id', '101', '--raw', '--subdir', 'DAGS_FOLDER/ingest_yellow_taxi_data.py', '--cfg-path', '/tmp/tmpgkf2f5wl', '--error-file', '/tmp/tmpb8bkq8_8']
[2022-02-02 13:04:44,114] {standard_task_runner.py:77} INFO - Job 101: Subtask local_to_gcs_task
[2022-02-02 13:04:44,204] {logging_mixin.py:109} INFO - Running <TaskInstance: data_ingestion_yellow_taxi_data.local_to_gcs_task scheduled__2020-11-01T00:00:00+00:00 [running]> on host 883ba1f1f430
[2022-02-02 13:04:44,259] {logging_mixin.py:109} WARNING - /home/***/.local/lib/python3.7/site-packages/***/utils/context.py:152 AirflowContextDeprecationWarning: Accessing 'execution_date' from the template is deprecated and will be removed in a future version. Please use 'data_interval_start' or 'logical_date' instead.
[2022-02-02 13:04:44,287] {taskinstance.py:1426} INFO - Exporting the following env vars:
AIRFLOW_CTX_DAG_OWNER=***
AIRFLOW_CTX_DAG_ID=data_ingestion_yellow_taxi_data
AIRFLOW_CTX_TASK_ID=local_to_gcs_task
AIRFLOW_CTX_EXECUTION_DATE=2020-11-01T00:00:00+00:00
AIRFLOW_CTX_DAG_RUN_ID=scheduled__2020-11-01T00:00:00+00:00
[2022-02-02 13:04:50,334] {python.py:175} INFO - Done. Returned value was: None
[2022-02-02 13:04:50,345] {taskinstance.py:1277} INFO - Marking task as SUCCESS. dag_id=data_ingestion_yellow_taxi_data, task_id=local_to_gcs_task, execution_date=20201101T000000, start_date=20220202T130444, end_date=20220202T130450
[2022-02-02 13:04:50,399] {local_task_job.py:154} INFO - Task exited with return code 0
[2022-02-02 13:04:50,469] {local_task_job.py:264} INFO - 1 downstream tasks scheduled from follow-on schedule check
