[2022-02-02 13:43:11,655] {taskinstance.py:1032} INFO - Dependencies all met for <TaskInstance: data_ingestion_for_hire_vehicles.download_dataset_task scheduled__2019-03-01T00:00:00+00:00 [queued]>
[2022-02-02 13:43:11,663] {taskinstance.py:1032} INFO - Dependencies all met for <TaskInstance: data_ingestion_for_hire_vehicles.download_dataset_task scheduled__2019-03-01T00:00:00+00:00 [queued]>
[2022-02-02 13:43:11,663] {taskinstance.py:1238} INFO - 
--------------------------------------------------------------------------------
[2022-02-02 13:43:11,663] {taskinstance.py:1239} INFO - Starting attempt 1 of 2
[2022-02-02 13:43:11,663] {taskinstance.py:1240} INFO - 
--------------------------------------------------------------------------------
[2022-02-02 13:43:11,684] {taskinstance.py:1259} INFO - Executing <Task(BashOperator): download_dataset_task> on 2019-03-01 00:00:00+00:00
[2022-02-02 13:43:11,689] {standard_task_runner.py:52} INFO - Started process 3139 to run task
[2022-02-02 13:43:11,695] {standard_task_runner.py:76} INFO - Running: ['***', 'tasks', 'run', 'data_ingestion_for_hire_vehicles', 'download_dataset_task', 'scheduled__2019-03-01T00:00:00+00:00', '--job-id', '114', '--raw', '--subdir', 'DAGS_FOLDER/ingest_for_hire_vehicles_data.py', '--cfg-path', '/tmp/tmprm12nlxg', '--error-file', '/tmp/tmpovyuly5m']
[2022-02-02 13:43:11,695] {standard_task_runner.py:77} INFO - Job 114: Subtask download_dataset_task
[2022-02-02 13:43:11,747] {logging_mixin.py:109} INFO - Running <TaskInstance: data_ingestion_for_hire_vehicles.download_dataset_task scheduled__2019-03-01T00:00:00+00:00 [running]> on host 883ba1f1f430
[2022-02-02 13:43:11,792] {logging_mixin.py:109} WARNING - /home/***/.local/lib/python3.7/site-packages/***/utils/context.py:152 AirflowContextDeprecationWarning: Accessing 'execution_date' from the template is deprecated and will be removed in a future version. Please use 'data_interval_start' or 'logical_date' instead.
[2022-02-02 13:43:11,810] {taskinstance.py:1426} INFO - Exporting the following env vars:
AIRFLOW_CTX_DAG_OWNER=***
AIRFLOW_CTX_DAG_ID=data_ingestion_for_hire_vehicles
AIRFLOW_CTX_TASK_ID=download_dataset_task
AIRFLOW_CTX_EXECUTION_DATE=2019-03-01T00:00:00+00:00
AIRFLOW_CTX_DAG_RUN_ID=scheduled__2019-03-01T00:00:00+00:00
[2022-02-02 13:43:11,810] {subprocess.py:62} INFO - Tmp dir root location: 
 /tmp
[2022-02-02 13:43:11,811] {subprocess.py:74} INFO - Running command: ['bash', '-c', 'curl -sSLf https://nyc-tlc.s3.amazonaws.com/trip+data/fhv_tripdata_2019-03.csv > /opt/***/fhv_tripdata_2019-03.csv']
[2022-02-02 13:43:11,817] {subprocess.py:85} INFO - Output:
[2022-02-02 13:43:49,502] {subprocess.py:93} INFO - Command exited with return code 0
[2022-02-02 13:43:49,535] {taskinstance.py:1277} INFO - Marking task as SUCCESS. dag_id=data_ingestion_for_hire_vehicles, task_id=download_dataset_task, execution_date=20190301T000000, start_date=20220202T134311, end_date=20220202T134349
[2022-02-02 13:43:49,577] {local_task_job.py:154} INFO - Task exited with return code 0
[2022-02-02 13:43:49,608] {local_task_job.py:264} INFO - 1 downstream tasks scheduled from follow-on schedule check
