[2022-02-15 15:44:21,967] {taskinstance.py:1032} INFO - Dependencies all met for <TaskInstance: data_ingestion_green_taxi_data.remove_temp_files scheduled__2020-06-01T00:00:00+00:00 [queued]>
[2022-02-15 15:44:21,985] {taskinstance.py:1032} INFO - Dependencies all met for <TaskInstance: data_ingestion_green_taxi_data.remove_temp_files scheduled__2020-06-01T00:00:00+00:00 [queued]>
[2022-02-15 15:44:21,986] {taskinstance.py:1238} INFO - 
--------------------------------------------------------------------------------
[2022-02-15 15:44:21,986] {taskinstance.py:1239} INFO - Starting attempt 1 of 2
[2022-02-15 15:44:21,986] {taskinstance.py:1240} INFO - 
--------------------------------------------------------------------------------
[2022-02-15 15:44:22,016] {taskinstance.py:1259} INFO - Executing <Task(BashOperator): remove_temp_files> on 2020-06-01 00:00:00+00:00
[2022-02-15 15:44:22,024] {standard_task_runner.py:52} INFO - Started process 1080 to run task
[2022-02-15 15:44:22,029] {standard_task_runner.py:76} INFO - Running: ['***', 'tasks', 'run', 'data_ingestion_green_taxi_data', 'remove_temp_files', 'scheduled__2020-06-01T00:00:00+00:00', '--job-id', '234', '--raw', '--subdir', 'DAGS_FOLDER/ingest_green_taxi_data.py', '--cfg-path', '/tmp/tmpicc0o99r', '--error-file', '/tmp/tmp54uj7vwh']
[2022-02-15 15:44:22,032] {standard_task_runner.py:77} INFO - Job 234: Subtask remove_temp_files
[2022-02-15 15:44:22,216] {logging_mixin.py:109} INFO - Running <TaskInstance: data_ingestion_green_taxi_data.remove_temp_files scheduled__2020-06-01T00:00:00+00:00 [running]> on host 883ba1f1f430
[2022-02-15 15:44:22,297] {logging_mixin.py:109} WARNING - /home/***/.local/lib/python3.7/site-packages/***/utils/context.py:152 AirflowContextDeprecationWarning: Accessing 'execution_date' from the template is deprecated and will be removed in a future version. Please use 'data_interval_start' or 'logical_date' instead.
[2022-02-15 15:44:22,341] {taskinstance.py:1426} INFO - Exporting the following env vars:
AIRFLOW_CTX_DAG_OWNER=***
AIRFLOW_CTX_DAG_ID=data_ingestion_green_taxi_data
AIRFLOW_CTX_TASK_ID=remove_temp_files
AIRFLOW_CTX_EXECUTION_DATE=2020-06-01T00:00:00+00:00
AIRFLOW_CTX_DAG_RUN_ID=scheduled__2020-06-01T00:00:00+00:00
[2022-02-15 15:44:22,343] {subprocess.py:62} INFO - Tmp dir root location: 
 /tmp
[2022-02-15 15:44:22,344] {subprocess.py:74} INFO - Running command: ['bash', '-c', 'rm /opt/***/green_tripdata_2020-06.csv /opt/***/green_tripdata_2020-06.parquet']
[2022-02-15 15:44:22,359] {subprocess.py:85} INFO - Output:
[2022-02-15 15:44:22,371] {subprocess.py:93} INFO - Command exited with return code 0
[2022-02-15 15:44:22,405] {taskinstance.py:1277} INFO - Marking task as SUCCESS. dag_id=data_ingestion_green_taxi_data, task_id=remove_temp_files, execution_date=20200601T000000, start_date=20220215T154421, end_date=20220215T154422
[2022-02-15 15:44:22,449] {local_task_job.py:154} INFO - Task exited with return code 0
[2022-02-15 15:44:22,506] {local_task_job.py:264} INFO - 0 downstream tasks scheduled from follow-on schedule check
