[2022-02-02 13:53:33,647] {taskinstance.py:1032} INFO - Dependencies all met for <TaskInstance: data_ingestion_for_hire_vehicles.local_to_gcs_task scheduled__2019-12-01T00:00:00+00:00 [queued]>
[2022-02-02 13:53:33,656] {taskinstance.py:1032} INFO - Dependencies all met for <TaskInstance: data_ingestion_for_hire_vehicles.local_to_gcs_task scheduled__2019-12-01T00:00:00+00:00 [queued]>
[2022-02-02 13:53:33,656] {taskinstance.py:1238} INFO - 
--------------------------------------------------------------------------------
[2022-02-02 13:53:33,656] {taskinstance.py:1239} INFO - Starting attempt 1 of 2
[2022-02-02 13:53:33,656] {taskinstance.py:1240} INFO - 
--------------------------------------------------------------------------------
[2022-02-02 13:53:33,667] {taskinstance.py:1259} INFO - Executing <Task(PythonOperator): local_to_gcs_task> on 2019-12-01 00:00:00+00:00
[2022-02-02 13:53:33,670] {standard_task_runner.py:52} INFO - Started process 3672 to run task
[2022-02-02 13:53:33,675] {standard_task_runner.py:76} INFO - Running: ['***', 'tasks', 'run', 'data_ingestion_for_hire_vehicles', 'local_to_gcs_task', 'scheduled__2019-12-01T00:00:00+00:00', '--job-id', '152', '--raw', '--subdir', 'DAGS_FOLDER/ingest_for_hire_vehicles_data.py', '--cfg-path', '/tmp/tmp2xgp0_44', '--error-file', '/tmp/tmp40b2s_hb']
[2022-02-02 13:53:33,676] {standard_task_runner.py:77} INFO - Job 152: Subtask local_to_gcs_task
[2022-02-02 13:53:33,723] {logging_mixin.py:109} INFO - Running <TaskInstance: data_ingestion_for_hire_vehicles.local_to_gcs_task scheduled__2019-12-01T00:00:00+00:00 [running]> on host 883ba1f1f430
[2022-02-02 13:53:33,773] {logging_mixin.py:109} WARNING - /home/***/.local/lib/python3.7/site-packages/***/utils/context.py:152 AirflowContextDeprecationWarning: Accessing 'execution_date' from the template is deprecated and will be removed in a future version. Please use 'data_interval_start' or 'logical_date' instead.
[2022-02-02 13:53:33,796] {taskinstance.py:1426} INFO - Exporting the following env vars:
AIRFLOW_CTX_DAG_OWNER=***
AIRFLOW_CTX_DAG_ID=data_ingestion_for_hire_vehicles
AIRFLOW_CTX_TASK_ID=local_to_gcs_task
AIRFLOW_CTX_EXECUTION_DATE=2019-12-01T00:00:00+00:00
AIRFLOW_CTX_DAG_RUN_ID=scheduled__2019-12-01T00:00:00+00:00
[2022-02-02 13:53:38,491] {python.py:175} INFO - Done. Returned value was: None
[2022-02-02 13:53:38,504] {taskinstance.py:1277} INFO - Marking task as SUCCESS. dag_id=data_ingestion_for_hire_vehicles, task_id=local_to_gcs_task, execution_date=20191201T000000, start_date=20220202T135333, end_date=20220202T135338
[2022-02-02 13:53:38,532] {local_task_job.py:154} INFO - Task exited with return code 0
[2022-02-02 13:53:38,571] {local_task_job.py:264} INFO - 1 downstream tasks scheduled from follow-on schedule check
