[2022-02-15 15:41:41,296] {taskinstance.py:1032} INFO - Dependencies all met for <TaskInstance: data_ingestion_green_taxi_data.local_to_gcs_task scheduled__2019-07-01T00:00:00+00:00 [queued]>
[2022-02-15 15:41:41,314] {taskinstance.py:1032} INFO - Dependencies all met for <TaskInstance: data_ingestion_green_taxi_data.local_to_gcs_task scheduled__2019-07-01T00:00:00+00:00 [queued]>
[2022-02-15 15:41:41,315] {taskinstance.py:1238} INFO - 
--------------------------------------------------------------------------------
[2022-02-15 15:41:41,316] {taskinstance.py:1239} INFO - Starting attempt 1 of 2
[2022-02-15 15:41:41,316] {taskinstance.py:1240} INFO - 
--------------------------------------------------------------------------------
[2022-02-15 15:41:41,363] {taskinstance.py:1259} INFO - Executing <Task(PythonOperator): local_to_gcs_task> on 2019-07-01 00:00:00+00:00
[2022-02-15 15:41:41,381] {standard_task_runner.py:52} INFO - Started process 718 to run task
[2022-02-15 15:41:41,417] {standard_task_runner.py:76} INFO - Running: ['***', 'tasks', 'run', 'data_ingestion_green_taxi_data', 'local_to_gcs_task', 'scheduled__2019-07-01T00:00:00+00:00', '--job-id', '186', '--raw', '--subdir', 'DAGS_FOLDER/ingest_green_taxi_data.py', '--cfg-path', '/tmp/tmphnk0gdhk', '--error-file', '/tmp/tmp8qebf8xr']
[2022-02-15 15:41:41,432] {standard_task_runner.py:77} INFO - Job 186: Subtask local_to_gcs_task
[2022-02-15 15:41:41,528] {logging_mixin.py:109} INFO - Running <TaskInstance: data_ingestion_green_taxi_data.local_to_gcs_task scheduled__2019-07-01T00:00:00+00:00 [running]> on host 883ba1f1f430
[2022-02-15 15:41:41,577] {logging_mixin.py:109} WARNING - /home/***/.local/lib/python3.7/site-packages/***/utils/context.py:152 AirflowContextDeprecationWarning: Accessing 'execution_date' from the template is deprecated and will be removed in a future version. Please use 'data_interval_start' or 'logical_date' instead.
[2022-02-15 15:41:41,607] {taskinstance.py:1426} INFO - Exporting the following env vars:
AIRFLOW_CTX_DAG_OWNER=***
AIRFLOW_CTX_DAG_ID=data_ingestion_green_taxi_data
AIRFLOW_CTX_TASK_ID=local_to_gcs_task
AIRFLOW_CTX_EXECUTION_DATE=2019-07-01T00:00:00+00:00
AIRFLOW_CTX_DAG_RUN_ID=scheduled__2019-07-01T00:00:00+00:00
[2022-02-15 15:41:43,713] {python.py:175} INFO - Done. Returned value was: None
[2022-02-15 15:41:43,725] {taskinstance.py:1277} INFO - Marking task as SUCCESS. dag_id=data_ingestion_green_taxi_data, task_id=local_to_gcs_task, execution_date=20190701T000000, start_date=20220215T154141, end_date=20220215T154143
[2022-02-15 15:41:43,788] {local_task_job.py:154} INFO - Task exited with return code 0
[2022-02-15 15:41:43,849] {local_task_job.py:264} INFO - 1 downstream tasks scheduled from follow-on schedule check
