[2022-02-02 14:08:23,968] {taskinstance.py:1032} INFO - Dependencies all met for <TaskInstance: data_ingestion_for_taxi_zone.local_to_gcs_task scheduled__2022-01-01T00:00:00+00:00 [queued]>
[2022-02-02 14:08:23,976] {taskinstance.py:1032} INFO - Dependencies all met for <TaskInstance: data_ingestion_for_taxi_zone.local_to_gcs_task scheduled__2022-01-01T00:00:00+00:00 [queued]>
[2022-02-02 14:08:23,976] {taskinstance.py:1238} INFO - 
--------------------------------------------------------------------------------
[2022-02-02 14:08:23,976] {taskinstance.py:1239} INFO - Starting attempt 1 of 2
[2022-02-02 14:08:23,976] {taskinstance.py:1240} INFO - 
--------------------------------------------------------------------------------
[2022-02-02 14:08:23,994] {taskinstance.py:1259} INFO - Executing <Task(PythonOperator): local_to_gcs_task> on 2022-01-01 00:00:00+00:00
[2022-02-02 14:08:23,997] {standard_task_runner.py:52} INFO - Started process 4242 to run task
[2022-02-02 14:08:24,002] {standard_task_runner.py:76} INFO - Running: ['***', 'tasks', 'run', 'data_ingestion_for_taxi_zone', 'local_to_gcs_task', 'scheduled__2022-01-01T00:00:00+00:00', '--job-id', '156', '--raw', '--subdir', 'DAGS_FOLDER/ingest_taxi_zone_data.py', '--cfg-path', '/tmp/tmp_7i6n2ao', '--error-file', '/tmp/tmp_ge7i0s8']
[2022-02-02 14:08:24,003] {standard_task_runner.py:77} INFO - Job 156: Subtask local_to_gcs_task
[2022-02-02 14:08:24,046] {logging_mixin.py:109} INFO - Running <TaskInstance: data_ingestion_for_taxi_zone.local_to_gcs_task scheduled__2022-01-01T00:00:00+00:00 [running]> on host 883ba1f1f430
[2022-02-02 14:08:24,097] {taskinstance.py:1426} INFO - Exporting the following env vars:
AIRFLOW_CTX_DAG_OWNER=***
AIRFLOW_CTX_DAG_ID=data_ingestion_for_taxi_zone
AIRFLOW_CTX_TASK_ID=local_to_gcs_task
AIRFLOW_CTX_EXECUTION_DATE=2022-01-01T00:00:00+00:00
AIRFLOW_CTX_DAG_RUN_ID=scheduled__2022-01-01T00:00:00+00:00
[2022-02-02 14:08:24,601] {python.py:175} INFO - Done. Returned value was: None
[2022-02-02 14:08:24,631] {taskinstance.py:1277} INFO - Marking task as SUCCESS. dag_id=data_ingestion_for_taxi_zone, task_id=local_to_gcs_task, execution_date=20220101T000000, start_date=20220202T140823, end_date=20220202T140824
[2022-02-02 14:08:24,663] {local_task_job.py:154} INFO - Task exited with return code 0
[2022-02-02 14:08:24,698] {local_task_job.py:264} INFO - 1 downstream tasks scheduled from follow-on schedule check
