[2022-02-02 12:40:43,099] {taskinstance.py:1032} INFO - Dependencies all met for <TaskInstance: data_ingestion_yellow_taxi_data.format_to_parquet_task scheduled__2019-06-01T00:00:00+00:00 [queued]>
[2022-02-02 12:40:43,116] {taskinstance.py:1032} INFO - Dependencies all met for <TaskInstance: data_ingestion_yellow_taxi_data.format_to_parquet_task scheduled__2019-06-01T00:00:00+00:00 [queued]>
[2022-02-02 12:40:43,116] {taskinstance.py:1238} INFO - 
--------------------------------------------------------------------------------
[2022-02-02 12:40:43,116] {taskinstance.py:1239} INFO - Starting attempt 1 of 2
[2022-02-02 12:40:43,116] {taskinstance.py:1240} INFO - 
--------------------------------------------------------------------------------
[2022-02-02 12:40:43,161] {taskinstance.py:1259} INFO - Executing <Task(PythonOperator): format_to_parquet_task> on 2019-06-01 00:00:00+00:00
[2022-02-02 12:40:43,172] {standard_task_runner.py:52} INFO - Started process 961 to run task
[2022-02-02 12:40:43,203] {standard_task_runner.py:76} INFO - Running: ['***', 'tasks', 'run', 'data_ingestion_yellow_taxi_data', 'format_to_parquet_task', 'scheduled__2019-06-01T00:00:00+00:00', '--job-id', '30', '--raw', '--subdir', 'DAGS_FOLDER/ingest_yellow_taxi_data.py', '--cfg-path', '/tmp/tmp69q1gl8p', '--error-file', '/tmp/tmpzc0315ei']
[2022-02-02 12:40:43,204] {standard_task_runner.py:77} INFO - Job 30: Subtask format_to_parquet_task
[2022-02-02 12:40:43,366] {logging_mixin.py:109} INFO - Running <TaskInstance: data_ingestion_yellow_taxi_data.format_to_parquet_task scheduled__2019-06-01T00:00:00+00:00 [running]> on host 883ba1f1f430
[2022-02-02 12:40:43,476] {logging_mixin.py:109} WARNING - /home/***/.local/lib/python3.7/site-packages/***/utils/context.py:152 AirflowContextDeprecationWarning: Accessing 'execution_date' from the template is deprecated and will be removed in a future version. Please use 'data_interval_start' or 'logical_date' instead.
[2022-02-02 12:40:43,502] {taskinstance.py:1426} INFO - Exporting the following env vars:
AIRFLOW_CTX_DAG_OWNER=***
AIRFLOW_CTX_DAG_ID=data_ingestion_yellow_taxi_data
AIRFLOW_CTX_TASK_ID=format_to_parquet_task
AIRFLOW_CTX_EXECUTION_DATE=2019-06-01T00:00:00+00:00
AIRFLOW_CTX_DAG_RUN_ID=scheduled__2019-06-01T00:00:00+00:00
[2022-02-02 12:40:55,688] {python.py:175} INFO - Done. Returned value was: None
[2022-02-02 12:40:55,705] {taskinstance.py:1277} INFO - Marking task as SUCCESS. dag_id=data_ingestion_yellow_taxi_data, task_id=format_to_parquet_task, execution_date=20190601T000000, start_date=20220202T124043, end_date=20220202T124055
[2022-02-02 12:40:55,816] {local_task_job.py:154} INFO - Task exited with return code 0
[2022-02-02 12:40:55,897] {local_task_job.py:264} INFO - 0 downstream tasks scheduled from follow-on schedule check
