[2022-02-02 12:45:14,702] {taskinstance.py:1032} INFO - Dependencies all met for <TaskInstance: data_ingestion_yellow_taxi_data.local_to_gcs_task scheduled__2019-07-01T00:00:00+00:00 [queued]>
[2022-02-02 12:45:14,729] {taskinstance.py:1032} INFO - Dependencies all met for <TaskInstance: data_ingestion_yellow_taxi_data.local_to_gcs_task scheduled__2019-07-01T00:00:00+00:00 [queued]>
[2022-02-02 12:45:14,729] {taskinstance.py:1238} INFO - 
--------------------------------------------------------------------------------
[2022-02-02 12:45:14,730] {taskinstance.py:1239} INFO - Starting attempt 1 of 2
[2022-02-02 12:45:14,730] {taskinstance.py:1240} INFO - 
--------------------------------------------------------------------------------
[2022-02-02 12:45:14,775] {taskinstance.py:1259} INFO - Executing <Task(PythonOperator): local_to_gcs_task> on 2019-07-01 00:00:00+00:00
[2022-02-02 12:45:14,783] {standard_task_runner.py:52} INFO - Started process 1122 to run task
[2022-02-02 12:45:14,795] {standard_task_runner.py:76} INFO - Running: ['***', 'tasks', 'run', 'data_ingestion_yellow_taxi_data', 'local_to_gcs_task', 'scheduled__2019-07-01T00:00:00+00:00', '--job-id', '41', '--raw', '--subdir', 'DAGS_FOLDER/ingest_yellow_taxi_data.py', '--cfg-path', '/tmp/tmpjd99_bwa', '--error-file', '/tmp/tmpcj1drwg1']
[2022-02-02 12:45:14,796] {standard_task_runner.py:77} INFO - Job 41: Subtask local_to_gcs_task
[2022-02-02 12:45:15,054] {logging_mixin.py:109} INFO - Running <TaskInstance: data_ingestion_yellow_taxi_data.local_to_gcs_task scheduled__2019-07-01T00:00:00+00:00 [running]> on host 883ba1f1f430
[2022-02-02 12:45:15,200] {logging_mixin.py:109} WARNING - /home/***/.local/lib/python3.7/site-packages/***/utils/context.py:152 AirflowContextDeprecationWarning: Accessing 'execution_date' from the template is deprecated and will be removed in a future version. Please use 'data_interval_start' or 'logical_date' instead.
[2022-02-02 12:45:15,268] {taskinstance.py:1426} INFO - Exporting the following env vars:
AIRFLOW_CTX_DAG_OWNER=***
AIRFLOW_CTX_DAG_ID=data_ingestion_yellow_taxi_data
AIRFLOW_CTX_TASK_ID=local_to_gcs_task
AIRFLOW_CTX_EXECUTION_DATE=2019-07-01T00:00:00+00:00
AIRFLOW_CTX_DAG_RUN_ID=scheduled__2019-07-01T00:00:00+00:00
[2022-02-02 12:45:32,519] {python.py:175} INFO - Done. Returned value was: None
[2022-02-02 12:45:32,530] {taskinstance.py:1277} INFO - Marking task as SUCCESS. dag_id=data_ingestion_yellow_taxi_data, task_id=local_to_gcs_task, execution_date=20190701T000000, start_date=20220202T124514, end_date=20220202T124532
[2022-02-02 12:45:32,597] {local_task_job.py:154} INFO - Task exited with return code 0
[2022-02-02 12:45:32,661] {local_task_job.py:264} INFO - 1 downstream tasks scheduled from follow-on schedule check
