[2022-02-02 13:47:04,153] {taskinstance.py:1032} INFO - Dependencies all met for <TaskInstance: data_ingestion_for_hire_vehicles.format_to_parquet_task scheduled__2019-06-01T00:00:00+00:00 [queued]>
[2022-02-02 13:47:04,165] {taskinstance.py:1032} INFO - Dependencies all met for <TaskInstance: data_ingestion_for_hire_vehicles.format_to_parquet_task scheduled__2019-06-01T00:00:00+00:00 [queued]>
[2022-02-02 13:47:04,165] {taskinstance.py:1238} INFO - 
--------------------------------------------------------------------------------
[2022-02-02 13:47:04,165] {taskinstance.py:1239} INFO - Starting attempt 1 of 2
[2022-02-02 13:47:04,165] {taskinstance.py:1240} INFO - 
--------------------------------------------------------------------------------
[2022-02-02 13:47:04,188] {taskinstance.py:1259} INFO - Executing <Task(PythonOperator): format_to_parquet_task> on 2019-06-01 00:00:00+00:00
[2022-02-02 13:47:04,191] {standard_task_runner.py:52} INFO - Started process 3331 to run task
[2022-02-02 13:47:04,201] {standard_task_runner.py:76} INFO - Running: ['***', 'tasks', 'run', 'data_ingestion_for_hire_vehicles', 'format_to_parquet_task', 'scheduled__2019-06-01T00:00:00+00:00', '--job-id', '127', '--raw', '--subdir', 'DAGS_FOLDER/ingest_for_hire_vehicles_data.py', '--cfg-path', '/tmp/tmp54z4hj7o', '--error-file', '/tmp/tmpi8l0hc4x']
[2022-02-02 13:47:04,202] {standard_task_runner.py:77} INFO - Job 127: Subtask format_to_parquet_task
[2022-02-02 13:47:04,251] {logging_mixin.py:109} INFO - Running <TaskInstance: data_ingestion_for_hire_vehicles.format_to_parquet_task scheduled__2019-06-01T00:00:00+00:00 [running]> on host 883ba1f1f430
[2022-02-02 13:47:04,290] {logging_mixin.py:109} WARNING - /home/***/.local/lib/python3.7/site-packages/***/utils/context.py:152 AirflowContextDeprecationWarning: Accessing 'execution_date' from the template is deprecated and will be removed in a future version. Please use 'data_interval_start' or 'logical_date' instead.
[2022-02-02 13:47:04,308] {taskinstance.py:1426} INFO - Exporting the following env vars:
AIRFLOW_CTX_DAG_OWNER=***
AIRFLOW_CTX_DAG_ID=data_ingestion_for_hire_vehicles
AIRFLOW_CTX_TASK_ID=format_to_parquet_task
AIRFLOW_CTX_EXECUTION_DATE=2019-06-01T00:00:00+00:00
AIRFLOW_CTX_DAG_RUN_ID=scheduled__2019-06-01T00:00:00+00:00
[2022-02-02 13:47:05,180] {python.py:175} INFO - Done. Returned value was: None
[2022-02-02 13:47:05,189] {taskinstance.py:1277} INFO - Marking task as SUCCESS. dag_id=data_ingestion_for_hire_vehicles, task_id=format_to_parquet_task, execution_date=20190601T000000, start_date=20220202T134704, end_date=20220202T134705
[2022-02-02 13:47:05,258] {local_task_job.py:154} INFO - Task exited with return code 0
[2022-02-02 13:47:05,309] {local_task_job.py:264} INFO - 0 downstream tasks scheduled from follow-on schedule check
