[2022-02-02 13:00:26,086] {taskinstance.py:1032} INFO - Dependencies all met for <TaskInstance: data_ingestion_yellow_taxi_data.local_to_gcs_task scheduled__2020-02-01T00:00:00+00:00 [queued]>
[2022-02-02 13:00:26,095] {taskinstance.py:1032} INFO - Dependencies all met for <TaskInstance: data_ingestion_yellow_taxi_data.local_to_gcs_task scheduled__2020-02-01T00:00:00+00:00 [queued]>
[2022-02-02 13:00:26,095] {taskinstance.py:1238} INFO - 
--------------------------------------------------------------------------------
[2022-02-02 13:00:26,095] {taskinstance.py:1239} INFO - Starting attempt 1 of 2
[2022-02-02 13:00:26,095] {taskinstance.py:1240} INFO - 
--------------------------------------------------------------------------------
[2022-02-02 13:00:26,109] {taskinstance.py:1259} INFO - Executing <Task(PythonOperator): local_to_gcs_task> on 2020-02-01 00:00:00+00:00
[2022-02-02 13:00:26,112] {standard_task_runner.py:52} INFO - Started process 1577 to run task
[2022-02-02 13:00:26,117] {standard_task_runner.py:76} INFO - Running: ['***', 'tasks', 'run', 'data_ingestion_yellow_taxi_data', 'local_to_gcs_task', 'scheduled__2020-02-01T00:00:00+00:00', '--job-id', '65', '--raw', '--subdir', 'DAGS_FOLDER/ingest_yellow_taxi_data.py', '--cfg-path', '/tmp/tmpbfnwoepe', '--error-file', '/tmp/tmpweqyrxz8']
[2022-02-02 13:00:26,118] {standard_task_runner.py:77} INFO - Job 65: Subtask local_to_gcs_task
[2022-02-02 13:00:26,165] {logging_mixin.py:109} INFO - Running <TaskInstance: data_ingestion_yellow_taxi_data.local_to_gcs_task scheduled__2020-02-01T00:00:00+00:00 [running]> on host 883ba1f1f430
[2022-02-02 13:00:26,205] {logging_mixin.py:109} WARNING - /home/***/.local/lib/python3.7/site-packages/***/utils/context.py:152 AirflowContextDeprecationWarning: Accessing 'execution_date' from the template is deprecated and will be removed in a future version. Please use 'data_interval_start' or 'logical_date' instead.
[2022-02-02 13:00:26,235] {taskinstance.py:1426} INFO - Exporting the following env vars:
AIRFLOW_CTX_DAG_OWNER=***
AIRFLOW_CTX_DAG_ID=data_ingestion_yellow_taxi_data
AIRFLOW_CTX_TASK_ID=local_to_gcs_task
AIRFLOW_CTX_EXECUTION_DATE=2020-02-01T00:00:00+00:00
AIRFLOW_CTX_DAG_RUN_ID=scheduled__2020-02-01T00:00:00+00:00
[2022-02-02 13:00:42,033] {python.py:175} INFO - Done. Returned value was: None
[2022-02-02 13:00:42,049] {taskinstance.py:1277} INFO - Marking task as SUCCESS. dag_id=data_ingestion_yellow_taxi_data, task_id=local_to_gcs_task, execution_date=20200201T000000, start_date=20220202T130026, end_date=20220202T130042
[2022-02-02 13:00:42,081] {local_task_job.py:154} INFO - Task exited with return code 0
[2022-02-02 13:00:42,111] {local_task_job.py:264} INFO - 1 downstream tasks scheduled from follow-on schedule check
