[2022-02-02 13:50:18,583] {taskinstance.py:1032} INFO - Dependencies all met for <TaskInstance: data_ingestion_for_hire_vehicles.download_dataset_task scheduled__2019-09-01T00:00:00+00:00 [queued]>
[2022-02-02 13:50:18,592] {taskinstance.py:1032} INFO - Dependencies all met for <TaskInstance: data_ingestion_for_hire_vehicles.download_dataset_task scheduled__2019-09-01T00:00:00+00:00 [queued]>
[2022-02-02 13:50:18,592] {taskinstance.py:1238} INFO - 
--------------------------------------------------------------------------------
[2022-02-02 13:50:18,592] {taskinstance.py:1239} INFO - Starting attempt 1 of 2
[2022-02-02 13:50:18,592] {taskinstance.py:1240} INFO - 
--------------------------------------------------------------------------------
[2022-02-02 13:50:18,607] {taskinstance.py:1259} INFO - Executing <Task(BashOperator): download_dataset_task> on 2019-09-01 00:00:00+00:00
[2022-02-02 13:50:18,610] {standard_task_runner.py:52} INFO - Started process 3499 to run task
[2022-02-02 13:50:18,616] {standard_task_runner.py:76} INFO - Running: ['***', 'tasks', 'run', 'data_ingestion_for_hire_vehicles', 'download_dataset_task', 'scheduled__2019-09-01T00:00:00+00:00', '--job-id', '138', '--raw', '--subdir', 'DAGS_FOLDER/ingest_for_hire_vehicles_data.py', '--cfg-path', '/tmp/tmpqhyhwsf3', '--error-file', '/tmp/tmp0lq5zkxr']
[2022-02-02 13:50:18,617] {standard_task_runner.py:77} INFO - Job 138: Subtask download_dataset_task
[2022-02-02 13:50:18,665] {logging_mixin.py:109} INFO - Running <TaskInstance: data_ingestion_for_hire_vehicles.download_dataset_task scheduled__2019-09-01T00:00:00+00:00 [running]> on host 883ba1f1f430
[2022-02-02 13:50:18,709] {logging_mixin.py:109} WARNING - /home/***/.local/lib/python3.7/site-packages/***/utils/context.py:152 AirflowContextDeprecationWarning: Accessing 'execution_date' from the template is deprecated and will be removed in a future version. Please use 'data_interval_start' or 'logical_date' instead.
[2022-02-02 13:50:18,728] {taskinstance.py:1426} INFO - Exporting the following env vars:
AIRFLOW_CTX_DAG_OWNER=***
AIRFLOW_CTX_DAG_ID=data_ingestion_for_hire_vehicles
AIRFLOW_CTX_TASK_ID=download_dataset_task
AIRFLOW_CTX_EXECUTION_DATE=2019-09-01T00:00:00+00:00
AIRFLOW_CTX_DAG_RUN_ID=scheduled__2019-09-01T00:00:00+00:00
[2022-02-02 13:50:18,729] {subprocess.py:62} INFO - Tmp dir root location: 
 /tmp
[2022-02-02 13:50:18,729] {subprocess.py:74} INFO - Running command: ['bash', '-c', 'curl -sSLf https://nyc-tlc.s3.amazonaws.com/trip+data/fhv_tripdata_2019-09.csv > /opt/***/fhv_tripdata_2019-09.csv']
[2022-02-02 13:50:18,736] {subprocess.py:85} INFO - Output:
[2022-02-02 13:50:30,868] {subprocess.py:93} INFO - Command exited with return code 0
[2022-02-02 13:50:30,903] {taskinstance.py:1277} INFO - Marking task as SUCCESS. dag_id=data_ingestion_for_hire_vehicles, task_id=download_dataset_task, execution_date=20190901T000000, start_date=20220202T135018, end_date=20220202T135030
[2022-02-02 13:50:30,946] {local_task_job.py:154} INFO - Task exited with return code 0
[2022-02-02 13:50:30,983] {local_task_job.py:264} INFO - 1 downstream tasks scheduled from follow-on schedule check
