[2022-02-02 12:58:40,199] {taskinstance.py:1032} INFO - Dependencies all met for <TaskInstance: data_ingestion_yellow_taxi_data.local_to_gcs_task scheduled__2020-01-01T00:00:00+00:00 [queued]>
[2022-02-02 12:58:40,210] {taskinstance.py:1032} INFO - Dependencies all met for <TaskInstance: data_ingestion_yellow_taxi_data.local_to_gcs_task scheduled__2020-01-01T00:00:00+00:00 [queued]>
[2022-02-02 12:58:40,210] {taskinstance.py:1238} INFO - 
--------------------------------------------------------------------------------
[2022-02-02 12:58:40,211] {taskinstance.py:1239} INFO - Starting attempt 1 of 2
[2022-02-02 12:58:40,211] {taskinstance.py:1240} INFO - 
--------------------------------------------------------------------------------
[2022-02-02 12:58:40,239] {taskinstance.py:1259} INFO - Executing <Task(PythonOperator): local_to_gcs_task> on 2020-01-01 00:00:00+00:00
[2022-02-02 12:58:40,244] {standard_task_runner.py:52} INFO - Started process 1522 to run task
[2022-02-02 12:58:40,255] {standard_task_runner.py:76} INFO - Running: ['***', 'tasks', 'run', 'data_ingestion_yellow_taxi_data', 'local_to_gcs_task', 'scheduled__2020-01-01T00:00:00+00:00', '--job-id', '61', '--raw', '--subdir', 'DAGS_FOLDER/ingest_yellow_taxi_data.py', '--cfg-path', '/tmp/tmps63fxsp3', '--error-file', '/tmp/tmpyluxkyr2']
[2022-02-02 12:58:40,256] {standard_task_runner.py:77} INFO - Job 61: Subtask local_to_gcs_task
[2022-02-02 12:58:40,342] {logging_mixin.py:109} INFO - Running <TaskInstance: data_ingestion_yellow_taxi_data.local_to_gcs_task scheduled__2020-01-01T00:00:00+00:00 [running]> on host 883ba1f1f430
[2022-02-02 12:58:40,425] {logging_mixin.py:109} WARNING - /home/***/.local/lib/python3.7/site-packages/***/utils/context.py:152 AirflowContextDeprecationWarning: Accessing 'execution_date' from the template is deprecated and will be removed in a future version. Please use 'data_interval_start' or 'logical_date' instead.
[2022-02-02 12:58:40,459] {taskinstance.py:1426} INFO - Exporting the following env vars:
AIRFLOW_CTX_DAG_OWNER=***
AIRFLOW_CTX_DAG_ID=data_ingestion_yellow_taxi_data
AIRFLOW_CTX_TASK_ID=local_to_gcs_task
AIRFLOW_CTX_EXECUTION_DATE=2020-01-01T00:00:00+00:00
AIRFLOW_CTX_DAG_RUN_ID=scheduled__2020-01-01T00:00:00+00:00
[2022-02-02 12:58:57,515] {python.py:175} INFO - Done. Returned value was: None
[2022-02-02 12:58:57,525] {taskinstance.py:1277} INFO - Marking task as SUCCESS. dag_id=data_ingestion_yellow_taxi_data, task_id=local_to_gcs_task, execution_date=20200101T000000, start_date=20220202T125840, end_date=20220202T125857
[2022-02-02 12:58:57,573] {local_task_job.py:154} INFO - Task exited with return code 0
[2022-02-02 12:58:57,605] {local_task_job.py:264} INFO - 1 downstream tasks scheduled from follow-on schedule check
