[2022-02-02 14:08:26,027] {taskinstance.py:1032} INFO - Dependencies all met for <TaskInstance: data_ingestion_for_taxi_zone.remove_temp_files scheduled__2022-01-01T00:00:00+00:00 [queued]>
[2022-02-02 14:08:26,035] {taskinstance.py:1032} INFO - Dependencies all met for <TaskInstance: data_ingestion_for_taxi_zone.remove_temp_files scheduled__2022-01-01T00:00:00+00:00 [queued]>
[2022-02-02 14:08:26,035] {taskinstance.py:1238} INFO - 
--------------------------------------------------------------------------------
[2022-02-02 14:08:26,035] {taskinstance.py:1239} INFO - Starting attempt 1 of 2
[2022-02-02 14:08:26,035] {taskinstance.py:1240} INFO - 
--------------------------------------------------------------------------------
[2022-02-02 14:08:26,048] {taskinstance.py:1259} INFO - Executing <Task(BashOperator): remove_temp_files> on 2022-01-01 00:00:00+00:00
[2022-02-02 14:08:26,053] {standard_task_runner.py:52} INFO - Started process 4245 to run task
[2022-02-02 14:08:26,059] {standard_task_runner.py:76} INFO - Running: ['***', 'tasks', 'run', 'data_ingestion_for_taxi_zone', 'remove_temp_files', 'scheduled__2022-01-01T00:00:00+00:00', '--job-id', '157', '--raw', '--subdir', 'DAGS_FOLDER/ingest_taxi_zone_data.py', '--cfg-path', '/tmp/tmp8ixt4zd5', '--error-file', '/tmp/tmp905m4mae']
[2022-02-02 14:08:26,059] {standard_task_runner.py:77} INFO - Job 157: Subtask remove_temp_files
[2022-02-02 14:08:26,103] {logging_mixin.py:109} INFO - Running <TaskInstance: data_ingestion_for_taxi_zone.remove_temp_files scheduled__2022-01-01T00:00:00+00:00 [running]> on host 883ba1f1f430
[2022-02-02 14:08:26,154] {taskinstance.py:1426} INFO - Exporting the following env vars:
AIRFLOW_CTX_DAG_OWNER=***
AIRFLOW_CTX_DAG_ID=data_ingestion_for_taxi_zone
AIRFLOW_CTX_TASK_ID=remove_temp_files
AIRFLOW_CTX_EXECUTION_DATE=2022-01-01T00:00:00+00:00
AIRFLOW_CTX_DAG_RUN_ID=scheduled__2022-01-01T00:00:00+00:00
[2022-02-02 14:08:26,154] {subprocess.py:62} INFO - Tmp dir root location: 
 /tmp
[2022-02-02 14:08:26,155] {subprocess.py:74} INFO - Running command: ['bash', '-c', 'rm /opt/***/taxi+_zone_lookup.csv /opt/***/taxi+_zone_lookup.parquet']
[2022-02-02 14:08:26,161] {subprocess.py:85} INFO - Output:
[2022-02-02 14:08:26,164] {subprocess.py:93} INFO - Command exited with return code 0
[2022-02-02 14:08:26,185] {taskinstance.py:1277} INFO - Marking task as SUCCESS. dag_id=data_ingestion_for_taxi_zone, task_id=remove_temp_files, execution_date=20220101T000000, start_date=20220202T140826, end_date=20220202T140826
[2022-02-02 14:08:26,235] {local_task_job.py:154} INFO - Task exited with return code 0
[2022-02-02 14:08:26,274] {local_task_job.py:264} INFO - 0 downstream tasks scheduled from follow-on schedule check
