[2022-02-02 13:52:20,818] {taskinstance.py:1032} INFO - Dependencies all met for <TaskInstance: data_ingestion_for_hire_vehicles.remove_temp_files scheduled__2019-11-01T00:00:00+00:00 [queued]>
[2022-02-02 13:52:20,826] {taskinstance.py:1032} INFO - Dependencies all met for <TaskInstance: data_ingestion_for_hire_vehicles.remove_temp_files scheduled__2019-11-01T00:00:00+00:00 [queued]>
[2022-02-02 13:52:20,826] {taskinstance.py:1238} INFO - 
--------------------------------------------------------------------------------
[2022-02-02 13:52:20,826] {taskinstance.py:1239} INFO - Starting attempt 1 of 2
[2022-02-02 13:52:20,826] {taskinstance.py:1240} INFO - 
--------------------------------------------------------------------------------
[2022-02-02 13:52:20,838] {taskinstance.py:1259} INFO - Executing <Task(BashOperator): remove_temp_files> on 2019-11-01 00:00:00+00:00
[2022-02-02 13:52:20,841] {standard_task_runner.py:52} INFO - Started process 3621 to run task
[2022-02-02 13:52:20,847] {standard_task_runner.py:76} INFO - Running: ['***', 'tasks', 'run', 'data_ingestion_for_hire_vehicles', 'remove_temp_files', 'scheduled__2019-11-01T00:00:00+00:00', '--job-id', '149', '--raw', '--subdir', 'DAGS_FOLDER/ingest_for_hire_vehicles_data.py', '--cfg-path', '/tmp/tmp_3m4l51w', '--error-file', '/tmp/tmpi8ciwzh2']
[2022-02-02 13:52:20,848] {standard_task_runner.py:77} INFO - Job 149: Subtask remove_temp_files
[2022-02-02 13:52:20,930] {logging_mixin.py:109} INFO - Running <TaskInstance: data_ingestion_for_hire_vehicles.remove_temp_files scheduled__2019-11-01T00:00:00+00:00 [running]> on host 883ba1f1f430
[2022-02-02 13:52:20,978] {logging_mixin.py:109} WARNING - /home/***/.local/lib/python3.7/site-packages/***/utils/context.py:152 AirflowContextDeprecationWarning: Accessing 'execution_date' from the template is deprecated and will be removed in a future version. Please use 'data_interval_start' or 'logical_date' instead.
[2022-02-02 13:52:21,005] {taskinstance.py:1426} INFO - Exporting the following env vars:
AIRFLOW_CTX_DAG_OWNER=***
AIRFLOW_CTX_DAG_ID=data_ingestion_for_hire_vehicles
AIRFLOW_CTX_TASK_ID=remove_temp_files
AIRFLOW_CTX_EXECUTION_DATE=2019-11-01T00:00:00+00:00
AIRFLOW_CTX_DAG_RUN_ID=scheduled__2019-11-01T00:00:00+00:00
[2022-02-02 13:52:21,006] {subprocess.py:62} INFO - Tmp dir root location: 
 /tmp
[2022-02-02 13:52:21,006] {subprocess.py:74} INFO - Running command: ['bash', '-c', 'rm /opt/***/fhv_tripdata_2019-11.csv /opt/***/fhv_tripdata_2019-11.parquet']
[2022-02-02 13:52:21,027] {subprocess.py:85} INFO - Output:
[2022-02-02 13:52:21,061] {subprocess.py:93} INFO - Command exited with return code 0
[2022-02-02 13:52:21,090] {taskinstance.py:1277} INFO - Marking task as SUCCESS. dag_id=data_ingestion_for_hire_vehicles, task_id=remove_temp_files, execution_date=20191101T000000, start_date=20220202T135220, end_date=20220202T135221
[2022-02-02 13:52:21,145] {local_task_job.py:154} INFO - Task exited with return code 0
[2022-02-02 13:52:21,190] {local_task_job.py:264} INFO - 0 downstream tasks scheduled from follow-on schedule check
