[2022-02-02 13:03:58,373] {taskinstance.py:1032} INFO - Dependencies all met for <TaskInstance: data_ingestion_yellow_taxi_data.format_to_parquet_task scheduled__2020-10-01T00:00:00+00:00 [queued]>
[2022-02-02 13:03:58,381] {taskinstance.py:1032} INFO - Dependencies all met for <TaskInstance: data_ingestion_yellow_taxi_data.format_to_parquet_task scheduled__2020-10-01T00:00:00+00:00 [queued]>
[2022-02-02 13:03:58,381] {taskinstance.py:1238} INFO - 
--------------------------------------------------------------------------------
[2022-02-02 13:03:58,381] {taskinstance.py:1239} INFO - Starting attempt 1 of 2
[2022-02-02 13:03:58,381] {taskinstance.py:1240} INFO - 
--------------------------------------------------------------------------------
[2022-02-02 13:03:58,405] {taskinstance.py:1259} INFO - Executing <Task(PythonOperator): format_to_parquet_task> on 2020-10-01 00:00:00+00:00
[2022-02-02 13:03:58,409] {standard_task_runner.py:52} INFO - Started process 1795 to run task
[2022-02-02 13:03:58,416] {standard_task_runner.py:76} INFO - Running: ['***', 'tasks', 'run', 'data_ingestion_yellow_taxi_data', 'format_to_parquet_task', 'scheduled__2020-10-01T00:00:00+00:00', '--job-id', '95', '--raw', '--subdir', 'DAGS_FOLDER/ingest_yellow_taxi_data.py', '--cfg-path', '/tmp/tmpfln8rkxo', '--error-file', '/tmp/tmpfxq5n31w']
[2022-02-02 13:03:58,416] {standard_task_runner.py:77} INFO - Job 95: Subtask format_to_parquet_task
[2022-02-02 13:03:58,484] {logging_mixin.py:109} INFO - Running <TaskInstance: data_ingestion_yellow_taxi_data.format_to_parquet_task scheduled__2020-10-01T00:00:00+00:00 [running]> on host 883ba1f1f430
[2022-02-02 13:03:58,538] {logging_mixin.py:109} WARNING - /home/***/.local/lib/python3.7/site-packages/***/utils/context.py:152 AirflowContextDeprecationWarning: Accessing 'execution_date' from the template is deprecated and will be removed in a future version. Please use 'data_interval_start' or 'logical_date' instead.
[2022-02-02 13:03:58,561] {taskinstance.py:1426} INFO - Exporting the following env vars:
AIRFLOW_CTX_DAG_OWNER=***
AIRFLOW_CTX_DAG_ID=data_ingestion_yellow_taxi_data
AIRFLOW_CTX_TASK_ID=format_to_parquet_task
AIRFLOW_CTX_EXECUTION_DATE=2020-10-01T00:00:00+00:00
AIRFLOW_CTX_DAG_RUN_ID=scheduled__2020-10-01T00:00:00+00:00
[2022-02-02 13:04:00,854] {python.py:175} INFO - Done. Returned value was: None
[2022-02-02 13:04:00,863] {taskinstance.py:1277} INFO - Marking task as SUCCESS. dag_id=data_ingestion_yellow_taxi_data, task_id=format_to_parquet_task, execution_date=20201001T000000, start_date=20220202T130358, end_date=20220202T130400
[2022-02-02 13:04:00,933] {local_task_job.py:154} INFO - Task exited with return code 0
[2022-02-02 13:04:00,991] {local_task_job.py:264} INFO - 1 downstream tasks scheduled from follow-on schedule check
