[2022-02-02 13:44:42,036] {taskinstance.py:1032} INFO - Dependencies all met for <TaskInstance: data_ingestion_for_hire_vehicles.format_to_parquet_task scheduled__2019-04-01T00:00:00+00:00 [queued]>
[2022-02-02 13:44:42,044] {taskinstance.py:1032} INFO - Dependencies all met for <TaskInstance: data_ingestion_for_hire_vehicles.format_to_parquet_task scheduled__2019-04-01T00:00:00+00:00 [queued]>
[2022-02-02 13:44:42,044] {taskinstance.py:1238} INFO - 
--------------------------------------------------------------------------------
[2022-02-02 13:44:42,044] {taskinstance.py:1239} INFO - Starting attempt 1 of 2
[2022-02-02 13:44:42,044] {taskinstance.py:1240} INFO - 
--------------------------------------------------------------------------------
[2022-02-02 13:44:42,057] {taskinstance.py:1259} INFO - Executing <Task(PythonOperator): format_to_parquet_task> on 2019-04-01 00:00:00+00:00
[2022-02-02 13:44:42,060] {standard_task_runner.py:52} INFO - Started process 3217 to run task
[2022-02-02 13:44:42,066] {standard_task_runner.py:76} INFO - Running: ['***', 'tasks', 'run', 'data_ingestion_for_hire_vehicles', 'format_to_parquet_task', 'scheduled__2019-04-01T00:00:00+00:00', '--job-id', '119', '--raw', '--subdir', 'DAGS_FOLDER/ingest_for_hire_vehicles_data.py', '--cfg-path', '/tmp/tmph1lentbv', '--error-file', '/tmp/tmp40rgh8l9']
[2022-02-02 13:44:42,066] {standard_task_runner.py:77} INFO - Job 119: Subtask format_to_parquet_task
[2022-02-02 13:44:42,113] {logging_mixin.py:109} INFO - Running <TaskInstance: data_ingestion_for_hire_vehicles.format_to_parquet_task scheduled__2019-04-01T00:00:00+00:00 [running]> on host 883ba1f1f430
[2022-02-02 13:44:42,154] {logging_mixin.py:109} WARNING - /home/***/.local/lib/python3.7/site-packages/***/utils/context.py:152 AirflowContextDeprecationWarning: Accessing 'execution_date' from the template is deprecated and will be removed in a future version. Please use 'data_interval_start' or 'logical_date' instead.
[2022-02-02 13:44:42,172] {taskinstance.py:1426} INFO - Exporting the following env vars:
AIRFLOW_CTX_DAG_OWNER=***
AIRFLOW_CTX_DAG_ID=data_ingestion_for_hire_vehicles
AIRFLOW_CTX_TASK_ID=format_to_parquet_task
AIRFLOW_CTX_EXECUTION_DATE=2019-04-01T00:00:00+00:00
AIRFLOW_CTX_DAG_RUN_ID=scheduled__2019-04-01T00:00:00+00:00
[2022-02-02 13:44:43,135] {python.py:175} INFO - Done. Returned value was: None
[2022-02-02 13:44:43,143] {taskinstance.py:1277} INFO - Marking task as SUCCESS. dag_id=data_ingestion_for_hire_vehicles, task_id=format_to_parquet_task, execution_date=20190401T000000, start_date=20220202T134442, end_date=20220202T134443
[2022-02-02 13:44:43,218] {local_task_job.py:154} INFO - Task exited with return code 0
[2022-02-02 13:44:43,288] {local_task_job.py:264} INFO - 0 downstream tasks scheduled from follow-on schedule check
