[2022-02-15 15:39:30,566] {taskinstance.py:1032} INFO - Dependencies all met for <TaskInstance: data_ingestion_green_taxi_data.format_to_parquet_task scheduled__2019-02-01T00:00:00+00:00 [queued]>
[2022-02-15 15:39:30,579] {taskinstance.py:1032} INFO - Dependencies all met for <TaskInstance: data_ingestion_green_taxi_data.format_to_parquet_task scheduled__2019-02-01T00:00:00+00:00 [queued]>
[2022-02-15 15:39:30,579] {taskinstance.py:1238} INFO - 
--------------------------------------------------------------------------------
[2022-02-15 15:39:30,579] {taskinstance.py:1239} INFO - Starting attempt 1 of 2
[2022-02-15 15:39:30,579] {taskinstance.py:1240} INFO - 
--------------------------------------------------------------------------------
[2022-02-15 15:39:30,605] {taskinstance.py:1259} INFO - Executing <Task(PythonOperator): format_to_parquet_task> on 2019-02-01 00:00:00+00:00
[2022-02-15 15:39:30,608] {standard_task_runner.py:52} INFO - Started process 485 to run task
[2022-02-15 15:39:30,616] {standard_task_runner.py:76} INFO - Running: ['***', 'tasks', 'run', 'data_ingestion_green_taxi_data', 'format_to_parquet_task', 'scheduled__2019-02-01T00:00:00+00:00', '--job-id', '161', '--raw', '--subdir', 'DAGS_FOLDER/ingest_green_taxi_data.py', '--cfg-path', '/tmp/tmpf1zpsi8_', '--error-file', '/tmp/tmptfohd5qw']
[2022-02-15 15:39:30,617] {standard_task_runner.py:77} INFO - Job 161: Subtask format_to_parquet_task
[2022-02-15 15:39:30,673] {logging_mixin.py:109} INFO - Running <TaskInstance: data_ingestion_green_taxi_data.format_to_parquet_task scheduled__2019-02-01T00:00:00+00:00 [running]> on host 883ba1f1f430
[2022-02-15 15:39:30,730] {logging_mixin.py:109} WARNING - /home/***/.local/lib/python3.7/site-packages/***/utils/context.py:152 AirflowContextDeprecationWarning: Accessing 'execution_date' from the template is deprecated and will be removed in a future version. Please use 'data_interval_start' or 'logical_date' instead.
[2022-02-15 15:39:30,757] {taskinstance.py:1426} INFO - Exporting the following env vars:
AIRFLOW_CTX_DAG_OWNER=***
AIRFLOW_CTX_DAG_ID=data_ingestion_green_taxi_data
AIRFLOW_CTX_TASK_ID=format_to_parquet_task
AIRFLOW_CTX_EXECUTION_DATE=2019-02-01T00:00:00+00:00
AIRFLOW_CTX_DAG_RUN_ID=scheduled__2019-02-01T00:00:00+00:00
[2022-02-15 15:39:33,582] {python.py:175} INFO - Done. Returned value was: None
[2022-02-15 15:39:33,595] {taskinstance.py:1277} INFO - Marking task as SUCCESS. dag_id=data_ingestion_green_taxi_data, task_id=format_to_parquet_task, execution_date=20190201T000000, start_date=20220215T153930, end_date=20220215T153933
[2022-02-15 15:39:33,680] {local_task_job.py:154} INFO - Task exited with return code 0
[2022-02-15 15:39:33,728] {local_task_job.py:264} INFO - 1 downstream tasks scheduled from follow-on schedule check
