[2022-02-15 15:42:28,080] {taskinstance.py:1032} INFO - Dependencies all met for <TaskInstance: data_ingestion_green_taxi_data.download_dataset_task scheduled__2019-11-01T00:00:00+00:00 [queued]>
[2022-02-15 15:42:28,193] {taskinstance.py:1032} INFO - Dependencies all met for <TaskInstance: data_ingestion_green_taxi_data.download_dataset_task scheduled__2019-11-01T00:00:00+00:00 [queued]>
[2022-02-15 15:42:28,202] {taskinstance.py:1238} INFO - 
--------------------------------------------------------------------------------
[2022-02-15 15:42:28,204] {taskinstance.py:1239} INFO - Starting attempt 1 of 2
[2022-02-15 15:42:28,205] {taskinstance.py:1240} INFO - 
--------------------------------------------------------------------------------
[2022-02-15 15:42:28,311] {taskinstance.py:1259} INFO - Executing <Task(BashOperator): download_dataset_task> on 2019-11-01 00:00:00+00:00
[2022-02-15 15:42:28,323] {standard_task_runner.py:52} INFO - Started process 826 to run task
[2022-02-15 15:42:28,329] {standard_task_runner.py:76} INFO - Running: ['***', 'tasks', 'run', 'data_ingestion_green_taxi_data', 'download_dataset_task', 'scheduled__2019-11-01T00:00:00+00:00', '--job-id', '199', '--raw', '--subdir', 'DAGS_FOLDER/ingest_green_taxi_data.py', '--cfg-path', '/tmp/tmpqebs8l1o', '--error-file', '/tmp/tmpg4p_tw6f']
[2022-02-15 15:42:28,349] {standard_task_runner.py:77} INFO - Job 199: Subtask download_dataset_task
[2022-02-15 15:42:28,453] {logging_mixin.py:109} INFO - Running <TaskInstance: data_ingestion_green_taxi_data.download_dataset_task scheduled__2019-11-01T00:00:00+00:00 [running]> on host 883ba1f1f430
[2022-02-15 15:42:28,637] {logging_mixin.py:109} WARNING - /home/***/.local/lib/python3.7/site-packages/***/utils/context.py:152 AirflowContextDeprecationWarning: Accessing 'execution_date' from the template is deprecated and will be removed in a future version. Please use 'data_interval_start' or 'logical_date' instead.
[2022-02-15 15:42:28,750] {taskinstance.py:1426} INFO - Exporting the following env vars:
AIRFLOW_CTX_DAG_OWNER=***
AIRFLOW_CTX_DAG_ID=data_ingestion_green_taxi_data
AIRFLOW_CTX_TASK_ID=download_dataset_task
AIRFLOW_CTX_EXECUTION_DATE=2019-11-01T00:00:00+00:00
AIRFLOW_CTX_DAG_RUN_ID=scheduled__2019-11-01T00:00:00+00:00
[2022-02-15 15:42:28,750] {subprocess.py:62} INFO - Tmp dir root location: 
 /tmp
[2022-02-15 15:42:28,751] {subprocess.py:74} INFO - Running command: ['bash', '-c', 'curl -sSLf https://s3.amazonaws.com/nyc-tlc/trip+data/green_tripdata_2019-11.csv > /opt/***/green_tripdata_2019-11.csv']
[2022-02-15 15:42:28,774] {subprocess.py:85} INFO - Output:
[2022-02-15 15:42:40,330] {subprocess.py:93} INFO - Command exited with return code 0
[2022-02-15 15:42:40,368] {taskinstance.py:1277} INFO - Marking task as SUCCESS. dag_id=data_ingestion_green_taxi_data, task_id=download_dataset_task, execution_date=20191101T000000, start_date=20220215T154228, end_date=20220215T154240
[2022-02-15 15:42:40,425] {local_task_job.py:154} INFO - Task exited with return code 0
[2022-02-15 15:42:40,487] {local_task_job.py:264} INFO - 1 downstream tasks scheduled from follow-on schedule check
