[2022-02-02 13:42:43,883] {taskinstance.py:1032} INFO - Dependencies all met for <TaskInstance: data_ingestion_for_hire_vehicles.format_to_parquet_task scheduled__2019-02-01T00:00:00+00:00 [queued]>
[2022-02-02 13:42:43,896] {taskinstance.py:1032} INFO - Dependencies all met for <TaskInstance: data_ingestion_for_hire_vehicles.format_to_parquet_task scheduled__2019-02-01T00:00:00+00:00 [queued]>
[2022-02-02 13:42:43,896] {taskinstance.py:1238} INFO - 
--------------------------------------------------------------------------------
[2022-02-02 13:42:43,896] {taskinstance.py:1239} INFO - Starting attempt 1 of 2
[2022-02-02 13:42:43,896] {taskinstance.py:1240} INFO - 
--------------------------------------------------------------------------------
[2022-02-02 13:42:43,916] {taskinstance.py:1259} INFO - Executing <Task(PythonOperator): format_to_parquet_task> on 2019-02-01 00:00:00+00:00
[2022-02-02 13:42:43,922] {standard_task_runner.py:52} INFO - Started process 3115 to run task
[2022-02-02 13:42:43,932] {standard_task_runner.py:76} INFO - Running: ['***', 'tasks', 'run', 'data_ingestion_for_hire_vehicles', 'format_to_parquet_task', 'scheduled__2019-02-01T00:00:00+00:00', '--job-id', '111', '--raw', '--subdir', 'DAGS_FOLDER/ingest_for_hire_vehicles_data.py', '--cfg-path', '/tmp/tmpxmxzqqiw', '--error-file', '/tmp/tmpxhkerr16']
[2022-02-02 13:42:43,932] {standard_task_runner.py:77} INFO - Job 111: Subtask format_to_parquet_task
[2022-02-02 13:42:43,999] {logging_mixin.py:109} INFO - Running <TaskInstance: data_ingestion_for_hire_vehicles.format_to_parquet_task scheduled__2019-02-01T00:00:00+00:00 [running]> on host 883ba1f1f430
[2022-02-02 13:42:44,094] {logging_mixin.py:109} WARNING - /home/***/.local/lib/python3.7/site-packages/***/utils/context.py:152 AirflowContextDeprecationWarning: Accessing 'execution_date' from the template is deprecated and will be removed in a future version. Please use 'data_interval_start' or 'logical_date' instead.
[2022-02-02 13:42:44,118] {taskinstance.py:1426} INFO - Exporting the following env vars:
AIRFLOW_CTX_DAG_OWNER=***
AIRFLOW_CTX_DAG_ID=data_ingestion_for_hire_vehicles
AIRFLOW_CTX_TASK_ID=format_to_parquet_task
AIRFLOW_CTX_EXECUTION_DATE=2019-02-01T00:00:00+00:00
AIRFLOW_CTX_DAG_RUN_ID=scheduled__2019-02-01T00:00:00+00:00
[2022-02-02 13:42:45,360] {python.py:175} INFO - Done. Returned value was: None
[2022-02-02 13:42:45,368] {taskinstance.py:1277} INFO - Marking task as SUCCESS. dag_id=data_ingestion_for_hire_vehicles, task_id=format_to_parquet_task, execution_date=20190201T000000, start_date=20220202T134243, end_date=20220202T134245
[2022-02-02 13:42:45,422] {local_task_job.py:154} INFO - Task exited with return code 0
[2022-02-02 13:42:45,528] {local_task_job.py:264} INFO - 1 downstream tasks scheduled from follow-on schedule check
